INFO [05-23|15:31:05.611] Starting Geth in ephemeral dev mode... 
INFO [05-23|15:31:05.614] Maximum peer count                       ETH=50 LES=0 total=50
INFO [05-23|15:31:05.614] Smartcard socket not found, disabling    err="stat /run/pcscd/pcscd.comm: no such file or directory"
INFO [05-23|15:31:05.615] Set global gas cap                       cap=25,000,000
INFO [05-23|15:31:08.845] Using developer account                  address=0x0e6c9F660F146E31b97144c8714acb0C5D5bed72
INFO [05-23|15:31:08.845] Allocated trie memory caches             clean=154.00MiB dirty=256.00MiB
INFO [05-23|15:31:08.845] Writing custom genesis block 
INFO [05-23|15:31:08.852] Persisted trie from memory database      nodes=12 size=1.82KiB time="51.252µs" gcnodes=0 gcsize=0.00B gctime=0s livenodes=1 livesize=0.00B
INFO [05-23|15:31:08.852] Initialised chain configuration          config="{ChainID: 1337 Homestead: 0 DAO: <nil> DAOSupport: false EIP150: 0 EIP155: 0 EIP158: 0 Byzantium: 0 Constantinople: 0 Petersburg: 0 Istanbul: 0, Muir Glacier: 0, Berlin: 0, YOLO v3: <nil>, Engine: clique}"
INFO [05-23|15:31:08.852] Initialising Ethereum protocol           network=1337 dbversion=<nil>
INFO [05-23|15:31:08.853] Loaded most recent local header          number=0 hash=65313f..4559ac td=1 age=52y1mo2w
INFO [05-23|15:31:08.853] Loaded most recent local full block      number=0 hash=65313f..4559ac td=1 age=52y1mo2w
INFO [05-23|15:31:08.853] Loaded most recent local fast block      number=0 hash=65313f..4559ac td=1 age=52y1mo2w
WARN [05-23|15:31:08.853] Failed to load snapshot, regenerating    err="missing or corrupted snapshot"
INFO [05-23|15:31:08.853] Rebuilding state snapshot 
INFO [05-23|15:31:08.853] Resuming state snapshot generation       root=868756..fe3ebb accounts=0 slots=0 storage=0.00B elapsed="355.726µs"
INFO [05-23|15:31:08.854] Generated state snapshot                 accounts=10 slots=0 storage=412.00B elapsed=1.057ms
INFO [05-23|15:31:08.945] Allocated fast sync bloom                size=512.00MiB
WARN [05-23|15:31:08.945] Error reading unclean shutdown markers   error="not found"
INFO [05-23|15:31:08.945] Starting peer-to-peer node               instance=Geth/v1.10.3-stable-991384a7/linux-amd64/go1.16.3
WARN [05-23|15:31:08.945] P2P server will be useless, neither dialing nor listening 
INFO [05-23|15:31:08.946] Initialized state bloom                  items=12 errorrate=0.000 elapsed="141.295µs"
INFO [05-23|15:31:08.946] Stored checkpoint snapshot to disk       number=0 hash=65313f..4559ac
INFO [05-23|15:31:08.948] New local node record                    seq=1 id=5e20c04517610af8 ip=127.0.0.1 udp=0 tcp=0
INFO [05-23|15:31:08.948] Started P2P networking                   self=enode://9e5973390271389ff5ab793b5fd61d587b69e5d1c4566156fc7ccbaf242fccc6afca4a26db2f39772413d25b176062f9b1b1419e4181edb6467ada06e0b160d5@127.0.0.1:0
INFO [05-23|15:31:08.949] IPC endpoint opened                      url=/tmp/geth.ipc
INFO [05-23|15:31:08.949] HTTP server started                      endpoint=127.0.0.1:8545 prefix= cors= vhosts=localhost
INFO [05-23|15:31:08.949] Transaction pool price threshold updated price=1,000,000,000
INFO [05-23|15:31:08.949] Transaction pool price threshold updated price=1
INFO [05-23|15:31:08.949] Etherbase automatically configured       address=0x0e6c9F660F146E31b97144c8714acb0C5D5bed72
WARN [05-23|15:31:08.949] Failed to get free disk space            path= err="failed to call Statfs: no such file or directory"
INFO [05-23|15:31:08.949] Commit new mining work                   number=1 sealhash=9d9a56..794287 uncles=0 txs=0 gas=0 fees=0 elapsed="119.772µs"
INFO [05-23|15:31:08.949] Sealing paused, waiting for transactions 
INFO [05-23|15:31:16.851] Your new key was generated               address=0x65BD395E5D1f30780Fd8bD251E0f536295c61eb2
WARN [05-23|15:31:16.851] Please backup your key file!             path=/tmp/go-ethereum-keystore311689684/UTC--2021-05-23T13-31-14.490865514Z--65bd395e5d1f30780fd8bd251e0f536295c61eb2
WARN [05-23|15:31:16.851] Please remember your password! 
INFO [05-23|15:31:21.937] Your new key was generated               address=0x1C6351c883e553cCE0dc8b86cDd735c864aCC38D
WARN [05-23|15:31:21.937] Please backup your key file!             path=/tmp/go-ethereum-keystore311689684/UTC--2021-05-23T13-31-19.514789047Z--1c6351c883e553cce0dc8b86cdd735c864acc38d
WARN [05-23|15:31:21.937] Please remember your password! 
INFO [05-23|15:31:21.974] Setting new local account                address=0x0e6c9F660F146E31b97144c8714acb0C5D5bed72
INFO [05-23|15:31:21.974] Submitted transaction                    hash=0xa1987556f45e2b075b20e783bc2549dd90297cf0e0afeaa197722b4cfa93052d from=0x0e6c9F660F146E31b97144c8714acb0C5D5bed72 nonce=0 recipient=0x65BD395E5D1f30780Fd8bD251E0f536295c61eb2 value=100,000,000,000,000,000,000
INFO [05-23|15:31:21.974] Commit new mining work                   number=1 sealhash=ffe504..aa8687 uncles=0 txs=1 gas=21000 fees=2.1e-14 elapsed="503.783µs"
INFO [05-23|15:31:21.975] Successfully sealed new block            number=1 sealhash=ffe504..aa8687 hash=fcda7b..f48fbf elapsed="861.095µs"
INFO [05-23|15:31:21.975] 🔨 mined potential block                  number=1 hash=fcda7b..f48fbf
INFO [05-23|15:31:21.976] Commit new mining work                   number=2 sealhash=988dd6..3b0efa uncles=0 txs=0 gas=0     fees=0       elapsed="453.772µs"
INFO [05-23|15:31:21.976] Sealing paused, waiting for transactions 
INFO [05-23|15:31:21.979] Submitted transaction                    hash=0x7fd17d3df5d0a376e6578b29da5d46b16163c1991517ed54b8b562565fb15830 from=0x0e6c9F660F146E31b97144c8714acb0C5D5bed72 nonce=1 recipient=0x1C6351c883e553cCE0dc8b86cDd735c864aCC38D value=100,000,000,000,000,000,000
INFO [05-23|15:31:21.980] Commit new mining work                   number=2 sealhash=5dce40..e38dd0 uncles=0 txs=1 gas=21000 fees=2.1e-14 elapsed="310.615µs"
INFO [05-23|15:31:21.980] Successfully sealed new block            number=2 sealhash=5dce40..e38dd0 hash=a5be56..8c76c8 elapsed="598.266µs"
INFO [05-23|15:31:21.980] 🔨 mined potential block                  number=2 hash=a5be56..8c76c8
INFO [05-23|15:31:21.981] Commit new mining work                   number=3 sealhash=67c583..a4509d uncles=0 txs=0 gas=0     fees=0       elapsed="306.605µs"
INFO [05-23|15:31:21.981] Sealing paused, waiting for transactions 
INFO [05-23|15:31:26.264] CPU profiling started                    dump=/tmp/profile
INFO [05-23|15:31:32.610] Submitted contract creation              hash=0xb9b01f8c9cf241379e5296455ec42a44f11e7ef2b90134e5a8f95ea905fda7b9 from=0x0e6c9F660F146E31b97144c8714acb0C5D5bed72 nonce=2 contract=0x5CAacC9091C90Edba2503DffBdEc242b2119366e value=0
INFO [05-23|15:31:32.611] Commit new mining work                   number=3 sealhash=f220b9..4341c5 uncles=0 txs=1 gas=193,243 fees=0.00386486 elapsed="512.98µs"
INFO [05-23|15:31:32.612] Successfully sealed new block            number=3 sealhash=f220b9..4341c5 hash=ba8754..d23e50 elapsed="774.721µs"
INFO [05-23|15:31:32.612] 🔨 mined potential block                  number=3 hash=ba8754..d23e50
INFO [05-23|15:31:32.612] Commit new mining work                   number=4 sealhash=5c3e00..4ec5c2 uncles=0 txs=0 gas=0       fees=0          elapsed="422.765µs"
INFO [05-23|15:31:32.612] Sealing paused, waiting for transactions 
INFO [05-23|15:31:32.648] Submitted transaction                    hash=0x0a16f2e0f53cf1adb8c6d3053f1cab8963d42b7d1f7ab162c29ec4c2c01b55cc from=0x0e6c9F660F146E31b97144c8714acb0C5D5bed72 nonce=3 recipient=0x5CAacC9091C90Edba2503DffBdEc242b2119366e value=0
INFO [05-23|15:31:32.648] Commit new mining work                   number=4 sealhash=8e8b5b..652337 uncles=0 txs=1 gas=45738   fees=0.00091476 elapsed="529.467µs"
INFO [05-23|15:31:32.649] Successfully sealed new block            number=4 sealhash=8e8b5b..652337 hash=f11091..e7bc30 elapsed="673.85µs"
INFO [05-23|15:31:32.649] 🔨 mined potential block                  number=4 hash=f11091..e7bc30
INFO [05-23|15:31:32.650] Commit new mining work                   number=5 sealhash=d5eeda..9c7c97 uncles=0 txs=0 gas=0       fees=0          elapsed="587.626µs"
INFO [05-23|15:31:32.650] Sealing paused, waiting for transactions 
INFO [05-23|15:31:32.736] Submitted contract creation              hash=0x5ea4f4ade357e100b3a09581a3e23ce2a1306b46700752788e98b3f87398475a from=0x0e6c9F660F146E31b97144c8714acb0C5D5bed72 nonce=4 contract=0xbc532cb0B99376CDD7546130439951707785277c value=0
INFO [05-23|15:31:32.736] Commit new mining work                   number=5 sealhash=f5c202..6fde9c uncles=0 txs=1 gas=691,120 fees=0.0138224  elapsed="453.716µs"
INFO [05-23|15:31:32.737] Successfully sealed new block            number=5 sealhash=f5c202..6fde9c hash=639c20..a3c5fe elapsed="565.212µs"
INFO [05-23|15:31:32.737] 🔨 mined potential block                  number=5 hash=639c20..a3c5fe
INFO [05-23|15:31:32.737] Commit new mining work                   number=6 sealhash=788573..95fd2f uncles=0 txs=0 gas=0       fees=0          elapsed="373.43µs"
INFO [05-23|15:31:32.737] Sealing paused, waiting for transactions 
INFO [05-23|15:31:32.772] Submitted transaction                    hash=0xa62b6a25c9b7dc54dce5ac0c9bbed1f88913d33f5b8734d2394046aa313307ff from=0x0e6c9F660F146E31b97144c8714acb0C5D5bed72 nonce=5 recipient=0x5CAacC9091C90Edba2503DffBdEc242b2119366e value=0
INFO [05-23|15:31:32.773] Commit new mining work                   number=6 sealhash=330ba7..c17f74 uncles=0 txs=1 gas=28638   fees=0.00057276 elapsed="455.902µs"
INFO [05-23|15:31:32.774] Successfully sealed new block            number=6 sealhash=330ba7..c17f74 hash=258273..0146a8 elapsed=1.009ms
INFO [05-23|15:31:32.774] 🔨 mined potential block                  number=6 hash=258273..0146a8
INFO [05-23|15:31:32.775] Commit new mining work                   number=7 sealhash=3cc753..244567 uncles=0 txs=0 gas=0       fees=0          elapsed="560.552µs"
INFO [05-23|15:31:32.775] Sealing paused, waiting for transactions 
INFO [05-23|15:31:38.389] Setting new local account                address=0x65BD395E5D1f30780Fd8bD251E0f536295c61eb2
INFO [05-23|15:31:38.389] Submitted transaction                    hash=0x611fb4c916719f8b974b75666057f50e4f8fbcf5c69e4b5b74744e8c2dd05d0e from=0x65BD395E5D1f30780Fd8bD251E0f536295c61eb2 nonce=0 recipient=0xbc532cb0B99376CDD7546130439951707785277c value=200,000,000,000,000,000
INFO [05-23|15:31:38.389] Commit new mining work                   number=7 sealhash=287cae..64ae94 uncles=0 txs=1 gas=43544   fees=0.00087088 elapsed="560.957µs"
INFO [05-23|15:31:38.390] Successfully sealed new block            number=7 sealhash=287cae..64ae94 hash=79eb8b..0d1edf elapsed="490.134µs"
INFO [05-23|15:31:38.390] 🔨 mined potential block                  number=7 hash=79eb8b..0d1edf
INFO [05-23|15:31:38.391] Commit new mining work                   number=8 sealhash=448c35..063679 uncles=0 txs=0 gas=0       fees=0          elapsed="427.899µs"
INFO [05-23|15:31:38.391] Sealing paused, waiting for transactions 
INFO [05-23|15:31:38.402] Setting new local account                address=0x1C6351c883e553cCE0dc8b86cDd735c864aCC38D
INFO [05-23|15:31:38.402] Submitted transaction                    hash=0xd5c3298c2f678850c907e183cd58af481e26cba59530422f50e2bf16c09d9662 from=0x1C6351c883e553cCE0dc8b86cDd735c864aCC38D nonce=0 recipient=0xbc532cb0B99376CDD7546130439951707785277c value=200,000,000,000,000,000
INFO [05-23|15:31:38.403] Commit new mining work                   number=8 sealhash=db3de3..b85e7d uncles=0 txs=1 gas=43587   fees=0.00087174 elapsed="515.601µs"
INFO [05-23|15:31:38.403] Successfully sealed new block            number=8 sealhash=db3de3..b85e7d hash=890ef2..6cbac6 elapsed="701.873µs"
INFO [05-23|15:31:38.403] 🔗 block reached canonical chain          number=1 hash=fcda7b..f48fbf
INFO [05-23|15:31:38.403] 🔨 mined potential block                  number=8 hash=890ef2..6cbac6
INFO [05-23|15:31:38.404] Commit new mining work                   number=9 sealhash=4212d2..fcd7ae uncles=0 txs=0 gas=0       fees=0          elapsed="449.496µs"
INFO [05-23|15:31:38.404] Sealing paused, waiting for transactions 
INFO [05-23|15:31:38.414] Submitted transaction                    hash=0x0eb047e458bcf47f8204907f6fd0beb250e2e16639a76a99a29133d6286bf16b from=0x65BD395E5D1f30780Fd8bD251E0f536295c61eb2 nonce=1 recipient=0xbc532cb0B99376CDD7546130439951707785277c value=0
INFO [05-23|15:31:38.414] Commit new mining work                   number=9 sealhash=8d918e..7831d1 uncles=0 txs=1 gas=46140   fees=0.0009228  elapsed="508.85µs"
INFO [05-23|15:31:38.415] Successfully sealed new block            number=9 sealhash=8d918e..7831d1 hash=56dc48..00a792 elapsed="818.352µs"
INFO [05-23|15:31:38.415] 🔗 block reached canonical chain          number=2 hash=a5be56..8c76c8
INFO [05-23|15:31:38.415] 🔨 mined potential block                  number=9 hash=56dc48..00a792
INFO [05-23|15:31:38.416] Commit new mining work                   number=10 sealhash=d3fd9c..461293 uncles=0 txs=0 gas=0       fees=0          elapsed="425.579µs"
INFO [05-23|15:31:38.416] Sealing paused, waiting for transactions 
INFO [05-23|15:31:38.424] Submitted transaction                    hash=0xa923509a267307c50b03d6782c1cdd3cd0e7f11cdb095561c0a62d80e6e103a3 from=0x1C6351c883e553cCE0dc8b86cDd735c864aCC38D nonce=1 recipient=0xbc532cb0B99376CDD7546130439951707785277c value=0
INFO [05-23|15:31:38.424] Commit new mining work                   number=10 sealhash=333024..1fd624 uncles=0 txs=1 gas=46127   fees=0.00092254 elapsed="599.129µs"
INFO [05-23|15:31:38.425] Successfully sealed new block            number=10 sealhash=333024..1fd624 hash=e99216..c9e9d3 elapsed="698.354µs"
INFO [05-23|15:31:38.425] 🔗 block reached canonical chain          number=3  hash=ba8754..d23e50
INFO [05-23|15:31:38.425] 🔨 mined potential block                  number=10 hash=e99216..c9e9d3
INFO [05-23|15:31:38.426] Commit new mining work                   number=11 sealhash=8c82a5..583ebb uncles=0 txs=0 gas=0       fees=0          elapsed="434.939µs"
INFO [05-23|15:31:38.426] Sealing paused, waiting for transactions 
INFO [05-23|15:31:38.434] Submitted transaction                    hash=0x3ec8a39e9e55fbbd4749918e634654bcc16b1f50d9fcdb1ad254005a3c3eb2fb from=0x65BD395E5D1f30780Fd8bD251E0f536295c61eb2 nonce=2 recipient=0xbc532cb0B99376CDD7546130439951707785277c value=0
INFO [05-23|15:31:38.434] Commit new mining work                   number=11 sealhash=1f8108..89f73c uncles=0 txs=1 gas=51775   fees=0.0010355  elapsed="577.577µs"
INFO [05-23|15:31:38.435] Successfully sealed new block            number=11 sealhash=1f8108..89f73c hash=0fd582..78334d elapsed="585.029µs"
INFO [05-23|15:31:38.435] 🔗 block reached canonical chain          number=4  hash=f11091..e7bc30
INFO [05-23|15:31:38.435] 🔨 mined potential block                  number=11 hash=0fd582..78334d
INFO [05-23|15:31:38.435] Commit new mining work                   number=12 sealhash=ee4560..cc9365 uncles=0 txs=0 gas=0       fees=0          elapsed="376.113µs"
INFO [05-23|15:31:38.435] Sealing paused, waiting for transactions 
INFO [05-23|15:31:38.443] Submitted transaction                    hash=0x6d9e7d26a7fad755fe858da1746fe0ac502c6fa5444c3a450e6fd6cd1afea1c1 from=0x1C6351c883e553cCE0dc8b86cDd735c864aCC38D nonce=2 recipient=0xbc532cb0B99376CDD7546130439951707785277c value=0
INFO [05-23|15:31:38.444] Commit new mining work                   number=12 sealhash=a94df7..9a8400 uncles=0 txs=1 gas=51925   fees=0.0010385  elapsed="634.395µs"
INFO [05-23|15:31:38.444] Successfully sealed new block            number=12 sealhash=a94df7..9a8400 hash=74843e..d31d44 elapsed="601.274µs"
INFO [05-23|15:31:38.444] 🔗 block reached canonical chain          number=5  hash=639c20..a3c5fe
INFO [05-23|15:31:38.445] 🔨 mined potential block                  number=12 hash=74843e..d31d44
INFO [05-23|15:31:38.445] Commit new mining work                   number=13 sealhash=762aae..ff681c uncles=0 txs=0 gas=0       fees=0          elapsed="411.886µs"
INFO [05-23|15:31:38.445] Sealing paused, waiting for transactions 
INFO [05-23|15:31:38.452] Submitted transaction                    hash=0x54c55d85125525901d7a525368ad66803a692d9748a71f3c8c53d8fdf35c6f14 from=0x0e6c9F660F146E31b97144c8714acb0C5D5bed72 nonce=6 recipient=0xbc532cb0B99376CDD7546130439951707785277c value=0
INFO [05-23|15:31:38.453] Commit new mining work                   number=13 sealhash=c637e6..85f6d1 uncles=0 txs=1 gas=44498   fees=0.00088996 elapsed="780.776µs"
INFO [05-23|15:31:38.453] Successfully sealed new block            number=13 sealhash=c637e6..85f6d1 hash=2a5203..1e2e32 elapsed="710.213µs"
INFO [05-23|15:31:38.453] 🔗 block reached canonical chain          number=6  hash=258273..0146a8
INFO [05-23|15:31:38.453] 🔨 mined potential block                  number=13 hash=2a5203..1e2e32
INFO [05-23|15:31:38.454] Commit new mining work                   number=14 sealhash=ce2057..f6fcab uncles=0 txs=0 gas=0       fees=0          elapsed="445.067µs"
INFO [05-23|15:31:38.454] Sealing paused, waiting for transactions 
INFO [05-23|15:31:38.460] Submitted transaction                    hash=0xa0193e4f5b4b40e38a74f92a36307b10893ad2cb952dd6e8e060e196efc552fb from=0x65BD395E5D1f30780Fd8bD251E0f536295c61eb2 nonce=3 recipient=0xbc532cb0B99376CDD7546130439951707785277c value=200,000,000,000,000,000
INFO [05-23|15:31:38.461] Commit new mining work                   number=14 sealhash=8c108e..007e14 uncles=0 txs=1 gas=43544   fees=0.00087088 elapsed="483.771µs"
INFO [05-23|15:31:38.462] Successfully sealed new block            number=14 sealhash=8c108e..007e14 hash=e445e0..6c44b5 elapsed="754.835µs"
INFO [05-23|15:31:38.462] 🔗 block reached canonical chain          number=7  hash=79eb8b..0d1edf
INFO [05-23|15:31:38.462] 🔨 mined potential block                  number=14 hash=e445e0..6c44b5
INFO [05-23|15:31:38.462] Commit new mining work                   number=15 sealhash=22fce4..6b86ac uncles=0 txs=0 gas=0       fees=0          elapsed="437.749µs"
INFO [05-23|15:31:38.462] Sealing paused, waiting for transactions 
INFO [05-23|15:31:38.469] Submitted transaction                    hash=0x066b05daf4b59652f9b3c27dbef7c649b322c05395b6770e092232f163f7e183 from=0x1C6351c883e553cCE0dc8b86cDd735c864aCC38D nonce=3 recipient=0xbc532cb0B99376CDD7546130439951707785277c value=200,000,000,000,000,000
INFO [05-23|15:31:38.470] Commit new mining work                   number=15 sealhash=f43795..7cb454 uncles=0 txs=1 gas=43587   fees=0.00087174 elapsed="578.074µs"
INFO [05-23|15:31:38.470] Successfully sealed new block            number=15 sealhash=f43795..7cb454 hash=8cad88..6e7d27 elapsed="728.995µs"
INFO [05-23|15:31:38.470] 🔗 block reached canonical chain          number=8  hash=890ef2..6cbac6
INFO [05-23|15:31:38.471] 🔨 mined potential block                  number=15 hash=8cad88..6e7d27
INFO [05-23|15:31:38.471] Commit new mining work                   number=16 sealhash=c21052..c89877 uncles=0 txs=0 gas=0       fees=0          elapsed="655.413µs"
INFO [05-23|15:31:38.471] Sealing paused, waiting for transactions 
INFO [05-23|15:31:38.478] Submitted transaction                    hash=0xda6a39853b393da44539dd1ae2e3541429a8bb324661d3c12aab326280c6fbe4 from=0x65BD395E5D1f30780Fd8bD251E0f536295c61eb2 nonce=4 recipient=0xbc532cb0B99376CDD7546130439951707785277c value=0
INFO [05-23|15:31:38.478] Commit new mining work                   number=16 sealhash=b4c342..37cb25 uncles=0 txs=1 gas=46140   fees=0.0009228  elapsed="489.654µs"
INFO [05-23|15:31:38.479] Successfully sealed new block            number=16 sealhash=b4c342..37cb25 hash=2a6b90..ce885c elapsed="637.782µs"
INFO [05-23|15:31:38.479] 🔗 block reached canonical chain          number=9  hash=56dc48..00a792
INFO [05-23|15:31:38.479] 🔨 mined potential block                  number=16 hash=2a6b90..ce885c
INFO [05-23|15:31:38.479] Commit new mining work                   number=17 sealhash=8007e1..6202f7 uncles=0 txs=0 gas=0       fees=0          elapsed="470.533µs"
INFO [05-23|15:31:38.479] Sealing paused, waiting for transactions 
INFO [05-23|15:31:38.486] Submitted transaction                    hash=0x9e3426bd64987b206cbfc476ca804bef1c42fec8ad1eef41bb16ffe1aacf388a from=0x1C6351c883e553cCE0dc8b86cDd735c864aCC38D nonce=4 recipient=0xbc532cb0B99376CDD7546130439951707785277c value=0
INFO [05-23|15:31:38.487] Commit new mining work                   number=17 sealhash=377871..ab7030 uncles=0 txs=1 gas=46127   fees=0.00092254 elapsed="507.446µs"
INFO [05-23|15:31:38.487] Successfully sealed new block            number=17 sealhash=377871..ab7030 hash=a4b6c7..46902c elapsed="527.981µs"
INFO [05-23|15:31:38.487] 🔗 block reached canonical chain          number=10 hash=e99216..c9e9d3
INFO [05-23|15:31:38.487] 🔨 mined potential block                  number=17 hash=a4b6c7..46902c
INFO [05-23|15:31:38.488] Commit new mining work                   number=18 sealhash=033e27..85382b uncles=0 txs=0 gas=0       fees=0          elapsed="256.642µs"
INFO [05-23|15:31:38.488] Sealing paused, waiting for transactions 
INFO [05-23|15:31:38.495] Submitted transaction                    hash=0x5d8e1bb81ef5663ca1cb85212b15a0acfb2db00daee810d68e19ee8b1eda7ea7 from=0x65BD395E5D1f30780Fd8bD251E0f536295c61eb2 nonce=5 recipient=0xbc532cb0B99376CDD7546130439951707785277c value=0
INFO [05-23|15:31:38.496] Commit new mining work                   number=18 sealhash=747bf3..4682ae uncles=0 txs=1 gas=51775   fees=0.0010355  elapsed="599.827µs"
INFO [05-23|15:31:38.496] Successfully sealed new block            number=18 sealhash=747bf3..4682ae hash=e33004..e83a0f elapsed="605.561µs"
INFO [05-23|15:31:38.496] 🔗 block reached canonical chain          number=11 hash=0fd582..78334d
INFO [05-23|15:31:38.497] 🔨 mined potential block                  number=18 hash=e33004..e83a0f
INFO [05-23|15:31:38.497] Commit new mining work                   number=19 sealhash=40f471..b16488 uncles=0 txs=0 gas=0       fees=0          elapsed="397.925µs"
INFO [05-23|15:31:38.497] Sealing paused, waiting for transactions 
INFO [05-23|15:31:38.504] Submitted transaction                    hash=0x9d2c2bf3fcc6ae86483a91e19fb129f5af299804a175153384a6142f1e315426 from=0x1C6351c883e553cCE0dc8b86cDd735c864aCC38D nonce=5 recipient=0xbc532cb0B99376CDD7546130439951707785277c value=0
INFO [05-23|15:31:38.504] Commit new mining work                   number=19 sealhash=75f19d..998e14 uncles=0 txs=1 gas=51925   fees=0.0010385  elapsed="544.156µs"
INFO [05-23|15:31:38.505] Successfully sealed new block            number=19 sealhash=75f19d..998e14 hash=b39b50..a9f974 elapsed="598.264µs"
INFO [05-23|15:31:38.505] 🔗 block reached canonical chain          number=12 hash=74843e..d31d44
INFO [05-23|15:31:38.505] 🔨 mined potential block                  number=19 hash=b39b50..a9f974
INFO [05-23|15:31:38.506] Commit new mining work                   number=20 sealhash=892b51..7685e9 uncles=0 txs=0 gas=0       fees=0          elapsed="431.307µs"
INFO [05-23|15:31:38.506] Sealing paused, waiting for transactions 
INFO [05-23|15:31:38.513] Submitted transaction                    hash=0xd87bda6e7c980e542fd756710c952b5ef2eec64729d74954f295cb3df907c81f from=0x0e6c9F660F146E31b97144c8714acb0C5D5bed72 nonce=7 recipient=0xbc532cb0B99376CDD7546130439951707785277c value=0
INFO [05-23|15:31:38.514] Commit new mining work                   number=20 sealhash=40f552..e9bb95 uncles=0 txs=1 gas=34548   fees=0.00069096 elapsed="615.856µs"
INFO [05-23|15:31:38.514] Successfully sealed new block            number=20 sealhash=40f552..e9bb95 hash=8b9c01..c99a29 elapsed="510.765µs"
INFO [05-23|15:31:38.514] 🔗 block reached canonical chain          number=13 hash=2a5203..1e2e32
INFO [05-23|15:31:38.514] 🔨 mined potential block                  number=20 hash=8b9c01..c99a29
INFO [05-23|15:31:38.515] Commit new mining work                   number=21 sealhash=7e550c..afda62 uncles=0 txs=0 gas=0       fees=0          elapsed="287.127µs"
INFO [05-23|15:31:38.515] Sealing paused, waiting for transactions 
INFO [05-23|15:31:38.515] Commit new mining work                   number=21 sealhash=7e550c..afda62 uncles=0 txs=0 gas=0       fees=0          elapsed="669.713µs"
INFO [05-23|15:31:38.522] Submitted transaction                    hash=0x5e4be01480ee4c40d0b52e3ecf13303fbcb40c96bb17f8f81836f568776d5061 from=0x65BD395E5D1f30780Fd8bD251E0f536295c61eb2 nonce=6 recipient=0xbc532cb0B99376CDD7546130439951707785277c value=200,000,000,000,000,000
INFO [05-23|15:31:38.522] Commit new mining work                   number=21 sealhash=3a0865..00af46 uncles=0 txs=1 gas=43544   fees=0.00087088 elapsed="459.133µs"
INFO [05-23|15:31:38.523] Successfully sealed new block            number=21 sealhash=3a0865..00af46 hash=689f67..74e4b0 elapsed="431.192µs"
INFO [05-23|15:31:38.523] 🔗 block reached canonical chain          number=14 hash=e445e0..6c44b5
INFO [05-23|15:31:38.523] 🔨 mined potential block                  number=21 hash=689f67..74e4b0
INFO [05-23|15:31:38.523] Commit new mining work                   number=22 sealhash=2c3ab9..b36fbc uncles=0 txs=0 gas=0       fees=0          elapsed="322.382µs"
INFO [05-23|15:31:38.523] Sealing paused, waiting for transactions 
INFO [05-23|15:31:38.531] Submitted transaction                    hash=0xeb4a842720ab5b7628bd3416c781ff57fb4a0de693162623e2130eb1c1fed864 from=0x1C6351c883e553cCE0dc8b86cDd735c864aCC38D nonce=6 recipient=0xbc532cb0B99376CDD7546130439951707785277c value=200,000,000,000,000,000
INFO [05-23|15:31:38.531] Commit new mining work                   number=22 sealhash=e95721..e25d17 uncles=0 txs=1 gas=43587   fees=0.00087174 elapsed="485.704µs"
INFO [05-23|15:31:38.532] Successfully sealed new block            number=22 sealhash=e95721..e25d17 hash=289d22..c7cc68 elapsed="537.234µs"
INFO [05-23|15:31:38.532] 🔗 block reached canonical chain          number=15 hash=8cad88..6e7d27
INFO [05-23|15:31:38.532] 🔨 mined potential block                  number=22 hash=289d22..c7cc68
INFO [05-23|15:31:38.532] Commit new mining work                   number=23 sealhash=badf34..e896b2 uncles=0 txs=0 gas=0       fees=0          elapsed="298.001µs"
INFO [05-23|15:31:38.532] Sealing paused, waiting for transactions 
INFO [05-23|15:31:38.539] Submitted transaction                    hash=0x0d0f77a4a1d264ef5381ab87bdcb8456877e7eb68223e217d03f9d0daf638ca3 from=0x65BD395E5D1f30780Fd8bD251E0f536295c61eb2 nonce=7 recipient=0xbc532cb0B99376CDD7546130439951707785277c value=0
INFO [05-23|15:31:38.539] Commit new mining work                   number=23 sealhash=f96606..d9df36 uncles=0 txs=1 gas=46140   fees=0.0009228  elapsed="487.257µs"
INFO [05-23|15:31:38.540] Successfully sealed new block            number=23 sealhash=f96606..d9df36 hash=c3feb4..2cef7b elapsed="738.74µs"
INFO [05-23|15:31:38.540] 🔗 block reached canonical chain          number=16 hash=2a6b90..ce885c
INFO [05-23|15:31:38.540] 🔨 mined potential block                  number=23 hash=c3feb4..2cef7b
INFO [05-23|15:31:38.541] Commit new mining work                   number=24 sealhash=d5e5ff..d50959 uncles=0 txs=0 gas=0       fees=0          elapsed="438.901µs"
INFO [05-23|15:31:38.541] Sealing paused, waiting for transactions 
INFO [05-23|15:31:38.549] Submitted transaction                    hash=0xd4b83624426a10b5f1c0f6f542bd9ed6e67e775f930331ca9356d986e78688a5 from=0x1C6351c883e553cCE0dc8b86cDd735c864aCC38D nonce=7 recipient=0xbc532cb0B99376CDD7546130439951707785277c value=0
INFO [05-23|15:31:38.549] Commit new mining work                   number=24 sealhash=53ae87..a227e4 uncles=0 txs=1 gas=46127   fees=0.00092254 elapsed="598.39µs"
INFO [05-23|15:31:38.550] Successfully sealed new block            number=24 sealhash=53ae87..a227e4 hash=3f43f1..52e9e3 elapsed="725.785µs"
INFO [05-23|15:31:38.550] 🔗 block reached canonical chain          number=17 hash=a4b6c7..46902c
INFO [05-23|15:31:38.550] 🔨 mined potential block                  number=24 hash=3f43f1..52e9e3
INFO [05-23|15:31:38.551] Commit new mining work                   number=25 sealhash=00b686..165a1c uncles=0 txs=0 gas=0       fees=0          elapsed="450.097µs"
INFO [05-23|15:31:38.551] Sealing paused, waiting for transactions 
INFO [05-23|15:31:38.559] Submitted transaction                    hash=0xc601686aba3b602481f7706c8c1ad36dc7f8c444d2487b78e754f2ac9b2aa8b3 from=0x65BD395E5D1f30780Fd8bD251E0f536295c61eb2 nonce=8 recipient=0xbc532cb0B99376CDD7546130439951707785277c value=0
INFO [05-23|15:31:38.560] Commit new mining work                   number=25 sealhash=f3c5fa..403a98 uncles=0 txs=1 gas=51775   fees=0.0010355  elapsed="602.173µs"
INFO [05-23|15:31:38.560] Successfully sealed new block            number=25 sealhash=f3c5fa..403a98 hash=182613..8e84aa elapsed="726.159µs"
INFO [05-23|15:31:38.561] 🔗 block reached canonical chain          number=18 hash=e33004..e83a0f
INFO [05-23|15:31:38.561] 🔨 mined potential block                  number=25 hash=182613..8e84aa
INFO [05-23|15:31:38.561] Commit new mining work                   number=26 sealhash=313f68..a13515 uncles=0 txs=0 gas=0       fees=0          elapsed="440.917µs"
INFO [05-23|15:31:38.561] Sealing paused, waiting for transactions 
INFO [05-23|15:31:38.569] Submitted transaction                    hash=0xd078efb063e508592c7acf429b2ff4b77cae9424534ef0bb31ccbc7874992ccb from=0x1C6351c883e553cCE0dc8b86cDd735c864aCC38D nonce=8 recipient=0xbc532cb0B99376CDD7546130439951707785277c value=0
INFO [05-23|15:31:38.570] Commit new mining work                   number=26 sealhash=73ee44..5eca9f uncles=0 txs=1 gas=51925   fees=0.0010385  elapsed="517.036µs"
INFO [05-23|15:31:38.570] Successfully sealed new block            number=26 sealhash=73ee44..5eca9f hash=39acff..c710b1 elapsed="546.293µs"
INFO [05-23|15:31:38.570] 🔗 block reached canonical chain          number=19 hash=b39b50..a9f974
INFO [05-23|15:31:38.570] 🔨 mined potential block                  number=26 hash=39acff..c710b1
INFO [05-23|15:31:38.571] Commit new mining work                   number=27 sealhash=f9b7d8..3af96f uncles=0 txs=0 gas=0       fees=0          elapsed="289.595µs"
INFO [05-23|15:31:38.571] Sealing paused, waiting for transactions 
INFO [05-23|15:31:38.571] Commit new mining work                   number=27 sealhash=f9b7d8..3af96f uncles=0 txs=0 gas=0       fees=0          elapsed="626.229µs"
INFO [05-23|15:31:38.577] Submitted transaction                    hash=0x6fb391917e92ca24c4eb86cb699fa2e748be7dcfab62135bf642277ddbb53d34 from=0x0e6c9F660F146E31b97144c8714acb0C5D5bed72 nonce=8 recipient=0xbc532cb0B99376CDD7546130439951707785277c value=0
INFO [05-23|15:31:38.578] Commit new mining work                   number=27 sealhash=d961d3..bd21be uncles=0 txs=1 gas=34548   fees=0.00069096 elapsed="679.021µs"
INFO [05-23|15:31:38.578] Successfully sealed new block            number=27 sealhash=d961d3..bd21be hash=cd4bc8..411520 elapsed="655.346µs"
INFO [05-23|15:31:38.579] 🔗 block reached canonical chain          number=20 hash=8b9c01..c99a29
INFO [05-23|15:31:38.579] 🔨 mined potential block                  number=27 hash=cd4bc8..411520
INFO [05-23|15:31:38.579] Commit new mining work                   number=28 sealhash=757287..48d566 uncles=0 txs=0 gas=0       fees=0          elapsed="463.978µs"
INFO [05-23|15:31:38.579] Sealing paused, waiting for transactions 
INFO [05-23|15:31:38.586] Submitted transaction                    hash=0x92ae1f97a36cfa991364384e844dcba28c3aa35b8222a605c57ade3f08809654 from=0x65BD395E5D1f30780Fd8bD251E0f536295c61eb2 nonce=9 recipient=0xbc532cb0B99376CDD7546130439951707785277c value=200,000,000,000,000,000
INFO [05-23|15:31:38.587] Commit new mining work                   number=28 sealhash=bcc301..17f4dd uncles=0 txs=1 gas=43544   fees=0.00087088 elapsed="585.828µs"
INFO [05-23|15:31:38.587] Successfully sealed new block            number=28 sealhash=bcc301..17f4dd hash=1a8b62..58b59e elapsed="548.474µs"
INFO [05-23|15:31:38.587] 🔗 block reached canonical chain          number=21 hash=689f67..74e4b0
INFO [05-23|15:31:38.587] 🔨 mined potential block                  number=28 hash=1a8b62..58b59e
INFO [05-23|15:31:38.588] Commit new mining work                   number=29 sealhash=59283b..ea21b7 uncles=0 txs=0 gas=0       fees=0          elapsed="256.729µs"
INFO [05-23|15:31:38.588] Sealing paused, waiting for transactions 
INFO [05-23|15:31:38.595] Submitted transaction                    hash=0xd788e0932acdc88126c61f27a1b5dca9609690336ce18821d51a53df29679619 from=0x1C6351c883e553cCE0dc8b86cDd735c864aCC38D nonce=9 recipient=0xbc532cb0B99376CDD7546130439951707785277c value=200,000,000,000,000,000
INFO [05-23|15:31:38.596] Commit new mining work                   number=29 sealhash=7759eb..dbe1a4 uncles=0 txs=1 gas=43587   fees=0.00087174 elapsed="582.653µs"
INFO [05-23|15:31:38.597] Successfully sealed new block            number=29 sealhash=7759eb..dbe1a4 hash=86bece..9884c3 elapsed="745.41µs"
INFO [05-23|15:31:38.597] 🔗 block reached canonical chain          number=22 hash=289d22..c7cc68
INFO [05-23|15:31:38.597] 🔨 mined potential block                  number=29 hash=86bece..9884c3
INFO [05-23|15:31:38.597] Commit new mining work                   number=30 sealhash=db0842..6f51f2 uncles=0 txs=0 gas=0       fees=0          elapsed="441.245µs"
INFO [05-23|15:31:38.597] Sealing paused, waiting for transactions 
INFO [05-23|15:31:38.608] Submitted transaction                    hash=0xfd19fc3a105a6af5b91383f4c94fcaf34f55a59d159cb3552ef54a37a6328906 from=0x65BD395E5D1f30780Fd8bD251E0f536295c61eb2 nonce=10 recipient=0xbc532cb0B99376CDD7546130439951707785277c value=0
INFO [05-23|15:31:38.609] Commit new mining work                   number=30 sealhash=955415..32d2dd uncles=0 txs=1 gas=46140   fees=0.0009228  elapsed="558.134µs"
INFO [05-23|15:31:38.610] Successfully sealed new block            number=30 sealhash=955415..32d2dd hash=479ef9..477d04 elapsed="758.442µs"
INFO [05-23|15:31:38.610] 🔗 block reached canonical chain          number=23 hash=c3feb4..2cef7b
INFO [05-23|15:31:38.610] 🔨 mined potential block                  number=30 hash=479ef9..477d04
INFO [05-23|15:31:38.610] Commit new mining work                   number=31 sealhash=3aee25..cc75ba uncles=0 txs=0 gas=0       fees=0          elapsed="439.654µs"
INFO [05-23|15:31:38.610] Sealing paused, waiting for transactions 
INFO [05-23|15:31:38.619] Submitted transaction                    hash=0x9c5549dbefd417a215f88d91d0fc637da48d6bd62c70aa73f4c20329c30ffaf4 from=0x1C6351c883e553cCE0dc8b86cDd735c864aCC38D nonce=10 recipient=0xbc532cb0B99376CDD7546130439951707785277c value=0
INFO [05-23|15:31:38.620] Commit new mining work                   number=31 sealhash=32883b..77854b uncles=0 txs=1 gas=46127   fees=0.00092254 elapsed="463.213µs"
INFO [05-23|15:31:38.620] Successfully sealed new block            number=31 sealhash=32883b..77854b hash=ba70d2..43f252 elapsed="651.126µs"
INFO [05-23|15:31:38.620] 🔗 block reached canonical chain          number=24 hash=3f43f1..52e9e3
INFO [05-23|15:31:38.620] 🔨 mined potential block                  number=31 hash=ba70d2..43f252
INFO [05-23|15:31:38.621] Commit new mining work                   number=32 sealhash=0a79de..f66f25 uncles=0 txs=0 gas=0       fees=0          elapsed="434.411µs"
INFO [05-23|15:31:38.621] Sealing paused, waiting for transactions 
INFO [05-23|15:31:38.636] Submitted transaction                    hash=0x4ae449b2248f1e1e642f097ce49f054984dcc497a8be6948ee4a9aebf007b762 from=0x65BD395E5D1f30780Fd8bD251E0f536295c61eb2 nonce=11 recipient=0xbc532cb0B99376CDD7546130439951707785277c value=0
INFO [05-23|15:31:38.637] Commit new mining work                   number=32 sealhash=df2451..89a830 uncles=0 txs=1 gas=51775   fees=0.0010355  elapsed="599.133µs"
INFO [05-23|15:31:38.637] Successfully sealed new block            number=32 sealhash=df2451..89a830 hash=0aac03..6ddc7d elapsed="489.789µs"
INFO [05-23|15:31:38.637] 🔗 block reached canonical chain          number=25 hash=182613..8e84aa
INFO [05-23|15:31:38.637] 🔨 mined potential block                  number=32 hash=0aac03..6ddc7d
INFO [05-23|15:31:38.638] Commit new mining work                   number=33 sealhash=fb6b0c..8f5c91 uncles=0 txs=0 gas=0       fees=0          elapsed="255.866µs"
INFO [05-23|15:31:38.638] Sealing paused, waiting for transactions 
INFO [05-23|15:31:38.645] Submitted transaction                    hash=0x2eb3486e966e4c3fb7aa8e6e3c3bb76ac6ca5ea512d940c4e0082b21863bb2f9 from=0x1C6351c883e553cCE0dc8b86cDd735c864aCC38D nonce=11 recipient=0xbc532cb0B99376CDD7546130439951707785277c value=0
INFO [05-23|15:31:38.646] Commit new mining work                   number=33 sealhash=949f36..fb3b85 uncles=0 txs=1 gas=51925   fees=0.0010385  elapsed="601.405µs"
INFO [05-23|15:31:38.646] Successfully sealed new block            number=33 sealhash=949f36..fb3b85 hash=c9de3e..0d556a elapsed="578.752µs"
INFO [05-23|15:31:38.646] 🔗 block reached canonical chain          number=26 hash=39acff..c710b1
INFO [05-23|15:31:38.646] 🔨 mined potential block                  number=33 hash=c9de3e..0d556a
INFO [05-23|15:31:38.647] Commit new mining work                   number=34 sealhash=a6f489..587a91 uncles=0 txs=0 gas=0       fees=0          elapsed="446.872µs"
INFO [05-23|15:31:38.647] Sealing paused, waiting for transactions 
INFO [05-23|15:31:38.654] Submitted transaction                    hash=0x43ec798420a2bc522fd73d5551957d232a79fbeb30f7ed4415dd76315a2bcef0 from=0x0e6c9F660F146E31b97144c8714acb0C5D5bed72 nonce=9  recipient=0xbc532cb0B99376CDD7546130439951707785277c value=0
INFO [05-23|15:31:38.654] Commit new mining work                   number=34 sealhash=45dc70..2c5272 uncles=0 txs=1 gas=34548   fees=0.00069096 elapsed="688.117µs"
INFO [05-23|15:31:38.655] Successfully sealed new block            number=34 sealhash=45dc70..2c5272 hash=18c87c..bfa5f5 elapsed="627.79µs"
INFO [05-23|15:31:38.655] 🔗 block reached canonical chain          number=27 hash=cd4bc8..411520
INFO [05-23|15:31:38.655] 🔨 mined potential block                  number=34 hash=18c87c..bfa5f5
INFO [05-23|15:31:38.656] Commit new mining work                   number=35 sealhash=5983ce..e0c150 uncles=0 txs=0 gas=0       fees=0          elapsed="347.653µs"
INFO [05-23|15:31:38.656] Sealing paused, waiting for transactions 
INFO [05-23|15:31:38.663] Submitted transaction                    hash=0x084e5c3b4001c203cb199f45d4569532d084d76b550580e1f9f4c271f5c78e2a from=0x65BD395E5D1f30780Fd8bD251E0f536295c61eb2 nonce=12 recipient=0xbc532cb0B99376CDD7546130439951707785277c value=200,000,000,000,000,000
INFO [05-23|15:31:38.664] Commit new mining work                   number=35 sealhash=31a339..e9712f uncles=0 txs=1 gas=43544   fees=0.00087088 elapsed="441.419µs"
INFO [05-23|15:31:38.664] Successfully sealed new block            number=35 sealhash=31a339..e9712f hash=0d8134..52948c elapsed="516.485µs"
INFO [05-23|15:31:38.664] 🔗 block reached canonical chain          number=28 hash=1a8b62..58b59e
INFO [05-23|15:31:38.664] 🔨 mined potential block                  number=35 hash=0d8134..52948c
INFO [05-23|15:31:38.665] Commit new mining work                   number=36 sealhash=678865..08b6c9 uncles=0 txs=0 gas=0       fees=0          elapsed="285.753µs"
INFO [05-23|15:31:38.665] Sealing paused, waiting for transactions 
INFO [05-23|15:31:38.665] Commit new mining work                   number=36 sealhash=678865..08b6c9 uncles=0 txs=0 gas=0       fees=0          elapsed="618.599µs"
INFO [05-23|15:31:38.672] Submitted transaction                    hash=0x15889428b74beb0e0b7657de4d78a7a7c010ba9907467f0b4ec084e404af4c62 from=0x1C6351c883e553cCE0dc8b86cDd735c864aCC38D nonce=12 recipient=0xbc532cb0B99376CDD7546130439951707785277c value=200,000,000,000,000,000
INFO [05-23|15:31:38.672] Commit new mining work                   number=36 sealhash=10e929..c8abb5 uncles=0 txs=1 gas=43587   fees=0.00087174 elapsed="523.002µs"
INFO [05-23|15:31:38.673] Successfully sealed new block            number=36 sealhash=10e929..c8abb5 hash=2a864e..026586 elapsed="568.098µs"
INFO [05-23|15:31:38.673] 🔗 block reached canonical chain          number=29 hash=86bece..9884c3
INFO [05-23|15:31:38.673] 🔨 mined potential block                  number=36 hash=2a864e..026586
INFO [05-23|15:31:38.673] Commit new mining work                   number=37 sealhash=283e42..aaf5bb uncles=0 txs=0 gas=0       fees=0          elapsed="351.075µs"
INFO [05-23|15:31:38.674] Sealing paused, waiting for transactions 
INFO [05-23|15:31:38.682] Submitted transaction                    hash=0xc1e51741751cc5c5472d257a2cbe7db27e034a72b7752a50b94ab864c04a69d6 from=0x65BD395E5D1f30780Fd8bD251E0f536295c61eb2 nonce=13 recipient=0xbc532cb0B99376CDD7546130439951707785277c value=0
INFO [05-23|15:31:38.683] Commit new mining work                   number=37 sealhash=6fb8d1..70ebc9 uncles=0 txs=1 gas=46140   fees=0.0009228  elapsed="497.143µs"
INFO [05-23|15:31:38.684] Successfully sealed new block            number=37 sealhash=6fb8d1..70ebc9 hash=211ae5..c8b083 elapsed="726.21µs"
INFO [05-23|15:31:38.684] 🔗 block reached canonical chain          number=30 hash=479ef9..477d04
INFO [05-23|15:31:38.684] 🔨 mined potential block                  number=37 hash=211ae5..c8b083
INFO [05-23|15:31:38.684] Commit new mining work                   number=38 sealhash=c649d5..9c3d18 uncles=0 txs=0 gas=0       fees=0          elapsed="439.97µs"
INFO [05-23|15:31:38.684] Sealing paused, waiting for transactions 
INFO [05-23|15:31:38.691] Submitted transaction                    hash=0x02bb4a54d6a083893a87f6309d4ef3c14552d0b6589b3959e4e48b5ffc081766 from=0x1C6351c883e553cCE0dc8b86cDd735c864aCC38D nonce=13 recipient=0xbc532cb0B99376CDD7546130439951707785277c value=0
INFO [05-23|15:31:38.691] Commit new mining work                   number=38 sealhash=a83739..db7cb3 uncles=0 txs=1 gas=46127   fees=0.00092254 elapsed="523.684µs"
INFO [05-23|15:31:38.692] Successfully sealed new block            number=38 sealhash=a83739..db7cb3 hash=5dfeb1..dd0632 elapsed="497.922µs"
INFO [05-23|15:31:38.692] 🔗 block reached canonical chain          number=31 hash=ba70d2..43f252
INFO [05-23|15:31:38.692] 🔨 mined potential block                  number=38 hash=5dfeb1..dd0632
INFO [05-23|15:31:38.692] Commit new mining work                   number=39 sealhash=f5a338..4c944a uncles=0 txs=0 gas=0       fees=0          elapsed="253.145µs"
INFO [05-23|15:31:38.692] Sealing paused, waiting for transactions 
INFO [05-23|15:31:38.700] Submitted transaction                    hash=0xff38085f5a35c3757cfa1d643248b2bda5b8ba224bff9885b36ed4a613ef75a9 from=0x65BD395E5D1f30780Fd8bD251E0f536295c61eb2 nonce=14 recipient=0xbc532cb0B99376CDD7546130439951707785277c value=0
INFO [05-23|15:31:38.700] Commit new mining work                   number=39 sealhash=fdf5c3..914033 uncles=0 txs=1 gas=51775   fees=0.0010355  elapsed="614.272µs"
INFO [05-23|15:31:38.701] Successfully sealed new block            number=39 sealhash=fdf5c3..914033 hash=686802..91ad76 elapsed="610.743µs"
INFO [05-23|15:31:38.701] 🔗 block reached canonical chain          number=32 hash=0aac03..6ddc7d
INFO [05-23|15:31:38.701] 🔨 mined potential block                  number=39 hash=686802..91ad76
INFO [05-23|15:31:38.702] Commit new mining work                   number=40 sealhash=c8f436..b9c459 uncles=0 txs=0 gas=0       fees=0          elapsed="409.73µs"
INFO [05-23|15:31:38.702] Sealing paused, waiting for transactions 
INFO [05-23|15:31:38.709] Submitted transaction                    hash=0x084a42249353a491af089a36611af6e33aabfe455cc22aa7f1d2d891ca7d9e83 from=0x1C6351c883e553cCE0dc8b86cDd735c864aCC38D nonce=14 recipient=0xbc532cb0B99376CDD7546130439951707785277c value=0
INFO [05-23|15:31:38.709] Commit new mining work                   number=40 sealhash=9b5b79..79a2ab uncles=0 txs=1 gas=51925   fees=0.0010385  elapsed="608.302µs"
INFO [05-23|15:31:38.710] Successfully sealed new block            number=40 sealhash=9b5b79..79a2ab hash=13e252..1ef97b elapsed="687.424µs"
INFO [05-23|15:31:38.710] 🔗 block reached canonical chain          number=33 hash=c9de3e..0d556a
INFO [05-23|15:31:38.710] 🔨 mined potential block                  number=40 hash=13e252..1ef97b
INFO [05-23|15:31:38.711] Commit new mining work                   number=41 sealhash=c64c43..096709 uncles=0 txs=0 gas=0       fees=0          elapsed="423.012µs"
INFO [05-23|15:31:38.711] Sealing paused, waiting for transactions 
INFO [05-23|15:31:38.717] Submitted transaction                    hash=0x88bd4779ba8f4b42679686831b8432eed8ebed762610b8afbe52580a6e92e505 from=0x0e6c9F660F146E31b97144c8714acb0C5D5bed72 nonce=10 recipient=0xbc532cb0B99376CDD7546130439951707785277c value=0
INFO [05-23|15:31:38.717] Commit new mining work                   number=41 sealhash=4ea33c..625e32 uncles=0 txs=1 gas=34548   fees=0.00069096 elapsed="628.766µs"
INFO [05-23|15:31:38.718] Successfully sealed new block            number=41 sealhash=4ea33c..625e32 hash=9dd86d..782290 elapsed="550.316µs"
INFO [05-23|15:31:38.718] 🔗 block reached canonical chain          number=34 hash=18c87c..bfa5f5
INFO [05-23|15:31:38.718] 🔨 mined potential block                  number=41 hash=9dd86d..782290
INFO [05-23|15:31:38.718] Commit new mining work                   number=42 sealhash=56f386..5bbdd5 uncles=0 txs=0 gas=0       fees=0          elapsed="264.102µs"
INFO [05-23|15:31:38.719] Sealing paused, waiting for transactions 
INFO [05-23|15:31:38.719] Commit new mining work                   number=42 sealhash=56f386..5bbdd5 uncles=0 txs=0 gas=0       fees=0          elapsed="523.398µs"
INFO [05-23|15:31:38.726] Submitted transaction                    hash=0x76d7f06abceb85165737334d7487aa291b7db87d2965cb9cf49fcfd806511ffa from=0x65BD395E5D1f30780Fd8bD251E0f536295c61eb2 nonce=15 recipient=0xbc532cb0B99376CDD7546130439951707785277c value=200,000,000,000,000,000
INFO [05-23|15:31:38.726] Commit new mining work                   number=42 sealhash=d1f7cf..4934fa uncles=0 txs=1 gas=43544   fees=0.00087088 elapsed="481.035µs"
INFO [05-23|15:31:38.727] Successfully sealed new block            number=42 sealhash=d1f7cf..4934fa hash=730999..caae7a elapsed="604.106µs"
INFO [05-23|15:31:38.727] 🔗 block reached canonical chain          number=35 hash=0d8134..52948c
INFO [05-23|15:31:38.727] 🔨 mined potential block                  number=42 hash=730999..caae7a
INFO [05-23|15:31:38.727] Commit new mining work                   number=43 sealhash=04fd71..229abb uncles=0 txs=0 gas=0       fees=0          elapsed="426.048µs"
INFO [05-23|15:31:38.728] Sealing paused, waiting for transactions 
INFO [05-23|15:31:38.734] Submitted transaction                    hash=0x5b74db7669c7a5994fa42a9e5892704f7d9249156ceceba37b4a3e35e050d3c5 from=0x1C6351c883e553cCE0dc8b86cDd735c864aCC38D nonce=15 recipient=0xbc532cb0B99376CDD7546130439951707785277c value=200,000,000,000,000,000
INFO [05-23|15:31:38.735] Commit new mining work                   number=43 sealhash=d39204..95aecd uncles=0 txs=1 gas=43587   fees=0.00087174 elapsed="600.947µs"
INFO [05-23|15:31:38.736] Successfully sealed new block            number=43 sealhash=d39204..95aecd hash=a95d7f..4f6a1e elapsed="730.822µs"
INFO [05-23|15:31:38.736] 🔗 block reached canonical chain          number=36 hash=2a864e..026586
INFO [05-23|15:31:38.736] 🔨 mined potential block                  number=43 hash=a95d7f..4f6a1e
INFO [05-23|15:31:38.737] Commit new mining work                   number=44 sealhash=73a0f7..d55414 uncles=0 txs=0 gas=0       fees=0          elapsed="420.251µs"
INFO [05-23|15:31:38.737] Sealing paused, waiting for transactions 
INFO [05-23|15:31:38.742] Submitted transaction                    hash=0xba007a89573b68799c44e03922811dd29dcec1695619b454b244f60564f3ad19 from=0x65BD395E5D1f30780Fd8bD251E0f536295c61eb2 nonce=16 recipient=0xbc532cb0B99376CDD7546130439951707785277c value=0
INFO [05-23|15:31:38.743] Commit new mining work                   number=44 sealhash=111084..8b8b05 uncles=0 txs=1 gas=46140   fees=0.0009228  elapsed="480.468µs"
INFO [05-23|15:31:38.743] Successfully sealed new block            number=44 sealhash=111084..8b8b05 hash=c22515..2ce7b6 elapsed="526.356µs"
INFO [05-23|15:31:38.744] 🔗 block reached canonical chain          number=37 hash=211ae5..c8b083
INFO [05-23|15:31:38.744] 🔨 mined potential block                  number=44 hash=c22515..2ce7b6
INFO [05-23|15:31:38.744] Commit new mining work                   number=45 sealhash=918a39..877b95 uncles=0 txs=0 gas=0       fees=0          elapsed="342.86µs"
INFO [05-23|15:31:38.744] Sealing paused, waiting for transactions 
INFO [05-23|15:31:38.751] Submitted transaction                    hash=0x829abe8e9db632d28e5a8a3f40d16d17aa323dc0d7def9b8e01a5c81b2db49f3 from=0x1C6351c883e553cCE0dc8b86cDd735c864aCC38D nonce=16 recipient=0xbc532cb0B99376CDD7546130439951707785277c value=0
INFO [05-23|15:31:38.752] Commit new mining work                   number=45 sealhash=18fd60..9a7d80 uncles=0 txs=1 gas=46127   fees=0.00092254 elapsed="543.796µs"
INFO [05-23|15:31:38.752] Successfully sealed new block            number=45 sealhash=18fd60..9a7d80 hash=4c9dea..d9ee72 elapsed="728.521µs"
INFO [05-23|15:31:38.753] 🔗 block reached canonical chain          number=38 hash=5dfeb1..dd0632
INFO [05-23|15:31:38.753] 🔨 mined potential block                  number=45 hash=4c9dea..d9ee72
INFO [05-23|15:31:38.753] Commit new mining work                   number=46 sealhash=b68175..238da8 uncles=0 txs=0 gas=0       fees=0          elapsed="434.619µs"
INFO [05-23|15:31:38.753] Sealing paused, waiting for transactions 
INFO [05-23|15:31:38.760] Submitted transaction                    hash=0x4d1d0201bb1d582a9af48fabb1ad8812cb9e009822e744f599c0a032a50afeca from=0x65BD395E5D1f30780Fd8bD251E0f536295c61eb2 nonce=17 recipient=0xbc532cb0B99376CDD7546130439951707785277c value=0
INFO [05-23|15:31:38.761] Commit new mining work                   number=46 sealhash=5373f9..c42940 uncles=0 txs=1 gas=51775   fees=0.0010355  elapsed="586.149µs"
INFO [05-23|15:31:38.762] Successfully sealed new block            number=46 sealhash=5373f9..c42940 hash=333355..aa86c0 elapsed="745.004µs"
INFO [05-23|15:31:38.762] 🔗 block reached canonical chain          number=39 hash=686802..91ad76
INFO [05-23|15:31:38.762] 🔨 mined potential block                  number=46 hash=333355..aa86c0
INFO [05-23|15:31:38.762] Commit new mining work                   number=47 sealhash=0496e2..a2147a uncles=0 txs=0 gas=0       fees=0          elapsed="436.918µs"
INFO [05-23|15:31:38.763] Sealing paused, waiting for transactions 
INFO [05-23|15:31:38.769] Submitted transaction                    hash=0x9752444aca8e1e5294528bc41df82e9c497a7b71042314b5f30ddd3dbc250d1e from=0x1C6351c883e553cCE0dc8b86cDd735c864aCC38D nonce=17 recipient=0xbc532cb0B99376CDD7546130439951707785277c value=0
INFO [05-23|15:31:38.769] Commit new mining work                   number=47 sealhash=fb9f23..4acd1a uncles=0 txs=1 gas=51925   fees=0.0010385  elapsed="559.233µs"
INFO [05-23|15:31:38.770] Successfully sealed new block            number=47 sealhash=fb9f23..4acd1a hash=61a724..27a5b4 elapsed="503.316µs"
INFO [05-23|15:31:38.770] 🔗 block reached canonical chain          number=40 hash=13e252..1ef97b
INFO [05-23|15:31:38.770] 🔨 mined potential block                  number=47 hash=61a724..27a5b4
INFO [05-23|15:31:38.771] Commit new mining work                   number=48 sealhash=4abd75..a8c419 uncles=0 txs=0 gas=0       fees=0          elapsed="437.88µs"
INFO [05-23|15:31:38.771] Sealing paused, waiting for transactions 
INFO [05-23|15:31:38.777] Submitted transaction                    hash=0xb2a1377f7a670c865c99f0f2d9e0471fa7765743f713971067b742f30671afab from=0x0e6c9F660F146E31b97144c8714acb0C5D5bed72 nonce=11 recipient=0xbc532cb0B99376CDD7546130439951707785277c value=0
INFO [05-23|15:31:38.778] Commit new mining work                   number=48 sealhash=dd4dd6..c3bfa3 uncles=0 txs=1 gas=34548   fees=0.00069096 elapsed="618.524µs"
INFO [05-23|15:31:38.778] Successfully sealed new block            number=48 sealhash=dd4dd6..c3bfa3 hash=dac4f5..e87f0f elapsed="478.823µs"
INFO [05-23|15:31:38.778] 🔗 block reached canonical chain          number=41 hash=9dd86d..782290
INFO [05-23|15:31:38.778] 🔨 mined potential block                  number=48 hash=dac4f5..e87f0f
INFO [05-23|15:31:38.779] Commit new mining work                   number=49 sealhash=5b0610..d6c65b uncles=0 txs=0 gas=0       fees=0          elapsed="314.392µs"
INFO [05-23|15:31:38.779] Sealing paused, waiting for transactions 
INFO [05-23|15:31:38.786] Submitted transaction                    hash=0x53af3c448294024d74d59c8b86685779d1eb44cd61357cc3b0febb6199814db8 from=0x65BD395E5D1f30780Fd8bD251E0f536295c61eb2 nonce=18 recipient=0xbc532cb0B99376CDD7546130439951707785277c value=200,000,000,000,000,000
INFO [05-23|15:31:38.786] Commit new mining work                   number=49 sealhash=a07405..d0e2c5 uncles=0 txs=1 gas=43544   fees=0.00087088 elapsed="444.557µs"
INFO [05-23|15:31:38.787] Successfully sealed new block            number=49 sealhash=a07405..d0e2c5 hash=f2e7ef..613208 elapsed="649.977µs"
INFO [05-23|15:31:38.787] 🔗 block reached canonical chain          number=42 hash=730999..caae7a
INFO [05-23|15:31:38.787] 🔨 mined potential block                  number=49 hash=f2e7ef..613208
INFO [05-23|15:31:38.788] Commit new mining work                   number=50 sealhash=915e6b..902f57 uncles=0 txs=0 gas=0       fees=0          elapsed="425.518µs"
INFO [05-23|15:31:38.788] Sealing paused, waiting for transactions 
INFO [05-23|15:31:38.796] Submitted transaction                    hash=0x559f3517779507d07e90be3c92a65de9771ab7187b7970a15eefe0c89f40831f from=0x1C6351c883e553cCE0dc8b86cDd735c864aCC38D nonce=18 recipient=0xbc532cb0B99376CDD7546130439951707785277c value=200,000,000,000,000,000
INFO [05-23|15:31:38.797] Commit new mining work                   number=50 sealhash=097ee2..000d5c uncles=0 txs=1 gas=43587   fees=0.00087174 elapsed="504.664µs"
INFO [05-23|15:31:38.798] Successfully sealed new block            number=50 sealhash=097ee2..000d5c hash=3d5fbf..474922 elapsed="713.495µs"
INFO [05-23|15:31:38.798] 🔗 block reached canonical chain          number=43 hash=a95d7f..4f6a1e
INFO [05-23|15:31:38.798] 🔨 mined potential block                  number=50 hash=3d5fbf..474922
INFO [05-23|15:31:38.798] Commit new mining work                   number=51 sealhash=66db98..3181bf uncles=0 txs=0 gas=0       fees=0          elapsed="408.599µs"
INFO [05-23|15:31:38.798] Sealing paused, waiting for transactions 
INFO [05-23|15:31:38.805] Submitted transaction                    hash=0x11bf87fdb8d156ecf986bf5c1213fb16f3cef410dac569ddfe1777f91f019206 from=0x65BD395E5D1f30780Fd8bD251E0f536295c61eb2 nonce=19 recipient=0xbc532cb0B99376CDD7546130439951707785277c value=0
INFO [05-23|15:31:38.805] Commit new mining work                   number=51 sealhash=8164b3..2410d2 uncles=0 txs=1 gas=46140   fees=0.0009228  elapsed="512.28µs"
INFO [05-23|15:31:38.806] Successfully sealed new block            number=51 sealhash=8164b3..2410d2 hash=7ac501..9ec963 elapsed="769.786µs"
INFO [05-23|15:31:38.806] 🔗 block reached canonical chain          number=44 hash=c22515..2ce7b6
INFO [05-23|15:31:38.806] 🔨 mined potential block                  number=51 hash=7ac501..9ec963
INFO [05-23|15:31:38.807] Commit new mining work                   number=52 sealhash=d9841c..4f1898 uncles=0 txs=0 gas=0       fees=0          elapsed="414.768µs"
INFO [05-23|15:31:38.807] Sealing paused, waiting for transactions 
INFO [05-23|15:31:38.813] Submitted transaction                    hash=0x4836c9f3d5ffa0782799ea830d74c8f9278024b9c41ebfc00f2b7f66e33c039b from=0x1C6351c883e553cCE0dc8b86cDd735c864aCC38D nonce=19 recipient=0xbc532cb0B99376CDD7546130439951707785277c value=0
INFO [05-23|15:31:38.813] Commit new mining work                   number=52 sealhash=c5bbd4..25d06b uncles=0 txs=1 gas=46127   fees=0.00092254 elapsed="531.481µs"
INFO [05-23|15:31:38.814] Successfully sealed new block            number=52 sealhash=c5bbd4..25d06b hash=873924..241f0c elapsed="667.714µs"
INFO [05-23|15:31:38.814] 🔗 block reached canonical chain          number=45 hash=4c9dea..d9ee72
INFO [05-23|15:31:38.814] 🔨 mined potential block                  number=52 hash=873924..241f0c
INFO [05-23|15:31:38.815] Commit new mining work                   number=53 sealhash=e6454c..7dae6e uncles=0 txs=0 gas=0       fees=0          elapsed="441.219µs"
INFO [05-23|15:31:38.815] Sealing paused, waiting for transactions 
INFO [05-23|15:31:38.821] Submitted transaction                    hash=0x0fbd1ffc06818cc858c13ee2d6b2f1fe70b71b59cdeb90045756dfcc2a6183af from=0x65BD395E5D1f30780Fd8bD251E0f536295c61eb2 nonce=20 recipient=0xbc532cb0B99376CDD7546130439951707785277c value=0
INFO [05-23|15:31:38.822] Commit new mining work                   number=53 sealhash=0c8489..137284 uncles=0 txs=1 gas=51775   fees=0.0010355  elapsed="534.935µs"
INFO [05-23|15:31:38.822] Successfully sealed new block            number=53 sealhash=0c8489..137284 hash=add389..74302a elapsed="632.797µs"
INFO [05-23|15:31:38.822] 🔗 block reached canonical chain          number=46 hash=333355..aa86c0
INFO [05-23|15:31:38.822] 🔨 mined potential block                  number=53 hash=add389..74302a
INFO [05-23|15:31:38.823] Commit new mining work                   number=54 sealhash=af34fe..55d76a uncles=0 txs=0 gas=0       fees=0          elapsed="347.722µs"
INFO [05-23|15:31:38.823] Sealing paused, waiting for transactions 
INFO [05-23|15:31:38.830] Submitted transaction                    hash=0xfdaa89e044a4b6fe2e5d1bf62e9bd53c91cb87ce8624d664dc533cf3cd5f10c4 from=0x1C6351c883e553cCE0dc8b86cDd735c864aCC38D nonce=20 recipient=0xbc532cb0B99376CDD7546130439951707785277c value=0
INFO [05-23|15:31:38.831] Commit new mining work                   number=54 sealhash=ff30c4..e42637 uncles=0 txs=1 gas=51925   fees=0.0010385  elapsed="560.618µs"
INFO [05-23|15:31:38.831] Successfully sealed new block            number=54 sealhash=ff30c4..e42637 hash=b2f585..e4e89c elapsed="649.952µs"
INFO [05-23|15:31:38.831] 🔗 block reached canonical chain          number=47 hash=61a724..27a5b4
INFO [05-23|15:31:38.831] 🔨 mined potential block                  number=54 hash=b2f585..e4e89c
INFO [05-23|15:31:38.832] Commit new mining work                   number=55 sealhash=de95e9..c2943d uncles=0 txs=0 gas=0       fees=0          elapsed="318.24µs"
INFO [05-23|15:31:38.832] Sealing paused, waiting for transactions 
INFO [05-23|15:31:38.832] Commit new mining work                   number=55 sealhash=de95e9..c2943d uncles=0 txs=0 gas=0       fees=0          elapsed="732.369µs"
INFO [05-23|15:31:38.839] Submitted transaction                    hash=0x932b1c29a64f0eea2eb4af46bad0f5e53845758104860d7c4726139fe1a33e28 from=0x0e6c9F660F146E31b97144c8714acb0C5D5bed72 nonce=12 recipient=0xbc532cb0B99376CDD7546130439951707785277c value=0
INFO [05-23|15:31:38.840] Commit new mining work                   number=55 sealhash=8a8ad5..7dc9be uncles=0 txs=1 gas=34548   fees=0.00069096 elapsed="699.978µs"
INFO [05-23|15:31:38.841] Successfully sealed new block            number=55 sealhash=8a8ad5..7dc9be hash=750a2e..5f4860 elapsed="841.678µs"
INFO [05-23|15:31:38.841] 🔗 block reached canonical chain          number=48 hash=dac4f5..e87f0f
INFO [05-23|15:31:38.841] 🔨 mined potential block                  number=55 hash=750a2e..5f4860
INFO [05-23|15:31:38.841] Commit new mining work                   number=56 sealhash=489450..dbf8c2 uncles=0 txs=0 gas=0       fees=0          elapsed="480.888µs"
INFO [05-23|15:31:38.841] Sealing paused, waiting for transactions 
INFO [05-23|15:31:38.848] Submitted transaction                    hash=0x811d48d6fa31c4e0d4878fc551ce561eeb6604e4b07cd5385014c523b87ca8d0 from=0x65BD395E5D1f30780Fd8bD251E0f536295c61eb2 nonce=21 recipient=0xbc532cb0B99376CDD7546130439951707785277c value=200,000,000,000,000,000
INFO [05-23|15:31:38.848] Commit new mining work                   number=56 sealhash=e1ad67..12278e uncles=0 txs=1 gas=43544   fees=0.00087088 elapsed="524.157µs"
INFO [05-23|15:31:38.849] Successfully sealed new block            number=56 sealhash=e1ad67..12278e hash=342b3f..39033b elapsed="522.174µs"
INFO [05-23|15:31:38.849] 🔗 block reached canonical chain          number=49 hash=f2e7ef..613208
INFO [05-23|15:31:38.849] 🔨 mined potential block                  number=56 hash=342b3f..39033b
INFO [05-23|15:31:38.849] Commit new mining work                   number=57 sealhash=a01480..8ef38d uncles=0 txs=0 gas=0       fees=0          elapsed="259.177µs"
INFO [05-23|15:31:38.849] Sealing paused, waiting for transactions 
INFO [05-23|15:31:38.849] Commit new mining work                   number=57 sealhash=a01480..8ef38d uncles=0 txs=0 gas=0       fees=0          elapsed="561.997µs"
INFO [05-23|15:31:38.856] Submitted transaction                    hash=0xe9c4af5f66bf2607da01134987f742618906b7475f1dcdbdf3658bd616d3ba54 from=0x1C6351c883e553cCE0dc8b86cDd735c864aCC38D nonce=21 recipient=0xbc532cb0B99376CDD7546130439951707785277c value=200,000,000,000,000,000
INFO [05-23|15:31:38.857] Commit new mining work                   number=57 sealhash=c11c34..0f2928 uncles=0 txs=1 gas=43587   fees=0.00087174 elapsed="477.893µs"
INFO [05-23|15:31:38.857] Successfully sealed new block            number=57 sealhash=c11c34..0f2928 hash=d66ac4..4f217a elapsed="575.12µs"
INFO [05-23|15:31:38.858] 🔗 block reached canonical chain          number=50 hash=3d5fbf..474922
INFO [05-23|15:31:38.858] 🔨 mined potential block                  number=57 hash=d66ac4..4f217a
INFO [05-23|15:31:38.858] Commit new mining work                   number=58 sealhash=c44289..4bb995 uncles=0 txs=0 gas=0       fees=0          elapsed="285.847µs"
INFO [05-23|15:31:38.858] Sealing paused, waiting for transactions 
INFO [05-23|15:31:38.865] Submitted transaction                    hash=0x6e21c0a8d6a117888ad049ce610f0c168e04897cda0ad758f1cd31114e8df009 from=0x65BD395E5D1f30780Fd8bD251E0f536295c61eb2 nonce=22 recipient=0xbc532cb0B99376CDD7546130439951707785277c value=0
INFO [05-23|15:31:38.866] Commit new mining work                   number=58 sealhash=ff0987..aab739 uncles=0 txs=1 gas=46140   fees=0.0009228  elapsed="539.161µs"
INFO [05-23|15:31:38.866] Successfully sealed new block            number=58 sealhash=ff0987..aab739 hash=ff51e7..4ca900 elapsed="621.603µs"
INFO [05-23|15:31:38.866] 🔗 block reached canonical chain          number=51 hash=7ac501..9ec963
INFO [05-23|15:31:38.866] 🔨 mined potential block                  number=58 hash=ff51e7..4ca900
INFO [05-23|15:31:38.867] Commit new mining work                   number=59 sealhash=a03dcb..8ef691 uncles=0 txs=0 gas=0       fees=0          elapsed="311.208µs"
INFO [05-23|15:31:38.867] Sealing paused, waiting for transactions 
INFO [05-23|15:31:38.874] Submitted transaction                    hash=0xf7e22d0611165842c743fdfafa4e5b13840d48924054a3be0f95cd111f98ef4c from=0x1C6351c883e553cCE0dc8b86cDd735c864aCC38D nonce=22 recipient=0xbc532cb0B99376CDD7546130439951707785277c value=0
INFO [05-23|15:31:38.875] Commit new mining work                   number=59 sealhash=283f5b..24694b uncles=0 txs=1 gas=46127   fees=0.00092254 elapsed="518.142µs"
INFO [05-23|15:31:38.875] Successfully sealed new block            number=59 sealhash=283f5b..24694b hash=ea4dae..36dce2 elapsed="697.402µs"
INFO [05-23|15:31:38.875] 🔗 block reached canonical chain          number=52 hash=873924..241f0c
INFO [05-23|15:31:38.875] 🔨 mined potential block                  number=59 hash=ea4dae..36dce2
INFO [05-23|15:31:38.876] Commit new mining work                   number=60 sealhash=2e1160..426b0b uncles=0 txs=0 gas=0       fees=0          elapsed="351.763µs"
INFO [05-23|15:31:38.876] Sealing paused, waiting for transactions 
INFO [05-23|15:31:38.883] Submitted transaction                    hash=0xe985be231d0624272245cc1d896dbef77be5c715a2e4c8af322939f27ebda01a from=0x65BD395E5D1f30780Fd8bD251E0f536295c61eb2 nonce=23 recipient=0xbc532cb0B99376CDD7546130439951707785277c value=0
INFO [05-23|15:31:38.884] Commit new mining work                   number=60 sealhash=5aee01..d9c492 uncles=0 txs=1 gas=51775   fees=0.0010355  elapsed="542.882µs"
INFO [05-23|15:31:38.885] Successfully sealed new block            number=60 sealhash=5aee01..d9c492 hash=dbff24..2cb59e elapsed="575.856µs"
INFO [05-23|15:31:38.885] 🔗 block reached canonical chain          number=53 hash=add389..74302a
INFO [05-23|15:31:38.885] 🔨 mined potential block                  number=60 hash=dbff24..2cb59e
INFO [05-23|15:31:38.885] Commit new mining work                   number=61 sealhash=34c7b5..9fba9c uncles=0 txs=0 gas=0       fees=0          elapsed="347.211µs"
INFO [05-23|15:31:38.885] Sealing paused, waiting for transactions 
INFO [05-23|15:31:38.891] Submitted transaction                    hash=0x46ccddb278b72ebc62cc053133ca14961beea2b0240576680cb7275f4b5fc9e7 from=0x1C6351c883e553cCE0dc8b86cDd735c864aCC38D nonce=23 recipient=0xbc532cb0B99376CDD7546130439951707785277c value=0
INFO [05-23|15:31:38.892] Commit new mining work                   number=61 sealhash=753692..a8e71b uncles=0 txs=1 gas=51925   fees=0.0010385  elapsed="521.933µs"
INFO [05-23|15:31:38.892] Successfully sealed new block            number=61 sealhash=753692..a8e71b hash=a74aec..d25ca8 elapsed="476.476µs"
INFO [05-23|15:31:38.892] 🔗 block reached canonical chain          number=54 hash=b2f585..e4e89c
INFO [05-23|15:31:38.892] 🔨 mined potential block                  number=61 hash=a74aec..d25ca8
INFO [05-23|15:31:38.893] Commit new mining work                   number=62 sealhash=2c6845..787c72 uncles=0 txs=0 gas=0       fees=0          elapsed="260.3µs"
INFO [05-23|15:31:38.893] Sealing paused, waiting for transactions 
INFO [05-23|15:31:38.893] Commit new mining work                   number=62 sealhash=2c6845..787c72 uncles=0 txs=0 gas=0       fees=0          elapsed="515.918µs"
INFO [05-23|15:31:38.899] Submitted transaction                    hash=0x112faf12aff8908bbfb1cffd7f57817a94ff70e46d42b03db962ca9b5384cffa from=0x0e6c9F660F146E31b97144c8714acb0C5D5bed72 nonce=13 recipient=0xbc532cb0B99376CDD7546130439951707785277c value=0
INFO [05-23|15:31:38.900] Commit new mining work                   number=62 sealhash=4cbcfe..2d3fde uncles=0 txs=1 gas=34548   fees=0.00069096 elapsed="663.168µs"
INFO [05-23|15:31:38.900] Successfully sealed new block            number=62 sealhash=4cbcfe..2d3fde hash=4d51fa..440e73 elapsed="557.571µs"
INFO [05-23|15:31:38.901] 🔗 block reached canonical chain          number=55 hash=750a2e..5f4860
INFO [05-23|15:31:38.901] 🔨 mined potential block                  number=62 hash=4d51fa..440e73
INFO [05-23|15:31:38.901] Commit new mining work                   number=63 sealhash=f750a6..04461e uncles=0 txs=0 gas=0       fees=0          elapsed="333.479µs"
INFO [05-23|15:31:38.901] Sealing paused, waiting for transactions 
INFO [05-23|15:31:38.909] Submitted transaction                    hash=0xfb13c84bb8bf37733c018b1b6cee957fa1afc54cde7a98e59155f9c0248b061c from=0x65BD395E5D1f30780Fd8bD251E0f536295c61eb2 nonce=24 recipient=0xbc532cb0B99376CDD7546130439951707785277c value=200,000,000,000,000,000
INFO [05-23|15:31:38.910] Commit new mining work                   number=63 sealhash=f50d2e..d723d7 uncles=0 txs=1 gas=43544   fees=0.00087088 elapsed="460.936µs"
INFO [05-23|15:31:38.910] Successfully sealed new block            number=63 sealhash=f50d2e..d723d7 hash=f11662..39fda7 elapsed="633.187µs"
INFO [05-23|15:31:38.910] 🔗 block reached canonical chain          number=56 hash=342b3f..39033b
INFO [05-23|15:31:38.910] 🔨 mined potential block                  number=63 hash=f11662..39fda7
INFO [05-23|15:31:38.911] Commit new mining work                   number=64 sealhash=3c5094..495f31 uncles=0 txs=0 gas=0       fees=0          elapsed="433.171µs"
INFO [05-23|15:31:38.911] Sealing paused, waiting for transactions 
INFO [05-23|15:31:38.918] Submitted transaction                    hash=0x4d6e5d481ae2e8b0e2162dad7d20483ed9fc6aae5b5eb1b466f2c090167d4f5a from=0x1C6351c883e553cCE0dc8b86cDd735c864aCC38D nonce=24 recipient=0xbc532cb0B99376CDD7546130439951707785277c value=200,000,000,000,000,000
INFO [05-23|15:31:38.918] Commit new mining work                   number=64 sealhash=5419b5..985a4b uncles=0 txs=1 gas=43587   fees=0.00087174 elapsed="419.578µs"
INFO [05-23|15:31:38.918] Successfully sealed new block            number=64 sealhash=5419b5..985a4b hash=b15b2c..76dbce elapsed="516.518µs"
INFO [05-23|15:31:38.919] 🔗 block reached canonical chain          number=57 hash=d66ac4..4f217a
INFO [05-23|15:31:38.919] 🔨 mined potential block                  number=64 hash=b15b2c..76dbce
INFO [05-23|15:31:38.919] Commit new mining work                   number=65 sealhash=9b0820..4a66d7 uncles=0 txs=0 gas=0       fees=0          elapsed="297.936µs"
INFO [05-23|15:31:38.919] Sealing paused, waiting for transactions 
INFO [05-23|15:31:38.919] Commit new mining work                   number=65 sealhash=9b0820..4a66d7 uncles=0 txs=0 gas=0       fees=0          elapsed="624.963µs"
INFO [05-23|15:31:38.926] Submitted transaction                    hash=0x061d1163fba981525807ab2cc801cb0e6bdcfcf3b8bb8712ca16f2729766e3ea from=0x65BD395E5D1f30780Fd8bD251E0f536295c61eb2 nonce=25 recipient=0xbc532cb0B99376CDD7546130439951707785277c value=0
INFO [05-23|15:31:38.926] Commit new mining work                   number=65 sealhash=d20449..a0412b uncles=0 txs=1 gas=46140   fees=0.0009228  elapsed="499.161µs"
INFO [05-23|15:31:38.927] Successfully sealed new block            number=65 sealhash=d20449..a0412b hash=2bca41..59fc8e elapsed="809.433µs"
INFO [05-23|15:31:38.927] 🔗 block reached canonical chain          number=58 hash=ff51e7..4ca900
INFO [05-23|15:31:38.927] 🔨 mined potential block                  number=65 hash=2bca41..59fc8e
INFO [05-23|15:31:38.928] Commit new mining work                   number=66 sealhash=cdcb77..120763 uncles=0 txs=0 gas=0       fees=0          elapsed="409.209µs"
INFO [05-23|15:31:38.928] Sealing paused, waiting for transactions 
INFO [05-23|15:31:38.935] Submitted transaction                    hash=0x74793efc16fcbf4a3f3cac2e405aad91e3ffcecb383224546e289f933f959f84 from=0x1C6351c883e553cCE0dc8b86cDd735c864aCC38D nonce=25 recipient=0xbc532cb0B99376CDD7546130439951707785277c value=0
INFO [05-23|15:31:38.935] Commit new mining work                   number=66 sealhash=626859..b1c5ef uncles=0 txs=1 gas=46127   fees=0.00092254 elapsed="578.601µs"
INFO [05-23|15:31:38.936] Successfully sealed new block            number=66 sealhash=626859..b1c5ef hash=832bad..fef19e elapsed="746.684µs"
INFO [05-23|15:31:38.936] 🔗 block reached canonical chain          number=59 hash=ea4dae..36dce2
INFO [05-23|15:31:38.936] 🔨 mined potential block                  number=66 hash=832bad..fef19e
INFO [05-23|15:31:38.937] Commit new mining work                   number=67 sealhash=44aece..2830d2 uncles=0 txs=0 gas=0       fees=0          elapsed="353.001µs"
INFO [05-23|15:31:38.937] Sealing paused, waiting for transactions 
INFO [05-23|15:31:38.943] Submitted transaction                    hash=0x4be64fe673b2e1ca325ceb1a07774d964bf31c4268e6af948ed55835b9ebfdc9 from=0x65BD395E5D1f30780Fd8bD251E0f536295c61eb2 nonce=26 recipient=0xbc532cb0B99376CDD7546130439951707785277c value=0
INFO [05-23|15:31:38.943] Commit new mining work                   number=67 sealhash=25311b..34c4cd uncles=0 txs=1 gas=51775   fees=0.0010355  elapsed="657.153µs"
INFO [05-23|15:31:38.944] Successfully sealed new block            number=67 sealhash=25311b..34c4cd hash=ec66f0..766538 elapsed="753.661µs"
INFO [05-23|15:31:38.944] 🔗 block reached canonical chain          number=60 hash=dbff24..2cb59e
INFO [05-23|15:31:38.944] 🔨 mined potential block                  number=67 hash=ec66f0..766538
INFO [05-23|15:31:38.945] Commit new mining work                   number=68 sealhash=513d59..f225c4 uncles=0 txs=0 gas=0       fees=0          elapsed="449.581µs"
INFO [05-23|15:31:38.945] Sealing paused, waiting for transactions 
INFO [05-23|15:31:38.960] Submitted transaction                    hash=0x484ac3f7362247111ed05c8816383b09a27bfb9b1ec588c9ac90e71c6259cc9e from=0x1C6351c883e553cCE0dc8b86cDd735c864aCC38D nonce=26 recipient=0xbc532cb0B99376CDD7546130439951707785277c value=0
INFO [05-23|15:31:38.960] Commit new mining work                   number=68 sealhash=ebeb36..878b34 uncles=0 txs=1 gas=51925   fees=0.0010385  elapsed="556.393µs"
INFO [05-23|15:31:38.961] Successfully sealed new block            number=68 sealhash=ebeb36..878b34 hash=0c2a05..b4895c elapsed="677.584µs"
INFO [05-23|15:31:38.961] 🔗 block reached canonical chain          number=61 hash=a74aec..d25ca8
INFO [05-23|15:31:38.961] 🔨 mined potential block                  number=68 hash=0c2a05..b4895c
INFO [05-23|15:31:38.962] Commit new mining work                   number=69 sealhash=fb81f0..b49e41 uncles=0 txs=0 gas=0       fees=0          elapsed="399.852µs"
INFO [05-23|15:31:38.962] Sealing paused, waiting for transactions 
INFO [05-23|15:31:38.967] Submitted transaction                    hash=0xfd8bb7398d54e7766caf4f8746eb86b8f74c41b98b40cd7df01aff9debcdb6d4 from=0x0e6c9F660F146E31b97144c8714acb0C5D5bed72 nonce=14 recipient=0xbc532cb0B99376CDD7546130439951707785277c value=0
INFO [05-23|15:31:38.968] Commit new mining work                   number=69 sealhash=21be79..5b62fe uncles=0 txs=1 gas=34548   fees=0.00069096 elapsed="703.105µs"
INFO [05-23|15:31:38.968] Successfully sealed new block            number=69 sealhash=21be79..5b62fe hash=13c1a5..a2fd52 elapsed="476.247µs"
INFO [05-23|15:31:38.968] 🔗 block reached canonical chain          number=62 hash=4d51fa..440e73
INFO [05-23|15:31:38.968] 🔨 mined potential block                  number=69 hash=13c1a5..a2fd52
INFO [05-23|15:31:38.969] Commit new mining work                   number=70 sealhash=2345c7..9dae45 uncles=0 txs=0 gas=0       fees=0          elapsed="355.66µs"
INFO [05-23|15:31:38.969] Sealing paused, waiting for transactions 
INFO [05-23|15:31:38.975] Submitted transaction                    hash=0xc583dab17347786e6195424defed070788d4244f48299684f56cb40a783c49fc from=0x65BD395E5D1f30780Fd8bD251E0f536295c61eb2 nonce=27 recipient=0xbc532cb0B99376CDD7546130439951707785277c value=200,000,000,000,000,000
INFO [05-23|15:31:38.975] Commit new mining work                   number=70 sealhash=2b6aa8..ae1ba7 uncles=0 txs=1 gas=43544   fees=0.00087088 elapsed="676.426µs"
INFO [05-23|15:31:38.976] Successfully sealed new block            number=70 sealhash=2b6aa8..ae1ba7 hash=5b229c..a39130 elapsed="646.627µs"
INFO [05-23|15:31:38.976] 🔗 block reached canonical chain          number=63 hash=f11662..39fda7
INFO [05-23|15:31:38.976] 🔨 mined potential block                  number=70 hash=5b229c..a39130
INFO [05-23|15:31:38.977] Commit new mining work                   number=71 sealhash=56c507..ef4e05 uncles=0 txs=0 gas=0       fees=0          elapsed="414.105µs"
INFO [05-23|15:31:38.977] Sealing paused, waiting for transactions 
INFO [05-23|15:31:38.984] Submitted transaction                    hash=0x087954f6b26dcb39c91f66ea0552152951125a19d3ef29706adfdd8531de2ddc from=0x1C6351c883e553cCE0dc8b86cDd735c864aCC38D nonce=27 recipient=0xbc532cb0B99376CDD7546130439951707785277c value=200,000,000,000,000,000
INFO [05-23|15:31:38.984] Commit new mining work                   number=71 sealhash=b30892..0a9499 uncles=0 txs=1 gas=43587   fees=0.00087174 elapsed="542.935µs"
INFO [05-23|15:31:38.985] Successfully sealed new block            number=71 sealhash=b30892..0a9499 hash=211ed8..ae0dec elapsed="739.739µs"
INFO [05-23|15:31:38.985] 🔗 block reached canonical chain          number=64 hash=b15b2c..76dbce
INFO [05-23|15:31:38.985] 🔨 mined potential block                  number=71 hash=211ed8..ae0dec
INFO [05-23|15:31:38.986] Commit new mining work                   number=72 sealhash=7b46d9..7ab104 uncles=0 txs=0 gas=0       fees=0          elapsed="426.667µs"
INFO [05-23|15:31:38.986] Sealing paused, waiting for transactions 
INFO [05-23|15:31:38.992] Submitted transaction                    hash=0x9b1ce86d8cf664c01ba578d6067efc3625476b755c1b645243edf41c6887e987 from=0x65BD395E5D1f30780Fd8bD251E0f536295c61eb2 nonce=28 recipient=0xbc532cb0B99376CDD7546130439951707785277c value=0
INFO [05-23|15:31:38.992] Commit new mining work                   number=72 sealhash=4dd233..67752d uncles=0 txs=1 gas=46140   fees=0.0009228  elapsed="525.626µs"
INFO [05-23|15:31:38.993] Successfully sealed new block            number=72 sealhash=4dd233..67752d hash=c8ded9..9e31d0 elapsed="558.725µs"
INFO [05-23|15:31:38.993] 🔗 block reached canonical chain          number=65 hash=2bca41..59fc8e
INFO [05-23|15:31:38.993] 🔨 mined potential block                  number=72 hash=c8ded9..9e31d0
INFO [05-23|15:31:38.993] Commit new mining work                   number=73 sealhash=227ff6..f7ca0f uncles=0 txs=0 gas=0       fees=0          elapsed="290.946µs"
INFO [05-23|15:31:38.993] Sealing paused, waiting for transactions 
INFO [05-23|15:31:39.000] Submitted transaction                    hash=0x958d586eaab403eb573ae6fd74b388be54c7b59314866acf0e9e6e3823d91fe7 from=0x1C6351c883e553cCE0dc8b86cDd735c864aCC38D nonce=28 recipient=0xbc532cb0B99376CDD7546130439951707785277c value=0
INFO [05-23|15:31:39.001] Commit new mining work                   number=73 sealhash=69002d..7c1e41 uncles=0 txs=1 gas=46127   fees=0.00092254 elapsed="614.561µs"
INFO [05-23|15:31:39.002] Successfully sealed new block            number=73 sealhash=69002d..7c1e41 hash=991081..a9f909 elapsed="577.686µs"
INFO [05-23|15:31:39.002] 🔗 block reached canonical chain          number=66 hash=832bad..fef19e
INFO [05-23|15:31:39.002] 🔨 mined potential block                  number=73 hash=991081..a9f909
INFO [05-23|15:31:39.002] Commit new mining work                   number=74 sealhash=3bc5dc..57030c uncles=0 txs=0 gas=0       fees=0          elapsed="425.372µs"
INFO [05-23|15:31:39.002] Sealing paused, waiting for transactions 
INFO [05-23|15:31:39.009] Submitted transaction                    hash=0xe17a2ce9a6366d7891d561096a6cfb67b9705dc88a42f48ff29e5d2d25e1f810 from=0x65BD395E5D1f30780Fd8bD251E0f536295c61eb2 nonce=29 recipient=0xbc532cb0B99376CDD7546130439951707785277c value=0
INFO [05-23|15:31:39.009] Commit new mining work                   number=74 sealhash=7a68ba..d2df6a uncles=0 txs=1 gas=51775   fees=0.0010355  elapsed="524.402µs"
INFO [05-23|15:31:39.010] Successfully sealed new block            number=74 sealhash=7a68ba..d2df6a hash=984e2a..ebea77 elapsed="612.57µs"
INFO [05-23|15:31:39.010] 🔗 block reached canonical chain          number=67 hash=ec66f0..766538
INFO [05-23|15:31:39.010] 🔨 mined potential block                  number=74 hash=984e2a..ebea77
INFO [05-23|15:31:39.010] Commit new mining work                   number=75 sealhash=8b8a55..580ec0 uncles=0 txs=0 gas=0       fees=0          elapsed="322.188µs"
INFO [05-23|15:31:39.010] Sealing paused, waiting for transactions 
INFO [05-23|15:31:39.017] Submitted transaction                    hash=0x51008ae6c569ae09177288b78e7e11a21b55782a1411ea5d58931b93781fcdd8 from=0x1C6351c883e553cCE0dc8b86cDd735c864aCC38D nonce=29 recipient=0xbc532cb0B99376CDD7546130439951707785277c value=0
INFO [05-23|15:31:39.017] Commit new mining work                   number=75 sealhash=80520a..5f8c55 uncles=0 txs=1 gas=51925   fees=0.0010385  elapsed="565.399µs"
INFO [05-23|15:31:39.018] Successfully sealed new block            number=75 sealhash=80520a..5f8c55 hash=d1fe31..eb8f9a elapsed="772.487µs"
INFO [05-23|15:31:39.018] 🔗 block reached canonical chain          number=68 hash=0c2a05..b4895c
INFO [05-23|15:31:39.018] 🔨 mined potential block                  number=75 hash=d1fe31..eb8f9a
INFO [05-23|15:31:39.019] Commit new mining work                   number=76 sealhash=b22627..59921d uncles=0 txs=0 gas=0       fees=0          elapsed="413.804µs"
INFO [05-23|15:31:39.019] Sealing paused, waiting for transactions 
INFO [05-23|15:31:39.026] Submitted transaction                    hash=0xa3fa22678f055890b77ead2c7c7e769d6dc58814e4d7de58cfe10c46ae520618 from=0x0e6c9F660F146E31b97144c8714acb0C5D5bed72 nonce=15 recipient=0xbc532cb0B99376CDD7546130439951707785277c value=0
INFO [05-23|15:31:39.027] Commit new mining work                   number=76 sealhash=60f416..8f6acd uncles=0 txs=1 gas=34548   fees=0.00069096 elapsed="811.612µs"
INFO [05-23|15:31:39.027] Successfully sealed new block            number=76 sealhash=60f416..8f6acd hash=f01497..3f7a8f elapsed="800.052µs"
INFO [05-23|15:31:39.027] 🔗 block reached canonical chain          number=69 hash=13c1a5..a2fd52
INFO [05-23|15:31:39.027] 🔨 mined potential block                  number=76 hash=f01497..3f7a8f
INFO [05-23|15:31:39.028] Commit new mining work                   number=77 sealhash=e1895d..e8381f uncles=0 txs=0 gas=0       fees=0          elapsed="421.543µs"
INFO [05-23|15:31:39.028] Sealing paused, waiting for transactions 
INFO [05-23|15:31:44.466] Got interrupt, shutting down... 
INFO [05-23|15:31:44.468] HTTP server stopped                      endpoint=127.0.0.1:8545
INFO [05-23|15:31:44.468] IPC endpoint closed                      url=/tmp/geth.ipc
INFO [05-23|15:31:44.549] Deallocated state bloom                  items=12 errorrate=0.000
INFO [05-23|15:31:44.550] Ethereum protocol stopped 
INFO [05-23|15:31:44.550] Transaction pool stopped 
INFO [05-23|15:31:44.551] Writing cached state to disk             block=76 hash=f01497..3f7a8f root=a0fa7c..005304
INFO [05-23|15:31:44.551] Persisted trie from memory database      nodes=13 size=2.00KiB   time="153.566µs" gcnodes=0 gcsize=0.00B gctime=0s livenodes=403 livesize=75.86KiB
INFO [05-23|15:31:44.551] Writing cached state to disk             block=75 hash=d1fe31..eb8f9a root=12b30c..7386dc
INFO [05-23|15:31:44.552] Persisted trie from memory database      nodes=13 size=2.05KiB   time="117.151µs" gcnodes=0 gcsize=0.00B gctime=0s livenodes=390 livesize=73.81KiB
INFO [05-23|15:31:44.552] Writing snapshot state to disk           root=868756..fe3ebb
INFO [05-23|15:31:44.552] Persisted trie from memory database      nodes=0  size=0.00B     time="2.313µs"   gcnodes=0 gcsize=0.00B gctime=0s livenodes=390 livesize=73.81KiB
INFO [05-23|15:31:44.553] Blockchain stopped 
INFO [05-23|15:31:44.654] Done writing CPU profile                 dump=/tmp/profile
