INFO [05-24|09:32:22.948] Starting Geth in ephemeral dev mode... 
INFO [05-24|09:32:22.952] Maximum peer count                       ETH=50 LES=0 total=50
INFO [05-24|09:32:22.952] Smartcard socket not found, disabling    err="stat /run/pcscd/pcscd.comm: no such file or directory"
INFO [05-24|09:32:22.956] Set global gas cap                       cap=25,000,000
INFO [05-24|09:32:26.931] Using developer account                  address=0xA4CBeFE33FdDbFDD930ffec22bc2A849b1a7Be04
INFO [05-24|09:32:26.938] Allocated trie memory caches             clean=154.00MiB dirty=256.00MiB
INFO [05-24|09:32:26.938] Writing custom genesis block 
INFO [05-24|09:32:26.941] Persisted trie from memory database      nodes=12 size=1.82KiB time="148.794µs" gcnodes=0 gcsize=0.00B gctime=0s livenodes=1 livesize=0.00B
INFO [05-24|09:32:26.942] Initialised chain configuration          config="{ChainID: 1337 Homestead: 0 DAO: <nil> DAOSupport: false EIP150: 0 EIP155: 0 EIP158: 0 Byzantium: 0 Constantinople: 0 Petersburg: 0 Istanbul: 0, Muir Glacier: 0, Berlin: 0, YOLO v3: <nil>, Engine: clique}"
INFO [05-24|09:32:26.942] Initialising Ethereum protocol           network=1337 dbversion=<nil>
INFO [05-24|09:32:26.943] Loaded most recent local header          number=0 hash=976026..56c1ad td=1 age=52y1mo3w
INFO [05-24|09:32:26.943] Loaded most recent local full block      number=0 hash=976026..56c1ad td=1 age=52y1mo3w
INFO [05-24|09:32:26.943] Loaded most recent local fast block      number=0 hash=976026..56c1ad td=1 age=52y1mo3w
WARN [05-24|09:32:26.943] Failed to load snapshot, regenerating    err="missing or corrupted snapshot"
INFO [05-24|09:32:26.943] Rebuilding state snapshot 
INFO [05-24|09:32:26.944] Resuming state snapshot generation       root=3657e9..8ff9a7 accounts=0 slots=0 storage=0.00B elapsed="844.316µs"
INFO [05-24|09:32:26.945] Generated state snapshot                 accounts=10 slots=0 storage=412.00B elapsed=1.582ms
INFO [05-24|09:32:27.631] Allocated fast sync bloom                size=512.00MiB
INFO [05-24|09:32:27.632] Initialized state bloom                  items=12 errorrate=0.000 elapsed="31.754µs"
WARN [05-24|09:32:27.639] Error reading unclean shutdown markers   error="not found"
INFO [05-24|09:32:27.641] Starting peer-to-peer node               instance=Geth/v1.10.3-stable-991384a7/linux-amd64/go1.16.3
INFO [05-24|09:32:27.641] Stored checkpoint snapshot to disk       number=0 hash=976026..56c1ad
WARN [05-24|09:32:27.642] P2P server will be useless, neither dialing nor listening 
INFO [05-24|09:32:27.648] New local node record                    seq=1 id=b522027216369c1a ip=127.0.0.1 udp=0 tcp=0
INFO [05-24|09:32:27.648] Started P2P networking                   self=enode://e78bf0169d7ae66d77a22562ff6e894d8fbd1595460f76a8a23d2ee594b48e3bec7a93d4196fb2d15f3371ae000d569c7bafd2577126ac106174eb2a80808846@127.0.0.1:0
INFO [05-24|09:32:27.654] IPC endpoint opened                      url=/tmp/geth.ipc
INFO [05-24|09:32:27.851] HTTP server started                      endpoint=127.0.0.1:8545 prefix= cors= vhosts=localhost
INFO [05-24|09:32:27.854] Transaction pool price threshold updated price=1,000,000,000
INFO [05-24|09:32:27.855] Transaction pool price threshold updated price=1
INFO [05-24|09:32:27.855] Etherbase automatically configured       address=0xA4CBeFE33FdDbFDD930ffec22bc2A849b1a7Be04
WARN [05-24|09:32:27.854] Failed to get free disk space            path= err="failed to call Statfs: no such file or directory"
INFO [05-24|09:32:27.855] Commit new mining work                   number=1 sealhash=d33dcb..7304e9 uncles=0 txs=0 gas=0 fees=0 elapsed="132.872µs"
INFO [05-24|09:32:27.855] Sealing paused, waiting for transactions 
INFO [05-24|09:32:38.367] Your new key was generated               address=0x65c08Cbf88dd60A77f7fdFF90Feb8F59cBF0916f
WARN [05-24|09:32:38.374] Please backup your key file!             path=/tmp/go-ethereum-keystore355002133/UTC--2021-05-24T07-32-33.090910697Z--65c08cbf88dd60a77f7fdff90feb8f59cbf0916f
WARN [05-24|09:32:38.374] Please remember your password! 
INFO [05-24|09:32:43.581] Your new key was generated               address=0x4A98bc3db6370BB10901e42BCA85aE66889D3348
WARN [05-24|09:32:43.591] Please backup your key file!             path=/tmp/go-ethereum-keystore355002133/UTC--2021-05-24T07-32-40.366598952Z--4a98bc3db6370bb10901e42bca85ae66889d3348
WARN [05-24|09:32:43.591] Please remember your password! 
INFO [05-24|09:32:43.630] Setting new local account                address=0xA4CBeFE33FdDbFDD930ffec22bc2A849b1a7Be04
INFO [05-24|09:32:43.632] Submitted transaction                    hash=0x8ad6e31bf09ba9e69a980339ca7bd044c822f92338ce7037a3e5aaf04087b23f from=0xA4CBeFE33FdDbFDD930ffec22bc2A849b1a7Be04 nonce=0 recipient=0x65c08Cbf88dd60A77f7fdFF90Feb8F59cBF0916f value=100,000,000,000,000,000,000
INFO [05-24|09:32:43.657] Submitted transaction                    hash=0xef03bc4cd43e663283a781438e8cfb687c233b735523c56abaabe94f547ca1f5 from=0xA4CBeFE33FdDbFDD930ffec22bc2A849b1a7Be04 nonce=1 recipient=0x4A98bc3db6370BB10901e42BCA85aE66889D3348 value=100,000,000,000,000,000,000
INFO [05-24|09:32:43.717] Commit new mining work                   number=1 sealhash=be001c..79d112 uncles=0 txs=2 gas=42000 fees=4.2e-14 elapsed=85.130ms
INFO [05-24|09:32:43.719] Commit new mining work                   number=1 sealhash=be001c..79d112 uncles=0 txs=2 gas=42000 fees=4.2e-14 elapsed="693.728µs"
INFO [05-24|09:32:43.808] Successfully sealed new block            number=1 sealhash=be001c..79d112 hash=943026..8c6bec elapsed=90.919ms
INFO [05-24|09:32:43.808] 🔨 mined potential block                  number=1 hash=943026..8c6bec
INFO [05-24|09:32:43.809] Commit new mining work                   number=2 sealhash=ea1e49..c8c2e9 uncles=0 txs=0 gas=0     fees=0       elapsed="450.456µs"
INFO [05-24|09:32:43.809] Sealing paused, waiting for transactions 
INFO [05-24|09:32:47.908] CPU profiling started                    dump=/tmp/profile
INFO [05-24|09:33:01.167] Submitted contract creation              hash=0x2ac71323ce53e2d41796d7a94de85aab07b4145e9ac7d00a460823262a8e16d4 from=0xA4CBeFE33FdDbFDD930ffec22bc2A849b1a7Be04 nonce=2 contract=0x6e3Ee30a61a28840821ddaBDbcAe87188E36651e value=0
INFO [05-24|09:33:01.170] Commit new mining work                   number=2 sealhash=a5088b..e035a6 uncles=0 txs=1 gas=193,243 fees=0.00386486 elapsed=2.905ms
INFO [05-24|09:33:01.172] Successfully sealed new block            number=2 sealhash=a5088b..e035a6 hash=715899..d7248d elapsed=2.440ms
INFO [05-24|09:33:01.177] 🔨 mined potential block                  number=2 hash=715899..d7248d
INFO [05-24|09:33:01.177] Sealing paused, waiting for transactions 
INFO [05-24|09:33:01.177] Commit new mining work                   number=3 sealhash=16f599..0baeed uncles=0 txs=0 gas=0       fees=0          elapsed="590.994µs"
INFO [05-24|09:33:01.228] Submitted transaction                    hash=0xa737d0421b0d15b3d3bc907bdc1a588ade361802f31546355951c526686c2460 from=0xA4CBeFE33FdDbFDD930ffec22bc2A849b1a7Be04 nonce=3 recipient=0x6e3Ee30a61a28840821ddaBDbcAe87188E36651e value=0
INFO [05-24|09:33:01.229] Commit new mining work                   number=3 sealhash=81161d..356900 uncles=0 txs=1 gas=45738   fees=0.00091476 elapsed="446.292µs"
INFO [05-24|09:33:01.230] Successfully sealed new block            number=3 sealhash=81161d..356900 hash=3e7321..c10c4f elapsed=1.595ms
INFO [05-24|09:33:01.231] 🔨 mined potential block                  number=3 hash=3e7321..c10c4f
INFO [05-24|09:33:01.232] Commit new mining work                   number=4 sealhash=6a98ca..e80598 uncles=0 txs=0 gas=0       fees=0          elapsed=1.275ms
INFO [05-24|09:33:01.232] Sealing paused, waiting for transactions 
INFO [05-24|09:33:01.360] Submitted contract creation              hash=0x2350576f690de7dacff48a932e3e10a9d55a3a82f071052a72f2dbe66e1afa26 from=0xA4CBeFE33FdDbFDD930ffec22bc2A849b1a7Be04 nonce=4 contract=0xfbF68028CB1a0ac2075372Ee1726C3417d367Bb4 value=0
INFO [05-24|09:33:01.360] Commit new mining work                   number=4 sealhash=47280f..e135c0 uncles=0 txs=1 gas=691,120 fees=0.0138224  elapsed="397.894µs"
INFO [05-24|09:33:01.361] Successfully sealed new block            number=4 sealhash=47280f..e135c0 hash=de4d1d..5ba289 elapsed="604.205µs"
INFO [05-24|09:33:01.361] 🔨 mined potential block                  number=4 hash=de4d1d..5ba289
INFO [05-24|09:33:01.361] Commit new mining work                   number=5 sealhash=27e9ee..c5fcb3 uncles=0 txs=0 gas=0       fees=0          elapsed="477.42µs"
INFO [05-24|09:33:01.361] Sealing paused, waiting for transactions 
INFO [05-24|09:33:01.397] Submitted transaction                    hash=0x175beedccfeb951c1284758e11ad95150a78fcc9346f54306f369474337a543e from=0xA4CBeFE33FdDbFDD930ffec22bc2A849b1a7Be04 nonce=5 recipient=0x6e3Ee30a61a28840821ddaBDbcAe87188E36651e value=0
INFO [05-24|09:33:01.397] Commit new mining work                   number=5 sealhash=bf5683..5378da uncles=0 txs=1 gas=28638   fees=0.00057276 elapsed="438.714µs"
INFO [05-24|09:33:01.398] Successfully sealed new block            number=5 sealhash=bf5683..5378da hash=cd2efe..8d802f elapsed="467.96µs"
INFO [05-24|09:33:01.398] 🔨 mined potential block                  number=5 hash=cd2efe..8d802f
INFO [05-24|09:33:01.398] Commit new mining work                   number=6 sealhash=8f1ccb..1ee6c6 uncles=0 txs=0 gas=0       fees=0          elapsed="416.25µs"
INFO [05-24|09:33:01.398] Sealing paused, waiting for transactions 
INFO [05-24|09:33:10.523] Setting new local account                address=0x65c08Cbf88dd60A77f7fdFF90Feb8F59cBF0916f
INFO [05-24|09:33:10.524] Submitted transaction                    hash=0x44db6bd2970dfeb8cb62bd7f129193a18587799335192d7470f4c65bd21cfd32 from=0x65c08Cbf88dd60A77f7fdFF90Feb8F59cBF0916f nonce=0 recipient=0xfbF68028CB1a0ac2075372Ee1726C3417d367Bb4 value=200,000,000,000,000,000
INFO [05-24|09:33:10.525] Commit new mining work                   number=6 sealhash=cea373..865a68 uncles=0 txs=1 gas=43544   fees=0.00087088 elapsed="599.467µs"
INFO [05-24|09:33:10.525] Successfully sealed new block            number=6 sealhash=cea373..865a68 hash=d70bd7..a7057a elapsed="524.487µs"
INFO [05-24|09:33:10.525] 🔨 mined potential block                  number=6 hash=d70bd7..a7057a
INFO [05-24|09:33:10.526] Commit new mining work                   number=7 sealhash=37020e..dc3e36 uncles=0 txs=0 gas=0       fees=0          elapsed="281.084µs"
INFO [05-24|09:33:10.526] Sealing paused, waiting for transactions 
INFO [05-24|09:33:10.526] Commit new mining work                   number=7 sealhash=37020e..dc3e36 uncles=0 txs=0 gas=0       fees=0          elapsed="751.747µs"
INFO [05-24|09:33:10.541] Setting new local account                address=0x4A98bc3db6370BB10901e42BCA85aE66889D3348
INFO [05-24|09:33:10.541] Submitted transaction                    hash=0xa0aa06d35ae65f0c458d4192f7f7e6ac4a0a38b82aee90804f39b1a94aea9a12 from=0x4A98bc3db6370BB10901e42BCA85aE66889D3348 nonce=0 recipient=0xfbF68028CB1a0ac2075372Ee1726C3417d367Bb4 value=200,000,000,000,000,000
INFO [05-24|09:33:10.542] Commit new mining work                   number=7 sealhash=6be731..cf87ef uncles=0 txs=1 gas=43587   fees=0.00087174 elapsed="574.174µs"
INFO [05-24|09:33:10.542] Successfully sealed new block            number=7 sealhash=6be731..cf87ef hash=3148a8..dff6bf elapsed="726.762µs"
INFO [05-24|09:33:10.542] 🔨 mined potential block                  number=7 hash=3148a8..dff6bf
INFO [05-24|09:33:10.543] Commit new mining work                   number=8 sealhash=40f31d..23ce89 uncles=0 txs=0 gas=0       fees=0          elapsed="477.406µs"
INFO [05-24|09:33:10.543] Sealing paused, waiting for transactions 
INFO [05-24|09:33:10.556] Submitted transaction                    hash=0x10b6504916c49cbb72e094e8494ff5baa22a3b67c9a0ad9ccb0f44c717f86fa3 from=0x65c08Cbf88dd60A77f7fdFF90Feb8F59cBF0916f nonce=1 recipient=0xfbF68028CB1a0ac2075372Ee1726C3417d367Bb4 value=0
INFO [05-24|09:33:10.556] Commit new mining work                   number=8 sealhash=21d018..a39739 uncles=0 txs=1 gas=46140   fees=0.0009228  elapsed="541.196µs"
INFO [05-24|09:33:10.557] Successfully sealed new block            number=8 sealhash=21d018..a39739 hash=f6e6f9..53f188 elapsed="575.977µs"
INFO [05-24|09:33:10.557] 🔗 block reached canonical chain          number=1 hash=943026..8c6bec
INFO [05-24|09:33:10.557] 🔨 mined potential block                  number=8 hash=f6e6f9..53f188
INFO [05-24|09:33:10.557] Commit new mining work                   number=9 sealhash=769842..97b77e uncles=0 txs=0 gas=0       fees=0          elapsed="269.733µs"
INFO [05-24|09:33:10.558] Sealing paused, waiting for transactions 
INFO [05-24|09:33:10.567] Submitted transaction                    hash=0x534e7d650b1ea49848570c6e97418c0fe7c7343cc7a11f716ddb99353a4d1f66 from=0x4A98bc3db6370BB10901e42BCA85aE66889D3348 nonce=1 recipient=0xfbF68028CB1a0ac2075372Ee1726C3417d367Bb4 value=0
INFO [05-24|09:33:10.568] Commit new mining work                   number=9 sealhash=da6aa6..02da7c uncles=0 txs=1 gas=46127   fees=0.00092254 elapsed="603.273µs"
INFO [05-24|09:33:10.569] Successfully sealed new block            number=9 sealhash=da6aa6..02da7c hash=094713..08bb9d elapsed="855.241µs"
INFO [05-24|09:33:10.569] 🔗 block reached canonical chain          number=2 hash=715899..d7248d
INFO [05-24|09:33:10.569] 🔨 mined potential block                  number=9 hash=094713..08bb9d
INFO [05-24|09:33:10.570] Commit new mining work                   number=10 sealhash=e8da8f..6f5a11 uncles=0 txs=0 gas=0       fees=0          elapsed="956.368µs"
INFO [05-24|09:33:10.570] Sealing paused, waiting for transactions 
INFO [05-24|09:33:10.582] Submitted transaction                    hash=0x3ec26c2fbadf2c4e3f07c45b3c7b4c3eeb647056e3bf46a71bd4f40b55850764 from=0x65c08Cbf88dd60A77f7fdFF90Feb8F59cBF0916f nonce=2 recipient=0xfbF68028CB1a0ac2075372Ee1726C3417d367Bb4 value=0
INFO [05-24|09:33:10.583] Commit new mining work                   number=10 sealhash=c962c3..e76373 uncles=0 txs=1 gas=51775   fees=0.0010355  elapsed="854.792µs"
INFO [05-24|09:33:10.584] Successfully sealed new block            number=10 sealhash=c962c3..e76373 hash=ba28d9..542835 elapsed="752.486µs"
INFO [05-24|09:33:10.584] 🔗 block reached canonical chain          number=3  hash=3e7321..c10c4f
INFO [05-24|09:33:10.584] 🔨 mined potential block                  number=10 hash=ba28d9..542835
INFO [05-24|09:33:10.585] Commit new mining work                   number=11 sealhash=e10dcb..b722e4 uncles=0 txs=0 gas=0       fees=0          elapsed="451.323µs"
INFO [05-24|09:33:10.585] Sealing paused, waiting for transactions 
INFO [05-24|09:33:10.593] Submitted transaction                    hash=0x8faf0513e5cadf9610aae5df851c2d6b7baf8f6255069199d8fd8141bdd8c26f from=0x4A98bc3db6370BB10901e42BCA85aE66889D3348 nonce=2 recipient=0xfbF68028CB1a0ac2075372Ee1726C3417d367Bb4 value=0
INFO [05-24|09:33:10.594] Commit new mining work                   number=11 sealhash=a0ece6..25a711 uncles=0 txs=1 gas=51925   fees=0.0010385  elapsed="717.242µs"
INFO [05-24|09:33:10.595] Successfully sealed new block            number=11 sealhash=a0ece6..25a711 hash=195f21..a4fce5 elapsed="958.631µs"
INFO [05-24|09:33:10.595] 🔗 block reached canonical chain          number=4  hash=de4d1d..5ba289
INFO [05-24|09:33:10.595] 🔨 mined potential block                  number=11 hash=195f21..a4fce5
INFO [05-24|09:33:10.595] Commit new mining work                   number=12 sealhash=f469d6..956e3b uncles=0 txs=0 gas=0       fees=0          elapsed="805.704µs"
INFO [05-24|09:33:10.596] Sealing paused, waiting for transactions 
INFO [05-24|09:33:10.603] Submitted transaction                    hash=0x156bad742d37a43e74d87d365a9c28af85eeac076f473861efeac75b114092fa from=0xA4CBeFE33FdDbFDD930ffec22bc2A849b1a7Be04 nonce=6 recipient=0xfbF68028CB1a0ac2075372Ee1726C3417d367Bb4 value=0
INFO [05-24|09:33:10.604] Commit new mining work                   number=12 sealhash=da35fb..eebbd6 uncles=0 txs=1 gas=44498   fees=0.00088996 elapsed="798.776µs"
INFO [05-24|09:33:10.604] Successfully sealed new block            number=12 sealhash=da35fb..eebbd6 hash=f39dc7..1f9283 elapsed="589.392µs"
INFO [05-24|09:33:10.604] 🔗 block reached canonical chain          number=5  hash=cd2efe..8d802f
INFO [05-24|09:33:10.604] 🔨 mined potential block                  number=12 hash=f39dc7..1f9283
INFO [05-24|09:33:10.605] Commit new mining work                   number=13 sealhash=f40f0f..420e3c uncles=0 txs=0 gas=0       fees=0          elapsed="421.779µs"
INFO [05-24|09:33:10.605] Sealing paused, waiting for transactions 
INFO [05-24|09:33:10.605] Commit new mining work                   number=13 sealhash=f40f0f..420e3c uncles=0 txs=0 gas=0       fees=0          elapsed="852.961µs"
INFO [05-24|09:33:10.612] Submitted transaction                    hash=0xcbc0f11985fb3cf2389a055ddf83433087b3f609907b80e573bb6b9ed95c6b6c from=0x65c08Cbf88dd60A77f7fdFF90Feb8F59cBF0916f nonce=3 recipient=0xfbF68028CB1a0ac2075372Ee1726C3417d367Bb4 value=200,000,000,000,000,000
INFO [05-24|09:33:10.613] Commit new mining work                   number=13 sealhash=d5368d..c81807 uncles=0 txs=1 gas=43544   fees=0.00087088 elapsed="487.194µs"
INFO [05-24|09:33:10.614] Successfully sealed new block            number=13 sealhash=d5368d..c81807 hash=fc7b30..ad1981 elapsed="721.998µs"
INFO [05-24|09:33:10.614] 🔗 block reached canonical chain          number=6  hash=d70bd7..a7057a
INFO [05-24|09:33:10.614] 🔨 mined potential block                  number=13 hash=fc7b30..ad1981
INFO [05-24|09:33:10.614] Commit new mining work                   number=14 sealhash=1d5e22..2de64b uncles=0 txs=0 gas=0       fees=0          elapsed="555.347µs"
INFO [05-24|09:33:10.615] Sealing paused, waiting for transactions 
INFO [05-24|09:33:10.622] Submitted transaction                    hash=0x88ca9620d94df0fb3dbeb2b2a39e4ef7daa702171680e988ae9c84a0eca4a47e from=0x4A98bc3db6370BB10901e42BCA85aE66889D3348 nonce=3 recipient=0xfbF68028CB1a0ac2075372Ee1726C3417d367Bb4 value=200,000,000,000,000,000
INFO [05-24|09:33:10.622] Commit new mining work                   number=14 sealhash=b235d5..7917ec uncles=0 txs=1 gas=43587   fees=0.00087174 elapsed="459.495µs"
INFO [05-24|09:33:10.623] Successfully sealed new block            number=14 sealhash=b235d5..7917ec hash=f80eca..ab5c4f elapsed="745.896µs"
INFO [05-24|09:33:10.623] 🔗 block reached canonical chain          number=7  hash=3148a8..dff6bf
INFO [05-24|09:33:10.623] 🔨 mined potential block                  number=14 hash=f80eca..ab5c4f
INFO [05-24|09:33:10.624] Commit new mining work                   number=15 sealhash=45d871..c679d8 uncles=0 txs=0 gas=0       fees=0          elapsed="700.72µs"
INFO [05-24|09:33:10.624] Sealing paused, waiting for transactions 
INFO [05-24|09:33:10.632] Submitted transaction                    hash=0x788ee2f89b4c526430ae2a5276c4068aa4ece4685d524c0afd09cb4085b9fe29 from=0x65c08Cbf88dd60A77f7fdFF90Feb8F59cBF0916f nonce=4 recipient=0xfbF68028CB1a0ac2075372Ee1726C3417d367Bb4 value=0
INFO [05-24|09:33:10.632] Commit new mining work                   number=15 sealhash=377033..28a879 uncles=0 txs=1 gas=46140   fees=0.0009228  elapsed="537.833µs"
INFO [05-24|09:33:10.633] Successfully sealed new block            number=15 sealhash=377033..28a879 hash=123206..908fd3 elapsed="589.677µs"
INFO [05-24|09:33:10.633] 🔗 block reached canonical chain          number=8  hash=f6e6f9..53f188
INFO [05-24|09:33:10.633] 🔨 mined potential block                  number=15 hash=123206..908fd3
INFO [05-24|09:33:10.634] Commit new mining work                   number=16 sealhash=80266d..58335c uncles=0 txs=0 gas=0       fees=0          elapsed="442.267µs"
INFO [05-24|09:33:10.634] Sealing paused, waiting for transactions 
INFO [05-24|09:33:10.643] Submitted transaction                    hash=0xd7aab02076da6562186f8c46faacc7649cb3ece9b6c2a109e3e87a1c19c4a575 from=0x4A98bc3db6370BB10901e42BCA85aE66889D3348 nonce=4 recipient=0xfbF68028CB1a0ac2075372Ee1726C3417d367Bb4 value=0
INFO [05-24|09:33:10.644] Commit new mining work                   number=16 sealhash=ca9514..374caa uncles=0 txs=1 gas=46127   fees=0.00092254 elapsed="732.705µs"
INFO [05-24|09:33:10.644] Successfully sealed new block            number=16 sealhash=ca9514..374caa hash=25edda..2431e8 elapsed="695.238µs"
INFO [05-24|09:33:10.644] 🔗 block reached canonical chain          number=9  hash=094713..08bb9d
INFO [05-24|09:33:10.645] 🔨 mined potential block                  number=16 hash=25edda..2431e8
INFO [05-24|09:33:10.645] Commit new mining work                   number=17 sealhash=2f7675..a39649 uncles=0 txs=0 gas=0       fees=0          elapsed="413.132µs"
INFO [05-24|09:33:10.645] Sealing paused, waiting for transactions 
INFO [05-24|09:33:10.658] Submitted transaction                    hash=0xd869cb765a75ea708487cf0ef96b3700b0a87b80dff10542ef10293d3ba21123 from=0x65c08Cbf88dd60A77f7fdFF90Feb8F59cBF0916f nonce=5 recipient=0xfbF68028CB1a0ac2075372Ee1726C3417d367Bb4 value=0
INFO [05-24|09:33:10.658] Commit new mining work                   number=17 sealhash=e239eb..b49254 uncles=0 txs=1 gas=51775   fees=0.0010355  elapsed="630.396µs"
INFO [05-24|09:33:10.659] Successfully sealed new block            number=17 sealhash=e239eb..b49254 hash=0bb1ec..2a1aff elapsed="746.089µs"
INFO [05-24|09:33:10.659] 🔗 block reached canonical chain          number=10 hash=ba28d9..542835
INFO [05-24|09:33:10.659] 🔨 mined potential block                  number=17 hash=0bb1ec..2a1aff
INFO [05-24|09:33:10.660] Commit new mining work                   number=18 sealhash=6306e2..a9faca uncles=0 txs=0 gas=0       fees=0          elapsed="356.373µs"
INFO [05-24|09:33:10.660] Sealing paused, waiting for transactions 
INFO [05-24|09:33:10.667] Submitted transaction                    hash=0xbe7f5222a3e6c4992437f827b85ca46277edefc8e7b70cd4e03ef42ca9c24358 from=0x4A98bc3db6370BB10901e42BCA85aE66889D3348 nonce=5 recipient=0xfbF68028CB1a0ac2075372Ee1726C3417d367Bb4 value=0
INFO [05-24|09:33:10.667] Commit new mining work                   number=18 sealhash=85f2e2..7897b4 uncles=0 txs=1 gas=51925   fees=0.0010385  elapsed="598.385µs"
INFO [05-24|09:33:10.668] Successfully sealed new block            number=18 sealhash=85f2e2..7897b4 hash=d28af8..2b78ef elapsed="700.431µs"
INFO [05-24|09:33:10.668] 🔗 block reached canonical chain          number=11 hash=195f21..a4fce5
INFO [05-24|09:33:10.668] 🔨 mined potential block                  number=18 hash=d28af8..2b78ef
INFO [05-24|09:33:10.669] Commit new mining work                   number=19 sealhash=8e0b59..a3633b uncles=0 txs=0 gas=0       fees=0          elapsed="429.317µs"
INFO [05-24|09:33:10.669] Sealing paused, waiting for transactions 
INFO [05-24|09:33:10.678] Submitted transaction                    hash=0x060687d6e60adf3a9cfd2eb9e5e3968cfaccb3645ce22864a04647108b0336e6 from=0xA4CBeFE33FdDbFDD930ffec22bc2A849b1a7Be04 nonce=7 recipient=0xfbF68028CB1a0ac2075372Ee1726C3417d367Bb4 value=0
INFO [05-24|09:33:10.678] Commit new mining work                   number=19 sealhash=5db994..b0ea1f uncles=0 txs=1 gas=34548   fees=0.00069096 elapsed="780.542µs"
INFO [05-24|09:33:10.679] Successfully sealed new block            number=19 sealhash=5db994..b0ea1f hash=c617af..5bbee1 elapsed=1.117ms
INFO [05-24|09:33:10.680] 🔗 block reached canonical chain          number=12 hash=f39dc7..1f9283
INFO [05-24|09:33:10.680] 🔨 mined potential block                  number=19 hash=c617af..5bbee1
INFO [05-24|09:33:10.681] Commit new mining work                   number=20 sealhash=4ea773..8cfaac uncles=0 txs=0 gas=0       fees=0          elapsed="896.703µs"
INFO [05-24|09:33:10.681] Sealing paused, waiting for transactions 
INFO [05-24|09:33:10.689] Submitted transaction                    hash=0x3d22fb4b7323e67de879d1c7892779294be90ec14b0ac8d4c6b2817e3f6c4e8d from=0x65c08Cbf88dd60A77f7fdFF90Feb8F59cBF0916f nonce=6 recipient=0xfbF68028CB1a0ac2075372Ee1726C3417d367Bb4 value=200,000,000,000,000,000
INFO [05-24|09:33:10.690] Commit new mining work                   number=20 sealhash=da96f3..a52c96 uncles=0 txs=1 gas=43544   fees=0.00087088 elapsed="482.506µs"
INFO [05-24|09:33:10.690] Successfully sealed new block            number=20 sealhash=da96f3..a52c96 hash=ae0af1..574267 elapsed="789.776µs"
INFO [05-24|09:33:10.691] 🔗 block reached canonical chain          number=13 hash=fc7b30..ad1981
INFO [05-24|09:33:10.691] 🔨 mined potential block                  number=20 hash=ae0af1..574267
INFO [05-24|09:33:10.691] Commit new mining work                   number=21 sealhash=b5a2ee..db5b4e uncles=0 txs=0 gas=0       fees=0          elapsed="480.938µs"
INFO [05-24|09:33:10.691] Sealing paused, waiting for transactions 
INFO [05-24|09:33:10.699] Submitted transaction                    hash=0xe96773d5f86b433496e75b462a5812a450b6ffed3a31ac1b3250ee62bc9c3d6b from=0x4A98bc3db6370BB10901e42BCA85aE66889D3348 nonce=6 recipient=0xfbF68028CB1a0ac2075372Ee1726C3417d367Bb4 value=200,000,000,000,000,000
INFO [05-24|09:33:10.700] Commit new mining work                   number=21 sealhash=cefdaf..dd59f7 uncles=0 txs=1 gas=43587   fees=0.00087174 elapsed="706.752µs"
INFO [05-24|09:33:10.701] Successfully sealed new block            number=21 sealhash=cefdaf..dd59f7 hash=d2a488..e07737 elapsed="669.971µs"
INFO [05-24|09:33:10.701] 🔗 block reached canonical chain          number=14 hash=f80eca..ab5c4f
INFO [05-24|09:33:10.701] 🔨 mined potential block                  number=21 hash=d2a488..e07737
INFO [05-24|09:33:10.702] Commit new mining work                   number=22 sealhash=a730c0..7c5880 uncles=0 txs=0 gas=0       fees=0          elapsed="436.997µs"
INFO [05-24|09:33:10.702] Sealing paused, waiting for transactions 
INFO [05-24|09:33:10.702] Commit new mining work                   number=22 sealhash=a730c0..7c5880 uncles=0 txs=0 gas=0       fees=0          elapsed="924.864µs"
INFO [05-24|09:33:10.713] Submitted transaction                    hash=0x6aef9013242a2a2559dcdb457b5c294ea78a5850939f409c20d06e8372796a2b from=0x65c08Cbf88dd60A77f7fdFF90Feb8F59cBF0916f nonce=7 recipient=0xfbF68028CB1a0ac2075372Ee1726C3417d367Bb4 value=0
INFO [05-24|09:33:10.714] Commit new mining work                   number=22 sealhash=ff2d35..020e3f uncles=0 txs=1 gas=46140   fees=0.0009228  elapsed="921.919µs"
INFO [05-24|09:33:10.715] Successfully sealed new block            number=22 sealhash=ff2d35..020e3f hash=791324..e2b293 elapsed="527.449µs"
INFO [05-24|09:33:10.715] 🔗 block reached canonical chain          number=15 hash=123206..908fd3
INFO [05-24|09:33:10.715] 🔨 mined potential block                  number=22 hash=791324..e2b293
INFO [05-24|09:33:10.716] Commit new mining work                   number=23 sealhash=7994f6..44c9f9 uncles=0 txs=0 gas=0       fees=0          elapsed="497.445µs"
INFO [05-24|09:33:10.716] Sealing paused, waiting for transactions 
INFO [05-24|09:33:10.729] Submitted transaction                    hash=0xa317e091256d810120e9e1cadbd51224e9aeb85694654e97fbccf121edf4404b from=0x4A98bc3db6370BB10901e42BCA85aE66889D3348 nonce=7 recipient=0xfbF68028CB1a0ac2075372Ee1726C3417d367Bb4 value=0
INFO [05-24|09:33:10.730] Commit new mining work                   number=23 sealhash=96d573..51fa3c uncles=0 txs=1 gas=46127   fees=0.00092254 elapsed="818.551µs"
INFO [05-24|09:33:10.731] Successfully sealed new block            number=23 sealhash=96d573..51fa3c hash=598b20..eeca04 elapsed="808.096µs"
INFO [05-24|09:33:10.731] 🔗 block reached canonical chain          number=16 hash=25edda..2431e8
INFO [05-24|09:33:10.731] 🔨 mined potential block                  number=23 hash=598b20..eeca04
INFO [05-24|09:33:10.732] Commit new mining work                   number=24 sealhash=26565a..c55373 uncles=0 txs=0 gas=0       fees=0          elapsed="432.087µs"
INFO [05-24|09:33:10.732] Sealing paused, waiting for transactions 
INFO [05-24|09:33:10.744] Submitted transaction                    hash=0x1af313da0c40e8e25fb3c281c1bb83d6ddb976b47a74f621fc8f85b5a15371e6 from=0x65c08Cbf88dd60A77f7fdFF90Feb8F59cBF0916f nonce=8 recipient=0xfbF68028CB1a0ac2075372Ee1726C3417d367Bb4 value=0
INFO [05-24|09:33:10.744] Commit new mining work                   number=24 sealhash=f6e183..178fed uncles=0 txs=1 gas=51775   fees=0.0010355  elapsed="699.734µs"
INFO [05-24|09:33:10.746] Successfully sealed new block            number=24 sealhash=f6e183..178fed hash=6e06ef..32d5e2 elapsed=1.489ms
INFO [05-24|09:33:10.746] 🔗 block reached canonical chain          number=17 hash=0bb1ec..2a1aff
INFO [05-24|09:33:10.746] 🔨 mined potential block                  number=24 hash=6e06ef..32d5e2
INFO [05-24|09:33:10.747] Commit new mining work                   number=25 sealhash=97f7b0..b8ac1e uncles=0 txs=0 gas=0       fees=0          elapsed="449.786µs"
INFO [05-24|09:33:10.747] Sealing paused, waiting for transactions 
INFO [05-24|09:33:10.757] Submitted transaction                    hash=0x973672a54fbb6a1e29e1b9524157df60bc173e6e6c10be06a79f7f5eef9ca2e4 from=0x4A98bc3db6370BB10901e42BCA85aE66889D3348 nonce=8 recipient=0xfbF68028CB1a0ac2075372Ee1726C3417d367Bb4 value=0
INFO [05-24|09:33:10.758] Commit new mining work                   number=25 sealhash=f0954d..0f0d1a uncles=0 txs=1 gas=51925   fees=0.0010385  elapsed="605.288µs"
INFO [05-24|09:33:10.759] Successfully sealed new block            number=25 sealhash=f0954d..0f0d1a hash=a9022a..d8d92d elapsed="583.088µs"
INFO [05-24|09:33:10.759] 🔗 block reached canonical chain          number=18 hash=d28af8..2b78ef
INFO [05-24|09:33:10.759] 🔨 mined potential block                  number=25 hash=a9022a..d8d92d
INFO [05-24|09:33:10.759] Commit new mining work                   number=26 sealhash=39c186..1dec22 uncles=0 txs=0 gas=0       fees=0          elapsed="323.048µs"
INFO [05-24|09:33:10.760] Sealing paused, waiting for transactions 
INFO [05-24|09:33:10.760] Commit new mining work                   number=26 sealhash=39c186..1dec22 uncles=0 txs=0 gas=0       fees=0          elapsed="668.794µs"
INFO [05-24|09:33:10.768] Submitted transaction                    hash=0xbedeaf1aee2d4028fb985bdbdcdfdca0aaac5e0237f480a3d50afea217db196a from=0xA4CBeFE33FdDbFDD930ffec22bc2A849b1a7Be04 nonce=8 recipient=0xfbF68028CB1a0ac2075372Ee1726C3417d367Bb4 value=0
INFO [05-24|09:33:10.770] Commit new mining work                   number=26 sealhash=6b8f7b..c7d5b4 uncles=0 txs=1 gas=34548   fees=0.00069096 elapsed=1.698ms
INFO [05-24|09:33:10.771] Successfully sealed new block            number=26 sealhash=6b8f7b..c7d5b4 hash=aae4fe..0d6bef elapsed="805.577µs"
INFO [05-24|09:33:10.771] 🔗 block reached canonical chain          number=19 hash=c617af..5bbee1
INFO [05-24|09:33:10.771] 🔨 mined potential block                  number=26 hash=aae4fe..0d6bef
INFO [05-24|09:33:10.772] Commit new mining work                   number=27 sealhash=1254be..098a1a uncles=0 txs=0 gas=0       fees=0          elapsed="483.996µs"
INFO [05-24|09:33:10.772] Sealing paused, waiting for transactions 
INFO [05-24|09:33:10.779] Submitted transaction                    hash=0xe870208a8f6a5f62e7f69fd468b5849b1304f4acec45ef2d184d0fea00657705 from=0x65c08Cbf88dd60A77f7fdFF90Feb8F59cBF0916f nonce=9 recipient=0xfbF68028CB1a0ac2075372Ee1726C3417d367Bb4 value=200,000,000,000,000,000
INFO [05-24|09:33:10.780] Commit new mining work                   number=27 sealhash=cf1907..984cb0 uncles=0 txs=1 gas=43544   fees=0.00087088 elapsed="733.913µs"
INFO [05-24|09:33:10.781] Successfully sealed new block            number=27 sealhash=cf1907..984cb0 hash=9ed5e7..f8dd67 elapsed="591.564µs"
INFO [05-24|09:33:10.781] 🔗 block reached canonical chain          number=20 hash=ae0af1..574267
INFO [05-24|09:33:10.781] 🔨 mined potential block                  number=27 hash=9ed5e7..f8dd67
INFO [05-24|09:33:10.782] Commit new mining work                   number=28 sealhash=f20105..1569f6 uncles=0 txs=0 gas=0       fees=0          elapsed="325.483µs"
INFO [05-24|09:33:10.782] Sealing paused, waiting for transactions 
INFO [05-24|09:33:10.789] Submitted transaction                    hash=0xb1a6233456a1a40975b5dc7a1ae6f7b9c0ba9be429e0bd041da9aa58003e4ec7 from=0x4A98bc3db6370BB10901e42BCA85aE66889D3348 nonce=9 recipient=0xfbF68028CB1a0ac2075372Ee1726C3417d367Bb4 value=200,000,000,000,000,000
INFO [05-24|09:33:10.789] Commit new mining work                   number=28 sealhash=1e12a5..3b8d53 uncles=0 txs=1 gas=43587   fees=0.00087174 elapsed="568.461µs"
INFO [05-24|09:33:10.790] Successfully sealed new block            number=28 sealhash=1e12a5..3b8d53 hash=ab8eb0..16eb60 elapsed="748.795µs"
INFO [05-24|09:33:10.790] 🔗 block reached canonical chain          number=21 hash=d2a488..e07737
INFO [05-24|09:33:10.790] 🔨 mined potential block                  number=28 hash=ab8eb0..16eb60
INFO [05-24|09:33:10.791] Commit new mining work                   number=29 sealhash=d982ff..e27376 uncles=0 txs=0 gas=0       fees=0          elapsed="443.171µs"
INFO [05-24|09:33:10.791] Sealing paused, waiting for transactions 
INFO [05-24|09:33:10.801] Submitted transaction                    hash=0x879cffb93e624e56366b5ff4aeafed3c01d809c07f573d4dc1e4b151d29ade4c from=0x65c08Cbf88dd60A77f7fdFF90Feb8F59cBF0916f nonce=10 recipient=0xfbF68028CB1a0ac2075372Ee1726C3417d367Bb4 value=0
INFO [05-24|09:33:10.802] Commit new mining work                   number=29 sealhash=9cc617..d66692 uncles=0 txs=1 gas=46140   fees=0.0009228  elapsed="509.225µs"
INFO [05-24|09:33:10.803] Successfully sealed new block            number=29 sealhash=9cc617..d66692 hash=dbf13d..e98699 elapsed="723.469µs"
INFO [05-24|09:33:10.803] 🔗 block reached canonical chain          number=22 hash=791324..e2b293
INFO [05-24|09:33:10.803] 🔨 mined potential block                  number=29 hash=dbf13d..e98699
INFO [05-24|09:33:10.803] Commit new mining work                   number=30 sealhash=a48fdc..08b838 uncles=0 txs=0 gas=0       fees=0          elapsed="500.838µs"
INFO [05-24|09:33:10.803] Sealing paused, waiting for transactions 
INFO [05-24|09:33:10.814] Submitted transaction                    hash=0x8c0771cce40e4a8488383f8c7f672c24b4f15a22e59aef096fd38c420841b966 from=0x4A98bc3db6370BB10901e42BCA85aE66889D3348 nonce=10 recipient=0xfbF68028CB1a0ac2075372Ee1726C3417d367Bb4 value=0
INFO [05-24|09:33:10.814] Commit new mining work                   number=30 sealhash=bb7f13..9bd342 uncles=0 txs=1 gas=46127   fees=0.00092254 elapsed="470.33µs"
INFO [05-24|09:33:10.815] Successfully sealed new block            number=30 sealhash=bb7f13..9bd342 hash=d94ffd..d9eabf elapsed="621.644µs"
INFO [05-24|09:33:10.815] 🔗 block reached canonical chain          number=23 hash=598b20..eeca04
INFO [05-24|09:33:10.815] 🔨 mined potential block                  number=30 hash=d94ffd..d9eabf
INFO [05-24|09:33:10.815] Commit new mining work                   number=31 sealhash=0f5fd0..bb5379 uncles=0 txs=0 gas=0       fees=0          elapsed="446.232µs"
INFO [05-24|09:33:10.816] Sealing paused, waiting for transactions 
INFO [05-24|09:33:10.816] Commit new mining work                   number=31 sealhash=0f5fd0..bb5379 uncles=0 txs=0 gas=0       fees=0          elapsed="896.01µs"
INFO [05-24|09:33:10.827] Submitted transaction                    hash=0x38e768dc5711aa91a326996a32e2d0d36758f7ea601e41ba7d8274f4bddfe91b from=0x65c08Cbf88dd60A77f7fdFF90Feb8F59cBF0916f nonce=11 recipient=0xfbF68028CB1a0ac2075372Ee1726C3417d367Bb4 value=0
INFO [05-24|09:33:10.828] Commit new mining work                   number=31 sealhash=3fc796..9e3413 uncles=0 txs=1 gas=51775   fees=0.0010355  elapsed="581.864µs"
INFO [05-24|09:33:10.829] Successfully sealed new block            number=31 sealhash=3fc796..9e3413 hash=7d6812..7c040e elapsed="667.601µs"
INFO [05-24|09:33:10.829] 🔗 block reached canonical chain          number=24 hash=6e06ef..32d5e2
INFO [05-24|09:33:10.829] 🔨 mined potential block                  number=31 hash=7d6812..7c040e
INFO [05-24|09:33:10.829] Commit new mining work                   number=32 sealhash=504574..b0f0fd uncles=0 txs=0 gas=0       fees=0          elapsed="327.636µs"
INFO [05-24|09:33:10.829] Sealing paused, waiting for transactions 
INFO [05-24|09:33:10.829] Commit new mining work                   number=32 sealhash=504574..b0f0fd uncles=0 txs=0 gas=0       fees=0          elapsed="625.007µs"
INFO [05-24|09:33:10.840] Submitted transaction                    hash=0x3c023688d0a6cd8c424a71cfee2965d078d663a0359f3b3a01363b0ee2cc06f5 from=0x4A98bc3db6370BB10901e42BCA85aE66889D3348 nonce=11 recipient=0xfbF68028CB1a0ac2075372Ee1726C3417d367Bb4 value=0
INFO [05-24|09:33:10.841] Commit new mining work                   number=32 sealhash=2ec17b..85f835 uncles=0 txs=1 gas=51925   fees=0.0010385  elapsed="618.964µs"
INFO [05-24|09:33:10.841] Successfully sealed new block            number=32 sealhash=2ec17b..85f835 hash=139202..d176a5 elapsed="708.691µs"
INFO [05-24|09:33:10.842] 🔗 block reached canonical chain          number=25 hash=a9022a..d8d92d
INFO [05-24|09:33:10.842] 🔨 mined potential block                  number=32 hash=139202..d176a5
INFO [05-24|09:33:10.842] Commit new mining work                   number=33 sealhash=d4b6f7..8e326e uncles=0 txs=0 gas=0       fees=0          elapsed="435.756µs"
INFO [05-24|09:33:10.842] Sealing paused, waiting for transactions 
INFO [05-24|09:33:10.854] Submitted transaction                    hash=0x1b54e3c8d81e696e85ef4dc293542b0af98b783a06ae1b3da8c7a8a818b7a8c4 from=0xA4CBeFE33FdDbFDD930ffec22bc2A849b1a7Be04 nonce=9  recipient=0xfbF68028CB1a0ac2075372Ee1726C3417d367Bb4 value=0
INFO [05-24|09:33:10.855] Commit new mining work                   number=33 sealhash=0aee5f..a1988a uncles=0 txs=1 gas=34548   fees=0.00069096 elapsed="750.434µs"
INFO [05-24|09:33:10.855] Successfully sealed new block            number=33 sealhash=0aee5f..a1988a hash=12afa6..929fdc elapsed="626.13µs"
INFO [05-24|09:33:10.855] 🔗 block reached canonical chain          number=26 hash=aae4fe..0d6bef
INFO [05-24|09:33:10.855] 🔨 mined potential block                  number=33 hash=12afa6..929fdc
INFO [05-24|09:33:10.856] Commit new mining work                   number=34 sealhash=72846b..004925 uncles=0 txs=0 gas=0       fees=0          elapsed="429.445µs"
INFO [05-24|09:33:10.856] Sealing paused, waiting for transactions 
INFO [05-24|09:33:10.862] Submitted transaction                    hash=0xe514d1cdc808ff343a84c03aae8e1c1b45cd008f254178b865592ee1379594ce from=0x65c08Cbf88dd60A77f7fdFF90Feb8F59cBF0916f nonce=12 recipient=0xfbF68028CB1a0ac2075372Ee1726C3417d367Bb4 value=200,000,000,000,000,000
INFO [05-24|09:33:10.863] Commit new mining work                   number=34 sealhash=e567c8..a8b952 uncles=0 txs=1 gas=43544   fees=0.00087088 elapsed="574.885µs"
INFO [05-24|09:33:10.864] Successfully sealed new block            number=34 sealhash=e567c8..a8b952 hash=b4be02..25fc1f elapsed=1.373ms
INFO [05-24|09:33:10.864] 🔗 block reached canonical chain          number=27 hash=9ed5e7..f8dd67
INFO [05-24|09:33:10.864] 🔨 mined potential block                  number=34 hash=b4be02..25fc1f
INFO [05-24|09:33:10.865] Commit new mining work                   number=35 sealhash=d44aac..7803fe uncles=0 txs=0 gas=0       fees=0          elapsed="581.69µs"
INFO [05-24|09:33:10.865] Sealing paused, waiting for transactions 
INFO [05-24|09:33:10.874] Submitted transaction                    hash=0x9f210d2e1e59089cded258402931c9def8e3617ec6dfb3c67b3f51319298c1e3 from=0x4A98bc3db6370BB10901e42BCA85aE66889D3348 nonce=12 recipient=0xfbF68028CB1a0ac2075372Ee1726C3417d367Bb4 value=200,000,000,000,000,000
INFO [05-24|09:33:10.874] Commit new mining work                   number=35 sealhash=03b86a..d83654 uncles=0 txs=1 gas=43587   fees=0.00087174 elapsed="621.379µs"
INFO [05-24|09:33:10.875] Successfully sealed new block            number=35 sealhash=03b86a..d83654 hash=4af871..640ca6 elapsed="903.671µs"
INFO [05-24|09:33:10.875] 🔗 block reached canonical chain          number=28 hash=ab8eb0..16eb60
INFO [05-24|09:33:10.875] 🔨 mined potential block                  number=35 hash=4af871..640ca6
INFO [05-24|09:33:10.876] Commit new mining work                   number=36 sealhash=d5475d..c83f6b uncles=0 txs=0 gas=0       fees=0          elapsed="334.286µs"
INFO [05-24|09:33:10.876] Sealing paused, waiting for transactions 
INFO [05-24|09:33:10.876] Commit new mining work                   number=36 sealhash=d5475d..c83f6b uncles=0 txs=0 gas=0       fees=0          elapsed="822.655µs"
INFO [05-24|09:33:10.886] Submitted transaction                    hash=0x2c2dd4968b282c4fa66d3b4687fd6c130fe9a66d60a8c09c769ca417a24b83e2 from=0x65c08Cbf88dd60A77f7fdFF90Feb8F59cBF0916f nonce=13 recipient=0xfbF68028CB1a0ac2075372Ee1726C3417d367Bb4 value=0
INFO [05-24|09:33:10.888] Commit new mining work                   number=36 sealhash=983205..917408 uncles=0 txs=1 gas=46140   fees=0.0009228  elapsed=1.379ms
INFO [05-24|09:33:10.889] Successfully sealed new block            number=36 sealhash=983205..917408 hash=ad4667..0b1f03 elapsed="915.834µs"
INFO [05-24|09:33:10.889] 🔗 block reached canonical chain          number=29 hash=dbf13d..e98699
INFO [05-24|09:33:10.889] 🔨 mined potential block                  number=36 hash=ad4667..0b1f03
INFO [05-24|09:33:10.889] Commit new mining work                   number=37 sealhash=04770a..0aff47 uncles=0 txs=0 gas=0       fees=0          elapsed="400.169µs"
INFO [05-24|09:33:10.889] Sealing paused, waiting for transactions 
INFO [05-24|09:33:10.896] Submitted transaction                    hash=0xafb48383a5d67ae4cd6aba6cf6c58770083b3223c2aedb352bbf37614a5c69aa from=0x4A98bc3db6370BB10901e42BCA85aE66889D3348 nonce=13 recipient=0xfbF68028CB1a0ac2075372Ee1726C3417d367Bb4 value=0
INFO [05-24|09:33:10.897] Commit new mining work                   number=37 sealhash=d8cce2..b211f5 uncles=0 txs=1 gas=46127   fees=0.00092254 elapsed="490.188µs"
INFO [05-24|09:33:10.897] Successfully sealed new block            number=37 sealhash=d8cce2..b211f5 hash=d57032..b95b02 elapsed="623.433µs"
INFO [05-24|09:33:10.898] 🔗 block reached canonical chain          number=30 hash=d94ffd..d9eabf
INFO [05-24|09:33:10.898] 🔨 mined potential block                  number=37 hash=d57032..b95b02
INFO [05-24|09:33:10.898] Commit new mining work                   number=38 sealhash=50b057..160c33 uncles=0 txs=0 gas=0       fees=0          elapsed="418.671µs"
INFO [05-24|09:33:10.898] Sealing paused, waiting for transactions 
INFO [05-24|09:33:10.908] Submitted transaction                    hash=0x632d83e60aa952fce10474a2e15f78bcaaf28cbe3270767c218cbd778bb53936 from=0x65c08Cbf88dd60A77f7fdFF90Feb8F59cBF0916f nonce=14 recipient=0xfbF68028CB1a0ac2075372Ee1726C3417d367Bb4 value=0
INFO [05-24|09:33:10.908] Commit new mining work                   number=38 sealhash=bced99..60a7d3 uncles=0 txs=1 gas=51775   fees=0.0010355  elapsed="628.313µs"
INFO [05-24|09:33:10.909] Successfully sealed new block            number=38 sealhash=bced99..60a7d3 hash=690bc6..51013a elapsed="831.697µs"
INFO [05-24|09:33:10.909] 🔗 block reached canonical chain          number=31 hash=7d6812..7c040e
INFO [05-24|09:33:10.909] 🔨 mined potential block                  number=38 hash=690bc6..51013a
INFO [05-24|09:33:10.910] Commit new mining work                   number=39 sealhash=7eb472..13523a uncles=0 txs=0 gas=0       fees=0          elapsed="567.626µs"
INFO [05-24|09:33:10.911] Sealing paused, waiting for transactions 
INFO [05-24|09:33:10.925] Submitted transaction                    hash=0x87dcdbb1a37d57562a93038f5c567d445e4f027dd3a068707c673be6d3996930 from=0x4A98bc3db6370BB10901e42BCA85aE66889D3348 nonce=14 recipient=0xfbF68028CB1a0ac2075372Ee1726C3417d367Bb4 value=0
INFO [05-24|09:33:10.926] Commit new mining work                   number=39 sealhash=dc26b4..6752e9 uncles=0 txs=1 gas=51925   fees=0.0010385  elapsed="537.084µs"
INFO [05-24|09:33:10.927] Successfully sealed new block            number=39 sealhash=dc26b4..6752e9 hash=e0a2a7..71d15d elapsed="828.32µs"
INFO [05-24|09:33:10.927] 🔗 block reached canonical chain          number=32 hash=139202..d176a5
INFO [05-24|09:33:10.927] 🔨 mined potential block                  number=39 hash=e0a2a7..71d15d
INFO [05-24|09:33:10.927] Commit new mining work                   number=40 sealhash=083267..1c87ad uncles=0 txs=0 gas=0       fees=0          elapsed="338.65µs"
INFO [05-24|09:33:10.927] Sealing paused, waiting for transactions 
INFO [05-24|09:33:10.935] Submitted transaction                    hash=0x3851bc4194aa0707b894e06741819313dbebb13a2ad39c90f10f1310e9688e1e from=0xA4CBeFE33FdDbFDD930ffec22bc2A849b1a7Be04 nonce=10 recipient=0xfbF68028CB1a0ac2075372Ee1726C3417d367Bb4 value=0
INFO [05-24|09:33:10.936] Commit new mining work                   number=40 sealhash=c0d893..a97d07 uncles=0 txs=1 gas=34548   fees=0.00069096 elapsed="714.735µs"
INFO [05-24|09:33:10.937] Successfully sealed new block            number=40 sealhash=c0d893..a97d07 hash=e8cdd1..339f9c elapsed="661.075µs"
INFO [05-24|09:33:10.937] 🔗 block reached canonical chain          number=33 hash=12afa6..929fdc
INFO [05-24|09:33:10.937] 🔨 mined potential block                  number=40 hash=e8cdd1..339f9c
INFO [05-24|09:33:10.937] Commit new mining work                   number=41 sealhash=3d391b..a9cd01 uncles=0 txs=0 gas=0       fees=0          elapsed="423.616µs"
INFO [05-24|09:33:10.937] Sealing paused, waiting for transactions 
INFO [05-24|09:33:10.945] Submitted transaction                    hash=0x08850a9fa8865115a87fab76805bb3337b2b6295f4e723ca47984cb175872688 from=0x65c08Cbf88dd60A77f7fdFF90Feb8F59cBF0916f nonce=15 recipient=0xfbF68028CB1a0ac2075372Ee1726C3417d367Bb4 value=200,000,000,000,000,000
INFO [05-24|09:33:10.946] Commit new mining work                   number=41 sealhash=8f28dd..e2fd69 uncles=0 txs=1 gas=43544   fees=0.00087088 elapsed="558.181µs"
INFO [05-24|09:33:10.947] Successfully sealed new block            number=41 sealhash=8f28dd..e2fd69 hash=9e3f38..2abee4 elapsed="745.947µs"
INFO [05-24|09:33:10.947] 🔗 block reached canonical chain          number=34 hash=b4be02..25fc1f
INFO [05-24|09:33:10.947] 🔨 mined potential block                  number=41 hash=9e3f38..2abee4
INFO [05-24|09:33:10.947] Commit new mining work                   number=42 sealhash=7f35fc..d8f7d6 uncles=0 txs=0 gas=0       fees=0          elapsed="415.892µs"
INFO [05-24|09:33:10.948] Sealing paused, waiting for transactions 
INFO [05-24|09:33:10.954] Submitted transaction                    hash=0x08d3b6bcde8433ec1389457787e6bdc69cfa5e2ff78c336eed6e32d465914ad7 from=0x4A98bc3db6370BB10901e42BCA85aE66889D3348 nonce=15 recipient=0xfbF68028CB1a0ac2075372Ee1726C3417d367Bb4 value=200,000,000,000,000,000
INFO [05-24|09:33:10.955] Commit new mining work                   number=42 sealhash=0f5595..ca76c9 uncles=0 txs=1 gas=43587   fees=0.00087174 elapsed="435.191µs"
INFO [05-24|09:33:10.955] Successfully sealed new block            number=42 sealhash=0f5595..ca76c9 hash=a53604..f40887 elapsed="653.062µs"
INFO [05-24|09:33:10.955] 🔗 block reached canonical chain          number=35 hash=4af871..640ca6
INFO [05-24|09:33:10.955] 🔨 mined potential block                  number=42 hash=a53604..f40887
INFO [05-24|09:33:10.956] Commit new mining work                   number=43 sealhash=dff353..10aa1c uncles=0 txs=0 gas=0       fees=0          elapsed="665.356µs"
INFO [05-24|09:33:10.956] Sealing paused, waiting for transactions 
INFO [05-24|09:33:10.965] Submitted transaction                    hash=0x54dffda30703b57aa417d005f5308c0844a798a8d2748f6a600e96be634d3654 from=0x65c08Cbf88dd60A77f7fdFF90Feb8F59cBF0916f nonce=16 recipient=0xfbF68028CB1a0ac2075372Ee1726C3417d367Bb4 value=0
INFO [05-24|09:33:10.965] Commit new mining work                   number=43 sealhash=271f8b..906897 uncles=0 txs=1 gas=46140   fees=0.0009228  elapsed="517.408µs"
INFO [05-24|09:33:10.966] Successfully sealed new block            number=43 sealhash=271f8b..906897 hash=b07d4d..4475ad elapsed="668.053µs"
INFO [05-24|09:33:10.966] 🔗 block reached canonical chain          number=36 hash=ad4667..0b1f03
INFO [05-24|09:33:10.966] 🔨 mined potential block                  number=43 hash=b07d4d..4475ad
INFO [05-24|09:33:10.967] Commit new mining work                   number=44 sealhash=885a2d..e744ac uncles=0 txs=0 gas=0       fees=0          elapsed="373.07µs"
INFO [05-24|09:33:10.967] Sealing paused, waiting for transactions 
INFO [05-24|09:33:10.976] Submitted transaction                    hash=0x63056caebfff782de12262d8e4eedbdec4f987cda79e4671288154f515d0c918 from=0x4A98bc3db6370BB10901e42BCA85aE66889D3348 nonce=16 recipient=0xfbF68028CB1a0ac2075372Ee1726C3417d367Bb4 value=0
INFO [05-24|09:33:10.977] Commit new mining work                   number=44 sealhash=716e7d..d9c338 uncles=0 txs=1 gas=46127   fees=0.00092254 elapsed="539.148µs"
INFO [05-24|09:33:10.978] Successfully sealed new block            number=44 sealhash=716e7d..d9c338 hash=59e76a..6f9127 elapsed="691.676µs"
INFO [05-24|09:33:10.979] 🔗 block reached canonical chain          number=37 hash=d57032..b95b02
INFO [05-24|09:33:10.979] Commit new mining work                   number=45 sealhash=ba2906..18db73 uncles=0 txs=0 gas=0       fees=0          elapsed="800.918µs"
INFO [05-24|09:33:10.979] 🔨 mined potential block                  number=44 hash=59e76a..6f9127
INFO [05-24|09:33:10.979] Sealing paused, waiting for transactions 
INFO [05-24|09:33:10.989] Submitted transaction                    hash=0x80e27649e0bd3ed76fa66be90dc09929d426bfa441850fe1c9abecbe494531ba from=0x65c08Cbf88dd60A77f7fdFF90Feb8F59cBF0916f nonce=17 recipient=0xfbF68028CB1a0ac2075372Ee1726C3417d367Bb4 value=0
INFO [05-24|09:33:10.989] Commit new mining work                   number=45 sealhash=54a4b6..c603d3 uncles=0 txs=1 gas=51775   fees=0.0010355  elapsed="620.086µs"
INFO [05-24|09:33:10.990] Successfully sealed new block            number=45 sealhash=54a4b6..c603d3 hash=35d2a9..8eadaf elapsed="630.617µs"
INFO [05-24|09:33:10.990] 🔗 block reached canonical chain          number=38 hash=690bc6..51013a
INFO [05-24|09:33:10.990] 🔨 mined potential block                  number=45 hash=35d2a9..8eadaf
INFO [05-24|09:33:10.991] Commit new mining work                   number=46 sealhash=63bda1..c9fa8b uncles=0 txs=0 gas=0       fees=0          elapsed="423.411µs"
INFO [05-24|09:33:10.991] Sealing paused, waiting for transactions 
INFO [05-24|09:33:10.991] Commit new mining work                   number=46 sealhash=63bda1..c9fa8b uncles=0 txs=0 gas=0       fees=0          elapsed="830.617µs"
INFO [05-24|09:33:10.999] Submitted transaction                    hash=0x7ae8c9f1f12d13deb852bcbf79fa95085d73d4cf93290425665bb41d798e60ea from=0x4A98bc3db6370BB10901e42BCA85aE66889D3348 nonce=17 recipient=0xfbF68028CB1a0ac2075372Ee1726C3417d367Bb4 value=0
INFO [05-24|09:33:10.999] Commit new mining work                   number=46 sealhash=4fad00..b93b8d uncles=0 txs=1 gas=51925   fees=0.0010385  elapsed="631.462µs"
INFO [05-24|09:33:11.000] Successfully sealed new block            number=46 sealhash=4fad00..b93b8d hash=9260e0..647d3c elapsed="735.764µs"
INFO [05-24|09:33:11.000] 🔗 block reached canonical chain          number=39 hash=e0a2a7..71d15d
INFO [05-24|09:33:11.000] 🔨 mined potential block                  number=46 hash=9260e0..647d3c
INFO [05-24|09:33:11.001] Commit new mining work                   number=47 sealhash=97ec66..861bc5 uncles=0 txs=0 gas=0       fees=0          elapsed="284.158µs"
INFO [05-24|09:33:11.001] Sealing paused, waiting for transactions 
INFO [05-24|09:33:11.001] Commit new mining work                   number=47 sealhash=97ec66..861bc5 uncles=0 txs=0 gas=0       fees=0          elapsed="787.594µs"
INFO [05-24|09:33:11.011] Submitted transaction                    hash=0x76afbb9b997b779d6faf03b76110fa29c8fbaa0caf94f4ffec6bbc32ba543efe from=0xA4CBeFE33FdDbFDD930ffec22bc2A849b1a7Be04 nonce=11 recipient=0xfbF68028CB1a0ac2075372Ee1726C3417d367Bb4 value=0
INFO [05-24|09:33:11.012] Commit new mining work                   number=47 sealhash=b5d8dd..0051ff uncles=0 txs=1 gas=34548   fees=0.00069096 elapsed="767.507µs"
INFO [05-24|09:33:11.013] Successfully sealed new block            number=47 sealhash=b5d8dd..0051ff hash=426ed3..c25fa7 elapsed="733.075µs"
INFO [05-24|09:33:11.013] 🔗 block reached canonical chain          number=40 hash=e8cdd1..339f9c
INFO [05-24|09:33:11.013] 🔨 mined potential block                  number=47 hash=426ed3..c25fa7
INFO [05-24|09:33:11.013] Commit new mining work                   number=48 sealhash=f8871b..4047a9 uncles=0 txs=0 gas=0       fees=0          elapsed="423.267µs"
INFO [05-24|09:33:11.013] Sealing paused, waiting for transactions 
INFO [05-24|09:33:11.025] Submitted transaction                    hash=0x77b0777685cbb8473226ffa78722619a7ff535f1f716c76ccaa99f3fccc66bd1 from=0x65c08Cbf88dd60A77f7fdFF90Feb8F59cBF0916f nonce=18 recipient=0xfbF68028CB1a0ac2075372Ee1726C3417d367Bb4 value=200,000,000,000,000,000
INFO [05-24|09:33:11.026] Commit new mining work                   number=48 sealhash=0be5f2..3ef22a uncles=0 txs=1 gas=43544   fees=0.00087088 elapsed="492.428µs"
INFO [05-24|09:33:11.026] Successfully sealed new block            number=48 sealhash=0be5f2..3ef22a hash=a46ad2..7fa5d4 elapsed="754.143µs"
INFO [05-24|09:33:11.026] 🔗 block reached canonical chain          number=41 hash=9e3f38..2abee4
INFO [05-24|09:33:11.027] 🔨 mined potential block                  number=48 hash=a46ad2..7fa5d4
INFO [05-24|09:33:11.027] Commit new mining work                   number=49 sealhash=1d8437..3eca30 uncles=0 txs=0 gas=0       fees=0          elapsed="374.508µs"
INFO [05-24|09:33:11.027] Sealing paused, waiting for transactions 
INFO [05-24|09:33:11.036] Submitted transaction                    hash=0xc7b9c7c32f5715aa5cf0f844b766b258eb48976f03d823e1f7ce07e488506e2a from=0x4A98bc3db6370BB10901e42BCA85aE66889D3348 nonce=18 recipient=0xfbF68028CB1a0ac2075372Ee1726C3417d367Bb4 value=200,000,000,000,000,000
INFO [05-24|09:33:11.036] Commit new mining work                   number=49 sealhash=b1e302..8a53ee uncles=0 txs=1 gas=43587   fees=0.00087174 elapsed="549.992µs"
INFO [05-24|09:33:11.037] Successfully sealed new block            number=49 sealhash=b1e302..8a53ee hash=ea3f76..b6f012 elapsed="660.246µs"
INFO [05-24|09:33:11.037] 🔗 block reached canonical chain          number=42 hash=a53604..f40887
INFO [05-24|09:33:11.037] 🔨 mined potential block                  number=49 hash=ea3f76..b6f012
INFO [05-24|09:33:11.038] Commit new mining work                   number=50 sealhash=f3f47a..287c34 uncles=0 txs=0 gas=0       fees=0          elapsed="461.57µs"
INFO [05-24|09:33:11.038] Sealing paused, waiting for transactions 
INFO [05-24|09:33:11.049] Submitted transaction                    hash=0xb8f9a4fb746ebc7ee48b493d9f63612ac38827c80bfc5c42903322b657dfa632 from=0x65c08Cbf88dd60A77f7fdFF90Feb8F59cBF0916f nonce=19 recipient=0xfbF68028CB1a0ac2075372Ee1726C3417d367Bb4 value=0
INFO [05-24|09:33:11.049] Commit new mining work                   number=50 sealhash=28f6f8..27ba79 uncles=0 txs=1 gas=46140   fees=0.0009228  elapsed="672.1µs"
INFO [05-24|09:33:11.050] Successfully sealed new block            number=50 sealhash=28f6f8..27ba79 hash=5bec63..22db98 elapsed="852.916µs"
INFO [05-24|09:33:11.051] 🔗 block reached canonical chain          number=43 hash=b07d4d..4475ad
INFO [05-24|09:33:11.051] 🔨 mined potential block                  number=50 hash=5bec63..22db98
INFO [05-24|09:33:11.052] Commit new mining work                   number=51 sealhash=52ca32..89cf26 uncles=0 txs=0 gas=0       fees=0          elapsed="718.531µs"
INFO [05-24|09:33:11.052] Sealing paused, waiting for transactions 
INFO [05-24|09:33:11.059] Submitted transaction                    hash=0xd01ae763dc370d4744094caeb17553de7188700ad1e7f58bb0b9595176734363 from=0x4A98bc3db6370BB10901e42BCA85aE66889D3348 nonce=19 recipient=0xfbF68028CB1a0ac2075372Ee1726C3417d367Bb4 value=0
INFO [05-24|09:33:11.059] Commit new mining work                   number=51 sealhash=bac4df..81286b uncles=0 txs=1 gas=46127   fees=0.00092254 elapsed="540.004µs"
INFO [05-24|09:33:11.060] Successfully sealed new block            number=51 sealhash=bac4df..81286b hash=5e4a4c..6c8fd7 elapsed="737.3µs"
INFO [05-24|09:33:11.060] 🔗 block reached canonical chain          number=44 hash=59e76a..6f9127
INFO [05-24|09:33:11.060] 🔨 mined potential block                  number=51 hash=5e4a4c..6c8fd7
INFO [05-24|09:33:11.061] Commit new mining work                   number=52 sealhash=12dc56..c87c0c uncles=0 txs=0 gas=0       fees=0          elapsed="408.452µs"
INFO [05-24|09:33:11.061] Sealing paused, waiting for transactions 
INFO [05-24|09:33:11.070] Submitted transaction                    hash=0x6547b5d96596754b4d6eefd3498026b6439a7bb1952ba13d8bbd33bb607b8bd6 from=0x65c08Cbf88dd60A77f7fdFF90Feb8F59cBF0916f nonce=20 recipient=0xfbF68028CB1a0ac2075372Ee1726C3417d367Bb4 value=0
INFO [05-24|09:33:11.071] Commit new mining work                   number=52 sealhash=982180..5b2577 uncles=0 txs=1 gas=51775   fees=0.0010355  elapsed=1.379ms
INFO [05-24|09:33:11.072] Successfully sealed new block            number=52 sealhash=982180..5b2577 hash=8fdbdf..28be3a elapsed="709.361µs"
INFO [05-24|09:33:11.072] 🔗 block reached canonical chain          number=45 hash=35d2a9..8eadaf
INFO [05-24|09:33:11.072] 🔨 mined potential block                  number=52 hash=8fdbdf..28be3a
INFO [05-24|09:33:11.073] Commit new mining work                   number=53 sealhash=3d6988..0824f9 uncles=0 txs=0 gas=0       fees=0          elapsed="444.806µs"
INFO [05-24|09:33:11.073] Sealing paused, waiting for transactions 
INFO [05-24|09:33:11.073] Commit new mining work                   number=53 sealhash=3d6988..0824f9 uncles=0 txs=0 gas=0       fees=0          elapsed="934.986µs"
INFO [05-24|09:33:11.084] Submitted transaction                    hash=0x7d6c61be70811e55de95921401bccb1b34fd6946723d0a10e317ddf6042e02fe from=0x4A98bc3db6370BB10901e42BCA85aE66889D3348 nonce=20 recipient=0xfbF68028CB1a0ac2075372Ee1726C3417d367Bb4 value=0
INFO [05-24|09:33:11.084] Commit new mining work                   number=53 sealhash=a5e214..e4fb4b uncles=0 txs=1 gas=51925   fees=0.0010385  elapsed="603.414µs"
INFO [05-24|09:33:11.085] Successfully sealed new block            number=53 sealhash=a5e214..e4fb4b hash=bf202e..30b052 elapsed="904.561µs"
INFO [05-24|09:33:11.085] 🔗 block reached canonical chain          number=46 hash=9260e0..647d3c
INFO [05-24|09:33:11.085] 🔨 mined potential block                  number=53 hash=bf202e..30b052
INFO [05-24|09:33:11.086] Commit new mining work                   number=54 sealhash=19b364..524876 uncles=0 txs=0 gas=0       fees=0          elapsed="603.745µs"
INFO [05-24|09:33:11.086] Sealing paused, waiting for transactions 
INFO [05-24|09:33:11.095] Submitted transaction                    hash=0xc4e390fdf1b177b14f5fe831f4875a720cf3da88e8159df6bd4f475beb8dc258 from=0xA4CBeFE33FdDbFDD930ffec22bc2A849b1a7Be04 nonce=12 recipient=0xfbF68028CB1a0ac2075372Ee1726C3417d367Bb4 value=0
INFO [05-24|09:33:11.095] Commit new mining work                   number=54 sealhash=da5397..97fa86 uncles=0 txs=1 gas=34548   fees=0.00069096 elapsed="712.951µs"
INFO [05-24|09:33:11.096] Successfully sealed new block            number=54 sealhash=da5397..97fa86 hash=bd27b5..09780c elapsed="655.531µs"
INFO [05-24|09:33:11.096] 🔗 block reached canonical chain          number=47 hash=426ed3..c25fa7
INFO [05-24|09:33:11.096] 🔨 mined potential block                  number=54 hash=bd27b5..09780c
INFO [05-24|09:33:11.097] Commit new mining work                   number=55 sealhash=be268d..6060b5 uncles=0 txs=0 gas=0       fees=0          elapsed="419.07µs"
INFO [05-24|09:33:11.097] Sealing paused, waiting for transactions 
INFO [05-24|09:33:11.107] Submitted transaction                    hash=0x92e07ae64a61b02b59e704ac96a67c1202d4a375d99092adebe553645e8e47d9 from=0x65c08Cbf88dd60A77f7fdFF90Feb8F59cBF0916f nonce=21 recipient=0xfbF68028CB1a0ac2075372Ee1726C3417d367Bb4 value=200,000,000,000,000,000
INFO [05-24|09:33:11.107] Commit new mining work                   number=55 sealhash=dbbab1..6a9e48 uncles=0 txs=1 gas=43544   fees=0.00087088 elapsed="534.519µs"
INFO [05-24|09:33:11.108] Successfully sealed new block            number=55 sealhash=dbbab1..6a9e48 hash=653fbb..8bfee2 elapsed="946.871µs"
INFO [05-24|09:33:11.108] 🔗 block reached canonical chain          number=48 hash=a46ad2..7fa5d4
INFO [05-24|09:33:11.108] 🔨 mined potential block                  number=55 hash=653fbb..8bfee2
INFO [05-24|09:33:11.109] Commit new mining work                   number=56 sealhash=4914ca..807d81 uncles=0 txs=0 gas=0       fees=0          elapsed="511.864µs"
INFO [05-24|09:33:11.109] Sealing paused, waiting for transactions 
INFO [05-24|09:33:11.109] Commit new mining work                   number=56 sealhash=4914ca..807d81 uncles=0 txs=0 gas=0       fees=0          elapsed=1.038ms
INFO [05-24|09:33:11.121] Submitted transaction                    hash=0xa31a26697b23af034d885bf905859e18dee3c097705f9ed52add46e152c73cc3 from=0x4A98bc3db6370BB10901e42BCA85aE66889D3348 nonce=21 recipient=0xfbF68028CB1a0ac2075372Ee1726C3417d367Bb4 value=200,000,000,000,000,000
INFO [05-24|09:33:11.121] Commit new mining work                   number=56 sealhash=f95780..e31f0b uncles=0 txs=1 gas=43587   fees=0.00087174 elapsed="482.16µs"
INFO [05-24|09:33:11.122] Successfully sealed new block            number=56 sealhash=f95780..e31f0b hash=32b860..c4379d elapsed="732.122µs"
INFO [05-24|09:33:11.122] 🔗 block reached canonical chain          number=49 hash=ea3f76..b6f012
INFO [05-24|09:33:11.122] 🔨 mined potential block                  number=56 hash=32b860..c4379d
INFO [05-24|09:33:11.122] Commit new mining work                   number=57 sealhash=0a9264..3e08ed uncles=0 txs=0 gas=0       fees=0          elapsed="314.657µs"
INFO [05-24|09:33:11.123] Sealing paused, waiting for transactions 
INFO [05-24|09:33:11.123] Commit new mining work                   number=57 sealhash=0a9264..3e08ed uncles=0 txs=0 gas=0       fees=0          elapsed="703.882µs"
INFO [05-24|09:33:11.132] Submitted transaction                    hash=0x03faded591e3373569a8e8c6b1db0ba763fbe1db878d4d0ffcb5f26a57ca9e91 from=0x65c08Cbf88dd60A77f7fdFF90Feb8F59cBF0916f nonce=22 recipient=0xfbF68028CB1a0ac2075372Ee1726C3417d367Bb4 value=0
INFO [05-24|09:33:11.132] Commit new mining work                   number=57 sealhash=bcc77a..300b6e uncles=0 txs=1 gas=46140   fees=0.0009228  elapsed="550.935µs"
INFO [05-24|09:33:11.133] Successfully sealed new block            number=57 sealhash=bcc77a..300b6e hash=2b7f5d..1b73d8 elapsed="790.354µs"
INFO [05-24|09:33:11.133] 🔗 block reached canonical chain          number=50 hash=5bec63..22db98
INFO [05-24|09:33:11.133] 🔨 mined potential block                  number=57 hash=2b7f5d..1b73d8
INFO [05-24|09:33:11.134] Commit new mining work                   number=58 sealhash=0a0c32..b4a5e5 uncles=0 txs=0 gas=0       fees=0          elapsed="449.557µs"
INFO [05-24|09:33:11.134] Sealing paused, waiting for transactions 
INFO [05-24|09:33:11.145] Submitted transaction                    hash=0x7a3000320f1048f49ee4c95f9c1f0abefdc9107b9772886c1c9e1795d3ce39fd from=0x4A98bc3db6370BB10901e42BCA85aE66889D3348 nonce=22 recipient=0xfbF68028CB1a0ac2075372Ee1726C3417d367Bb4 value=0
INFO [05-24|09:33:11.145] Commit new mining work                   number=58 sealhash=3f9016..d6d904 uncles=0 txs=1 gas=46127   fees=0.00092254 elapsed="530.282µs"
INFO [05-24|09:33:11.146] Successfully sealed new block            number=58 sealhash=3f9016..d6d904 hash=abfca2..d693f6 elapsed="645.318µs"
INFO [05-24|09:33:11.146] 🔗 block reached canonical chain          number=51 hash=5e4a4c..6c8fd7
INFO [05-24|09:33:11.146] 🔨 mined potential block                  number=58 hash=abfca2..d693f6
INFO [05-24|09:33:11.147] Commit new mining work                   number=59 sealhash=580744..5e3a3e uncles=0 txs=0 gas=0       fees=0          elapsed="460.053µs"
INFO [05-24|09:33:11.147] Sealing paused, waiting for transactions 
INFO [05-24|09:33:11.157] Submitted transaction                    hash=0x50a3566c70f17a1b5fe3ac4468d636a95e48855384b3a6bcd8d8cd5166dfabf6 from=0x65c08Cbf88dd60A77f7fdFF90Feb8F59cBF0916f nonce=23 recipient=0xfbF68028CB1a0ac2075372Ee1726C3417d367Bb4 value=0
INFO [05-24|09:33:11.158] Commit new mining work                   number=59 sealhash=27553d..d80871 uncles=0 txs=1 gas=51775   fees=0.0010355  elapsed="634.416µs"
INFO [05-24|09:33:11.159] Successfully sealed new block            number=59 sealhash=27553d..d80871 hash=9f01ee..01d464 elapsed="774.852µs"
INFO [05-24|09:33:11.159] 🔗 block reached canonical chain          number=52 hash=8fdbdf..28be3a
INFO [05-24|09:33:11.159] 🔨 mined potential block                  number=59 hash=9f01ee..01d464
INFO [05-24|09:33:11.159] Commit new mining work                   number=60 sealhash=cc157b..351df3 uncles=0 txs=0 gas=0       fees=0          elapsed="450.375µs"
INFO [05-24|09:33:11.159] Sealing paused, waiting for transactions 
INFO [05-24|09:33:11.167] Submitted transaction                    hash=0x0f2ab6925563f13a4da51fe7347b8838a9533955c3514c7e6dae828f396b79a8 from=0x4A98bc3db6370BB10901e42BCA85aE66889D3348 nonce=23 recipient=0xfbF68028CB1a0ac2075372Ee1726C3417d367Bb4 value=0
INFO [05-24|09:33:11.167] Commit new mining work                   number=60 sealhash=a7d324..9a3ef6 uncles=0 txs=1 gas=51925   fees=0.0010385  elapsed="714.527µs"
INFO [05-24|09:33:11.168] Successfully sealed new block            number=60 sealhash=a7d324..9a3ef6 hash=3f5f05..23541f elapsed="625.326µs"
INFO [05-24|09:33:11.168] 🔗 block reached canonical chain          number=53 hash=bf202e..30b052
INFO [05-24|09:33:11.168] 🔨 mined potential block                  number=60 hash=3f5f05..23541f
INFO [05-24|09:33:11.169] Commit new mining work                   number=61 sealhash=f06361..28df34 uncles=0 txs=0 gas=0       fees=0          elapsed="414.551µs"
INFO [05-24|09:33:11.169] Sealing paused, waiting for transactions 
INFO [05-24|09:33:11.177] Submitted transaction                    hash=0xb567cb59540e3cb3d3ac4d7b6a94ecfc597bb4148be1daad923ac40901219e54 from=0xA4CBeFE33FdDbFDD930ffec22bc2A849b1a7Be04 nonce=13 recipient=0xfbF68028CB1a0ac2075372Ee1726C3417d367Bb4 value=0
INFO [05-24|09:33:11.178] Commit new mining work                   number=61 sealhash=2bb4b1..88aa5c uncles=0 txs=1 gas=34548   fees=0.00069096 elapsed="747.811µs"
INFO [05-24|09:33:11.179] Successfully sealed new block            number=61 sealhash=2bb4b1..88aa5c hash=eeb6e9..70e4a2 elapsed=1.346ms
INFO [05-24|09:33:11.180] 🔗 block reached canonical chain          number=54 hash=bd27b5..09780c
INFO [05-24|09:33:11.180] 🔨 mined potential block                  number=61 hash=eeb6e9..70e4a2
INFO [05-24|09:33:11.180] Commit new mining work                   number=62 sealhash=51b620..4ec223 uncles=0 txs=0 gas=0       fees=0          elapsed="491.849µs"
INFO [05-24|09:33:11.180] Sealing paused, waiting for transactions 
INFO [05-24|09:33:11.197] Submitted transaction                    hash=0x58c9262e7c8c7a6df7450a2fb6a23b0639d3b6963ca9d1d8381768822ef26dce from=0x65c08Cbf88dd60A77f7fdFF90Feb8F59cBF0916f nonce=24 recipient=0xfbF68028CB1a0ac2075372Ee1726C3417d367Bb4 value=200,000,000,000,000,000
INFO [05-24|09:33:11.197] Commit new mining work                   number=62 sealhash=b4de4a..3e154d uncles=0 txs=1 gas=43544   fees=0.00087088 elapsed="419.606µs"
INFO [05-24|09:33:11.198] Successfully sealed new block            number=62 sealhash=b4de4a..3e154d hash=323b87..54560c elapsed="714.122µs"
INFO [05-24|09:33:11.198] 🔗 block reached canonical chain          number=55 hash=653fbb..8bfee2
INFO [05-24|09:33:11.198] 🔨 mined potential block                  number=62 hash=323b87..54560c
INFO [05-24|09:33:11.198] Commit new mining work                   number=63 sealhash=651ad9..688344 uncles=0 txs=0 gas=0       fees=0          elapsed="333.78µs"
INFO [05-24|09:33:11.198] Sealing paused, waiting for transactions 
INFO [05-24|09:33:11.208] Submitted transaction                    hash=0x6efeca0f9770e069ab6d00b1c01115fe1d3c8cf27a4726a280eb7cf7bf84cd33 from=0x4A98bc3db6370BB10901e42BCA85aE66889D3348 nonce=24 recipient=0xfbF68028CB1a0ac2075372Ee1726C3417d367Bb4 value=200,000,000,000,000,000
INFO [05-24|09:33:11.209] Commit new mining work                   number=63 sealhash=57241c..dc3967 uncles=0 txs=1 gas=43587   fees=0.00087174 elapsed="615.166µs"
INFO [05-24|09:33:11.210] Successfully sealed new block            number=63 sealhash=57241c..dc3967 hash=0a49c1..e02f45 elapsed="795.116µs"
INFO [05-24|09:33:11.210] 🔗 block reached canonical chain          number=56 hash=32b860..c4379d
INFO [05-24|09:33:11.210] 🔨 mined potential block                  number=63 hash=0a49c1..e02f45
INFO [05-24|09:33:11.211] Commit new mining work                   number=64 sealhash=556e10..685ee8 uncles=0 txs=0 gas=0       fees=0          elapsed="820.23µs"
INFO [05-24|09:33:11.211] Sealing paused, waiting for transactions 
INFO [05-24|09:33:11.225] Submitted transaction                    hash=0x3285fbda41fd1143c9a4b738040c275159a21e287bd8e8703bf91ee6bf7a5b6f from=0x65c08Cbf88dd60A77f7fdFF90Feb8F59cBF0916f nonce=25 recipient=0xfbF68028CB1a0ac2075372Ee1726C3417d367Bb4 value=0
INFO [05-24|09:33:11.225] Commit new mining work                   number=64 sealhash=9f6182..a87cad uncles=0 txs=1 gas=46140   fees=0.0009228  elapsed="559.978µs"
INFO [05-24|09:33:11.226] Successfully sealed new block            number=64 sealhash=9f6182..a87cad hash=4e7ae9..bc9d8f elapsed="758.94µs"
INFO [05-24|09:33:11.226] 🔗 block reached canonical chain          number=57 hash=2b7f5d..1b73d8
INFO [05-24|09:33:11.226] 🔨 mined potential block                  number=64 hash=4e7ae9..bc9d8f
INFO [05-24|09:33:11.227] Commit new mining work                   number=65 sealhash=5cf568..dc828f uncles=0 txs=0 gas=0       fees=0          elapsed="405.117µs"
INFO [05-24|09:33:11.228] Sealing paused, waiting for transactions 
INFO [05-24|09:33:11.228] Commit new mining work                   number=65 sealhash=5cf568..dc828f uncles=0 txs=0 gas=0       fees=0          elapsed=1.956ms
INFO [05-24|09:33:11.237] Submitted transaction                    hash=0x4aa597bf1c0a0396ce8b427017cccc4c4c9119b13a71cf1d5234918590e6881b from=0x4A98bc3db6370BB10901e42BCA85aE66889D3348 nonce=25 recipient=0xfbF68028CB1a0ac2075372Ee1726C3417d367Bb4 value=0
INFO [05-24|09:33:11.238] Commit new mining work                   number=65 sealhash=8e2e9c..828d8a uncles=0 txs=1 gas=46127   fees=0.00092254 elapsed="506.036µs"
INFO [05-24|09:33:11.238] Successfully sealed new block            number=65 sealhash=8e2e9c..828d8a hash=8af10e..600112 elapsed="776.494µs"
INFO [05-24|09:33:11.239] 🔗 block reached canonical chain          number=58 hash=abfca2..d693f6
INFO [05-24|09:33:11.239] 🔨 mined potential block                  number=65 hash=8af10e..600112
INFO [05-24|09:33:11.240] Commit new mining work                   number=66 sealhash=d06f22..896acc uncles=0 txs=0 gas=0       fees=0          elapsed=1.513ms
INFO [05-24|09:33:11.240] Sealing paused, waiting for transactions 
INFO [05-24|09:33:11.254] Submitted transaction                    hash=0xfe45e2bada32f8b143198133d5162aeb66282745bf9d7f79eb37b1df24777815 from=0x65c08Cbf88dd60A77f7fdFF90Feb8F59cBF0916f nonce=26 recipient=0xfbF68028CB1a0ac2075372Ee1726C3417d367Bb4 value=0
INFO [05-24|09:33:11.255] Commit new mining work                   number=66 sealhash=868d4f..a206ec uncles=0 txs=1 gas=51775   fees=0.0010355  elapsed=1.055ms
INFO [05-24|09:33:11.256] Successfully sealed new block            number=66 sealhash=868d4f..a206ec hash=10db13..5c0cee elapsed="630.254µs"
INFO [05-24|09:33:11.256] 🔗 block reached canonical chain          number=59 hash=9f01ee..01d464
INFO [05-24|09:33:11.256] 🔨 mined potential block                  number=66 hash=10db13..5c0cee
INFO [05-24|09:33:11.256] Commit new mining work                   number=67 sealhash=a0f45a..e46212 uncles=0 txs=0 gas=0       fees=0          elapsed="416.159µs"
INFO [05-24|09:33:11.256] Sealing paused, waiting for transactions 
INFO [05-24|09:33:11.264] Submitted transaction                    hash=0x092b6ac63d19d86b9a225ba10cf83aab9f250a4696ddf9c86d69282d86867b5c from=0x4A98bc3db6370BB10901e42BCA85aE66889D3348 nonce=26 recipient=0xfbF68028CB1a0ac2075372Ee1726C3417d367Bb4 value=0
INFO [05-24|09:33:11.265] Commit new mining work                   number=67 sealhash=ed22d8..232bea uncles=0 txs=1 gas=51925   fees=0.0010385  elapsed="636.524µs"
INFO [05-24|09:33:11.266] Successfully sealed new block            number=67 sealhash=ed22d8..232bea hash=b91d9a..074cea elapsed=1.824ms
INFO [05-24|09:33:11.266] 🔗 block reached canonical chain          number=60 hash=3f5f05..23541f
INFO [05-24|09:33:11.266] 🔨 mined potential block                  number=67 hash=b91d9a..074cea
INFO [05-24|09:33:11.267] Commit new mining work                   number=68 sealhash=ad0b28..49b0be uncles=0 txs=0 gas=0       fees=0          elapsed="353.745µs"
INFO [05-24|09:33:11.267] Sealing paused, waiting for transactions 
INFO [05-24|09:33:11.274] Submitted transaction                    hash=0xe3f86c3bc227ee44ca92703b4a68042b190dcb968716ed7b2e0d1f3e3452a519 from=0xA4CBeFE33FdDbFDD930ffec22bc2A849b1a7Be04 nonce=14 recipient=0xfbF68028CB1a0ac2075372Ee1726C3417d367Bb4 value=0
INFO [05-24|09:33:11.274] Commit new mining work                   number=68 sealhash=e10fd5..b1c3ac uncles=0 txs=1 gas=34548   fees=0.00069096 elapsed="738.76µs"
INFO [05-24|09:33:11.275] Successfully sealed new block            number=68 sealhash=e10fd5..b1c3ac hash=add2e8..916a80 elapsed="896.849µs"
INFO [05-24|09:33:11.275] 🔗 block reached canonical chain          number=61 hash=eeb6e9..70e4a2
INFO [05-24|09:33:11.275] 🔨 mined potential block                  number=68 hash=add2e8..916a80
INFO [05-24|09:33:11.276] Commit new mining work                   number=69 sealhash=d23c3e..cde7e6 uncles=0 txs=0 gas=0       fees=0          elapsed="660.224µs"
INFO [05-24|09:33:11.277] Sealing paused, waiting for transactions 
INFO [05-24|09:33:11.285] Submitted transaction                    hash=0x627dc24c0f2d54d23af2c2ce28f8f7e01473135d1ac8454de2e6c8e3169fdad6 from=0x65c08Cbf88dd60A77f7fdFF90Feb8F59cBF0916f nonce=27 recipient=0xfbF68028CB1a0ac2075372Ee1726C3417d367Bb4 value=200,000,000,000,000,000
INFO [05-24|09:33:11.286] Commit new mining work                   number=69 sealhash=6e194e..beb66e uncles=0 txs=1 gas=43544   fees=0.00087088 elapsed="547.009µs"
INFO [05-24|09:33:11.287] Successfully sealed new block            number=69 sealhash=6e194e..beb66e hash=1b68ea..9ba8c0 elapsed=1.114ms
INFO [05-24|09:33:11.287] 🔗 block reached canonical chain          number=62 hash=323b87..54560c
INFO [05-24|09:33:11.287] 🔨 mined potential block                  number=69 hash=1b68ea..9ba8c0
INFO [05-24|09:33:11.288] Commit new mining work                   number=70 sealhash=1d4f12..ea00fa uncles=0 txs=0 gas=0       fees=0          elapsed="432.487µs"
INFO [05-24|09:33:11.288] Sealing paused, waiting for transactions 
INFO [05-24|09:33:11.288] Commit new mining work                   number=70 sealhash=1d4f12..ea00fa uncles=0 txs=0 gas=0       fees=0          elapsed="846.832µs"
INFO [05-24|09:33:11.296] Submitted transaction                    hash=0xa5f0a99306bf73421e16214b23d877c00cb23be13c175eecb9619d771f30c0a4 from=0x4A98bc3db6370BB10901e42BCA85aE66889D3348 nonce=27 recipient=0xfbF68028CB1a0ac2075372Ee1726C3417d367Bb4 value=200,000,000,000,000,000
INFO [05-24|09:33:11.297] Commit new mining work                   number=70 sealhash=dab2bd..24f18b uncles=0 txs=1 gas=43587   fees=0.00087174 elapsed="430.104µs"
INFO [05-24|09:33:11.297] 🔗 block reached canonical chain          number=63 hash=0a49c1..e02f45
INFO [05-24|09:33:11.298] Sealing paused, waiting for transactions 
INFO [05-24|09:33:11.298] Commit new mining work                   number=71 sealhash=e39bc3..ef31c1 uncles=0 txs=0 gas=0       fees=0          elapsed="508.062µs"
INFO [05-24|09:33:11.297] Successfully sealed new block            number=70 sealhash=dab2bd..24f18b hash=212c8b..985020 elapsed="511.869µs"
INFO [05-24|09:33:11.298] 🔨 mined potential block                  number=70 hash=212c8b..985020
INFO [05-24|09:33:11.305] Submitted transaction                    hash=0xc2fc428e0303ca0ffd04de0d992df643b17f199a635af1804ab3628c3e653b50 from=0x65c08Cbf88dd60A77f7fdFF90Feb8F59cBF0916f nonce=28 recipient=0xfbF68028CB1a0ac2075372Ee1726C3417d367Bb4 value=0
INFO [05-24|09:33:11.306] Commit new mining work                   number=71 sealhash=175077..e5403b uncles=0 txs=1 gas=46140   fees=0.0009228  elapsed="538.364µs"
INFO [05-24|09:33:11.306] Successfully sealed new block            number=71 sealhash=175077..e5403b hash=f7ae24..4e415f elapsed="765.14µs"
INFO [05-24|09:33:11.306] 🔗 block reached canonical chain          number=64 hash=4e7ae9..bc9d8f
INFO [05-24|09:33:11.307] 🔨 mined potential block                  number=71 hash=f7ae24..4e415f
INFO [05-24|09:33:11.307] Commit new mining work                   number=72 sealhash=c9aa8b..53b9b0 uncles=0 txs=0 gas=0       fees=0          elapsed="449.104µs"
INFO [05-24|09:33:11.307] Sealing paused, waiting for transactions 
INFO [05-24|09:33:11.314] Submitted transaction                    hash=0xce59bc9264f8f00b144cfa8e82aaaf4e433e30252579bcb0576d845cdf1f8784 from=0x4A98bc3db6370BB10901e42BCA85aE66889D3348 nonce=28 recipient=0xfbF68028CB1a0ac2075372Ee1726C3417d367Bb4 value=0
INFO [05-24|09:33:11.315] Commit new mining work                   number=72 sealhash=8f52f2..f122a8 uncles=0 txs=1 gas=46127   fees=0.00092254 elapsed="519.779µs"
INFO [05-24|09:33:11.316] Successfully sealed new block            number=72 sealhash=8f52f2..f122a8 hash=c26bc7..56a9f5 elapsed="853.498µs"
INFO [05-24|09:33:11.316] 🔗 block reached canonical chain          number=65 hash=8af10e..600112
INFO [05-24|09:33:11.316] 🔨 mined potential block                  number=72 hash=c26bc7..56a9f5
INFO [05-24|09:33:11.316] Commit new mining work                   number=73 sealhash=46ff1d..228a08 uncles=0 txs=0 gas=0       fees=0          elapsed="418.423µs"
INFO [05-24|09:33:11.316] Sealing paused, waiting for transactions 
INFO [05-24|09:33:11.323] Submitted transaction                    hash=0x1c326ada44cabcbdbe0fd48a0650a942f1dcf3f1845edb327e471abdbfd5464b from=0x65c08Cbf88dd60A77f7fdFF90Feb8F59cBF0916f nonce=29 recipient=0xfbF68028CB1a0ac2075372Ee1726C3417d367Bb4 value=0
INFO [05-24|09:33:11.324] Commit new mining work                   number=73 sealhash=502953..e592e5 uncles=0 txs=1 gas=51775   fees=0.0010355  elapsed="524.764µs"
INFO [05-24|09:33:11.325] Successfully sealed new block            number=73 sealhash=502953..e592e5 hash=03f6c1..e06eb1 elapsed="724.161µs"
INFO [05-24|09:33:11.325] 🔗 block reached canonical chain          number=66 hash=10db13..5c0cee
INFO [05-24|09:33:11.325] 🔨 mined potential block                  number=73 hash=03f6c1..e06eb1
INFO [05-24|09:33:11.325] Commit new mining work                   number=74 sealhash=e3db95..612b62 uncles=0 txs=0 gas=0       fees=0          elapsed="334.507µs"
INFO [05-24|09:33:11.325] Sealing paused, waiting for transactions 
INFO [05-24|09:33:11.333] Submitted transaction                    hash=0x1b21d8f0b60bbce36da3a1489bc7aa037d0719a5a495578b4564fea985901946 from=0x4A98bc3db6370BB10901e42BCA85aE66889D3348 nonce=29 recipient=0xfbF68028CB1a0ac2075372Ee1726C3417d367Bb4 value=0
INFO [05-24|09:33:11.334] Commit new mining work                   number=74 sealhash=9e852e..3f6554 uncles=0 txs=1 gas=51925   fees=0.0010385  elapsed="563.738µs"
INFO [05-24|09:33:11.334] Successfully sealed new block            number=74 sealhash=9e852e..3f6554 hash=b04786..02fe2d elapsed="529.557µs"
INFO [05-24|09:33:11.334] 🔗 block reached canonical chain          number=67 hash=b91d9a..074cea
INFO [05-24|09:33:11.334] 🔨 mined potential block                  number=74 hash=b04786..02fe2d
INFO [05-24|09:33:11.335] Commit new mining work                   number=75 sealhash=93f7ee..7b641f uncles=0 txs=0 gas=0       fees=0          elapsed="304.318µs"
INFO [05-24|09:33:11.335] Sealing paused, waiting for transactions 
INFO [05-24|09:33:11.335] Commit new mining work                   number=75 sealhash=93f7ee..7b641f uncles=0 txs=0 gas=0       fees=0          elapsed="995.73µs"
INFO [05-24|09:33:11.348] Submitted transaction                    hash=0xb1b38f162f1cd741137396dc62cc0cd7360c33a80193051aa2094166519a2d64 from=0xA4CBeFE33FdDbFDD930ffec22bc2A849b1a7Be04 nonce=15 recipient=0xfbF68028CB1a0ac2075372Ee1726C3417d367Bb4 value=0
INFO [05-24|09:33:11.349] Commit new mining work                   number=75 sealhash=3dafaf..d1f188 uncles=0 txs=1 gas=34548   fees=0.00069096 elapsed="907.207µs"
INFO [05-24|09:33:11.350] Successfully sealed new block            number=75 sealhash=3dafaf..d1f188 hash=46ba9b..4fdc9e elapsed="954.863µs"
INFO [05-24|09:33:11.350] 🔗 block reached canonical chain          number=68 hash=add2e8..916a80
INFO [05-24|09:33:11.350] 🔨 mined potential block                  number=75 hash=46ba9b..4fdc9e
INFO [05-24|09:33:11.350] Commit new mining work                   number=76 sealhash=0a1e61..78fcd6 uncles=0 txs=0 gas=0       fees=0          elapsed="464.057µs"
INFO [05-24|09:33:11.351] Sealing paused, waiting for transactions 
INFO [05-24|09:33:11.351] Commit new mining work                   number=76 sealhash=0a1e61..78fcd6 uncles=0 txs=0 gas=0       fees=0          elapsed=1.371ms
INFO [05-24|09:33:37.001] Got interrupt, shutting down... 
INFO [05-24|09:33:37.006] HTTP server stopped                      endpoint=127.0.0.1:8545
INFO [05-24|09:33:37.009] IPC endpoint closed                      url=/tmp/geth.ipc
INFO [05-24|09:33:37.048] Deallocated state bloom                  items=12 errorrate=0.000
INFO [05-24|09:33:37.049] Ethereum protocol stopped 
INFO [05-24|09:33:37.049] Transaction pool stopped 
INFO [05-24|09:33:37.050] Writing cached state to disk             block=75 hash=46ba9b..4fdc9e root=bd7777..4a0704
INFO [05-24|09:33:37.050] Persisted trie from memory database      nodes=14 size=2.10KiB   time="128.142µs" gcnodes=0 gcsize=0.00B gctime=0s livenodes=342 livesize=66.46KiB
INFO [05-24|09:33:37.050] Writing cached state to disk             block=74 hash=b04786..02fe2d root=a3b5af..70c707
INFO [05-24|09:33:37.050] Persisted trie from memory database      nodes=13 size=2.02KiB   time="136.066µs" gcnodes=0 gcsize=0.00B gctime=0s livenodes=329 livesize=64.44KiB
INFO [05-24|09:33:37.050] Writing snapshot state to disk           root=3657e9..8ff9a7
INFO [05-24|09:33:37.050] Persisted trie from memory database      nodes=0  size=0.00B     time="2.569µs"   gcnodes=0 gcsize=0.00B gctime=0s livenodes=329 livesize=64.44KiB
INFO [05-24|09:33:37.051] Blockchain stopped 
INFO [05-24|09:33:37.157] Done writing CPU profile                 dump=/tmp/profile
