User 1 just joined the lottery, called (join0, 0xbec462cea37464a56cdbcbbe4e5c81f00ed02cc120d2b76ab5f3bc2ade7b4940 )
User 2 just joined in the lottery, called (join1, 0x4cde460c95901c0a4582efd773b4a60f17b94f1affbd8547648c2f1e9720eff2 )
User 1 just committed her value, called (commit0, 0x3722e584c0546a0b2ce97f602e46622ef7e0f2b3356b186e232d66e7584ae483 )
User 2 just committed her value, called (commit1, 0x58b96c2e8f0f64a63e2c5984af3120a9b205ae8a3f735e332c544f5fe2f4ca9d )
User 1 just revealed her value, called (reveal0, 0x5a79116ff95eaa3452bb12f150edb4a69424a239303f05d31a1f466c2d1ddc72 )
User 2 just revealed her value, called (reveal1, 0xf3c5009f10177887edbc2e32a806f57907ab81bc93a746d8c9b7bbb785ed40e2 )
User 0 just decided the winner, called (win, 0x69db82ab035df89c0e94afaaa4b0298488068d6ff82fdcf604f18c84bd343c91 )
User 1 just joined the lottery, called (join0, 0xa1777beafe82e0061ab70963dec42961818f1de03fb2642b1b42c1903cbbd3ff )
User 2 just joined in the lottery, called (join1, 0xfa8094c251b6c6c5af680268e3c0b0cffb32f3dd0ce93c256400d1e167a1061b )
User 1 just committed her value, called (commit0, 0x56ead223c9fe21276a1595055bd85106909a1e1ede04e62138c4793ebe290b8d )
User 2 just committed her value, called (commit1, 0xee3a63076dc4f32840a921c2786000b09ac8b39a87f005a27f369a053e63162a )
User 1 just revealed her value, called (reveal0, 0x7566561bacafe08365d2a9e685e6c3e1c9f945022f6e4eccbd67e86046ff1cd5 )
User 2 just revealed her value, called (reveal1, 0xd14cd583ca625cd14d3ab817351ab9e933aa606a7b8c2303536b334046683f38 )
User 0 just decided the winner, called (win, 0x9898a24b6095fda13b6f5907a815a388e4669a54e5adabcdf09dd7b9125b9319 )
User 1 just joined the lottery, called (join0, 0xbb48a4d44fb80f6a33cc7bd5cd61a7ed0ab82ec48ec9b3ef99716109670e3ba5 )
User 2 just joined in the lottery, called (join1, 0xa2e9aaace0a5c858545dfd00ca7932334ca21ca4dfce28f9ebca76465ddb71b6 )
User 1 just committed her value, called (commit0, 0x26708ff015f6acf52d990e1b701f948547d838d7c0906b757e510c24afc34b07 )
User 2 just committed her value, called (commit1, 0x80f002445a42d3f9c38a1e3642199e029d52a583d452776a4044a12d3c1a15c9 )
User 1 just revealed her value, called (reveal0, 0x245148f325ad297d0a3af9e3884ce8cee6993155dc1f764e066041f4f7081ae6 )
User 2 just revealed her value, called (reveal1, 0x15ac01273c9497dfe2e68467185be7547b4fbb987ea0f9d7c616d32a986830c5 )
User 0 just decided the winner, called (win, 0x0fd02ce0e046aa42b9f65f73e7bfa04a99e9ff80066f5e30bd8d8444e9b38b1e )
User 1 just joined the lottery, called (join0, 0x239ca93d8123f57c2b6c0df71ff28f6b73bfa13994c80935cfb636d83ba9f3b5 )
User 2 just joined in the lottery, called (join1, 0x33003b451d7bfc4f4ac68fe00f83793a194d3586615a0a529575036bfe627c7f )
User 1 just committed her value, called (commit0, 0xecb84cd6542ac7bc3055744ba2f9a813d9916b3e0de8d4296f489378cb070204 )
User 2 just committed her value, called (commit1, 0x1e7b1a9e7bdc697fad4d0fd1a76631d48b0fbbd4f11bb61e3c44749f2b7a9d5e )
User 1 just revealed her value, called (reveal0, 0x72a22ad6cb0dd5485f5da97a91d6590c7d14dddb6a219bf9ca8983730c905613 )
User 2 just revealed her value, called (reveal1, 0xa51f39c568650c6cc0991ef94f3407bd9f1634efee04e8a642db51c71416e4a4 )
User 0 just decided the winner, called (win, 0x7b29ae06865cfd0d24c47db3a04854c62f7dc5cea37861f7aff6b3e3c7a5eca5 )
User 1 just joined the lottery, called (join0, 0xe77beb96b8ffe218b4062823ffe73794fb173768d1eba96d2724e2d5eea4ec35 )
User 2 just joined in the lottery, called (join1, 0xe2417f08eba0f46545e306936f5166cc7ea927babb37270f72b0bcd707531e54 )
User 1 just committed her value, called (commit0, 0x9c0f23e9d6b338e5bf734ab8efcfd25369315127eb5c0399771f0e2d3fb37afb )
User 2 just committed her value, called (commit1, 0x7f2ab35245fba3b06930978142bb55f92489ef1dafd1147260637682f70635e1 )
User 1 just revealed her value, called (reveal0, 0xea31aed1b37a0b639f9512bb534d0b7817f2b70f3eaf26f4609914103d33bba4 )
User 2 just revealed her value, called (reveal1, 0x3a6cfed0b4169ab05a7f6beae3e15351ce903c0657b95de79ed27a30cc86f76b )
User 0 just decided the winner, called (win, 0xa87cb29c8e68ad8a5a8a8e474887d3e24ee8a3a23f33a03fcc565be9d3a7d68d )
User 1 just joined the lottery, called (join0, 0x6add4d5438a003f160ae99b1c8781730518ff5f415a5fbdac8362985edee3be0 )
User 2 just joined in the lottery, called (join1, 0x247f90c90ba01147faca8095a2ab3a375d1646166da6df68fd8ab3eb37e5551a )
User 1 just committed her value, called (commit0, 0xaabf9b9260ffa1f86ffb5d0ded11cdaa25e86577457315fbc1e1b952c866cd71 )
User 2 just committed her value, called (commit1, 0xb1b56933c13fe3df4bace23f76bb4fa6e867377d060017787855b3e2ea2b5f21 )
User 1 just revealed her value, called (reveal0, 0xe7c32419ab7aae41070b0c59fb42f4ada2f38db542e7717b79aca2f97bcae0c2 )
User 2 just revealed her value, called (reveal1, 0xbc1cfe39ae4d23f3f5fb1ee8c6e2e06b186e354edb49233e57492138f4a42c19 )
User 0 just decided the winner, called (win, 0xe0264548cfac167d46f681e6d13f31ade2254761cbfc3ce7f3728a6543982e2f )
User 1 just joined the lottery, called (join0, 0x9bacc16297367877ee6856d97b1a9621c345cd1cc65a44665ed74c4cf43be4c2 )
User 2 just joined in the lottery, called (join1, 0xe6a19cbc8b2dcc4ccf3dc234eb9d3effc20befdb67ca84f2f617775f1d8780b6 )
User 1 just committed her value, called (commit0, 0xdc875aa09b4f17558a502f7fe75a1fd74173f9b54087d641b71a5f7c5b68722f )
User 2 just committed her value, called (commit1, 0xb71d4dd1786bd7db5c06f8b092d0a9a99c24a634681acc330349233abba7d22b )
User 1 just revealed her value, called (reveal0, 0xabd0161e9d9d2a9a4dfbc8cc9aec1112259bf69ca8591b9162979e6e3fcbf93e )
User 2 just revealed her value, called (reveal1, 0x68d5bfbf84c7df186962badf898b9d3dda95f0c91dade2e437232a28c3ff09b8 )
User 0 just decided the winner, called (win, 0x6708d35d91b659d4c75c36cc8ef4a212120cf26df0063a3fd4420b102ed6fd9e )
User 1 just joined the lottery, called (join0, 0x3112842ddbdc772ed9a2474b8e4e4ffd2af0c378f620a08a32316de48bacc9d7 )
User 2 just joined in the lottery, called (join1, 0xe8064125eaf4ccc28b39c9099c72730346f0f87cea9ffb390d9947c43966a7f9 )
User 1 just committed her value, called (commit0, 0xbdfd2640b20151c51dfb260430843e050191f653318322f367a640ca520a573f )
User 2 just committed her value, called (commit1, 0x5d0b61fb6ecbed3dd31c893b05a9877d2e27bc3de4dcf45c12317f1946398820 )
User 1 just revealed her value, called (reveal0, 0xa45ff4568982812593bc4c448075e0cf26ac1b47690e101c152b59098db040fe )
User 2 just revealed her value, called (reveal1, 0x75f9e31e84fe93affdaa736fe6dd6f6de0cd197a3488340b97dd276db020b4c2 )
User 0 just decided the winner, called (win, 0x28d1140a32da61fbf226405b278d8b49734a5fbc396bde0833a3f7de5dc282d9 )
User 1 just joined the lottery, called (join0, 0x22b9396eea470dd000f61c3f430f3bf106fd83be4500cf0d51e7b7a23c9b83d3 )
User 2 just joined in the lottery, called (join1, 0x7d37d3af47c69a30dc99522c23e14d41bfc30af8f7dc440c72abfdb492431400 )
User 1 just committed her value, called (commit0, 0x84e5c91b2ca9dd36eede57a03954c15ba492f90815772bfa2caeb34ffe0bac71 )
User 2 just committed her value, called (commit1, 0xa865c07dbf2203becf6deb0bd1dbac751f49b6393cc9448a741b8dfc54851e6a )
User 1 just revealed her value, called (reveal0, 0xa2cd4e384e6e0364b8b474a48914ddc60a67f5dc2fe20756822b0ab2ad0d33d5 )
User 2 just revealed her value, called (reveal1, 0xa6313223d788b77cc0176d7b30d7d7af04c05e88cd4c9d41024b6dbb913b79ae )
User 0 just decided the winner, called (win, 0x737e09a2f1184ad6ce6e836752e19975942c276deb635877316f4cc8313e10a5 )
User 1 just joined the lottery, called (join0, 0x06891ee20965bdb85c7ccf97dcfac0db760cb9b3314b2b0769c8be6370a69ec0 )
User 2 just joined in the lottery, called (join1, 0xbba61c38cc5bb8af0e44d3331bdbeccab629b661c79e175951e66a5d6a53c79e )
User 1 just committed her value, called (commit0, 0xef674b9759594dc6454a9f777b72f51ca1f259be5f9b9174f3bd28224f5d0719 )
User 2 just committed her value, called (commit1, 0xa4b603bc098c08b09f987eb0ed4e32ac78cf5e4836b18efbb242b8844c68621a )
User 1 just revealed her value, called (reveal0, 0xcce0a1cd88ca5a6f1fb80a935a0c67b7b0fc50e32302fdb1dce7600deb6e330e )
User 2 just revealed her value, called (reveal1, 0x406bf61df0946c97c43bcb3bcbc1d342b3de2cef3f13367722d754d7157d6326 )
User 0 just decided the winner, called (win, 0xd7eaeac99a865ade65caba8d1402527a9c42da41dd5f82e5c0c3beb42cc8c7c9 )
