Using network 'development'.

User 1 just joined the lottery, called (join0, 0x44db6bd2970dfeb8cb62bd7f129193a18587799335192d7470f4c65bd21cfd32 )
User 2 just joined in the lottery, called (join1, 0xa0aa06d35ae65f0c458d4192f7f7e6ac4a0a38b82aee90804f39b1a94aea9a12 )
User 1 just committed her value, called (commit0, 0x10b6504916c49cbb72e094e8494ff5baa22a3b67c9a0ad9ccb0f44c717f86fa3 )
User 2 just committed her value, called (commit1, 0x534e7d650b1ea49848570c6e97418c0fe7c7343cc7a11f716ddb99353a4d1f66 )
User 1 just revealed her value, called (reveal0, 0x3ec26c2fbadf2c4e3f07c45b3c7b4c3eeb647056e3bf46a71bd4f40b55850764 )
User 2 just revealed her value, called (reveal1, 0x8faf0513e5cadf9610aae5df851c2d6b7baf8f6255069199d8fd8141bdd8c26f )
User 0 just decided the winner, called (win, 0x156bad742d37a43e74d87d365a9c28af85eeac076f473861efeac75b114092fa )
User 1 just joined the lottery, called (join0, 0xcbc0f11985fb3cf2389a055ddf83433087b3f609907b80e573bb6b9ed95c6b6c )
User 2 just joined in the lottery, called (join1, 0x88ca9620d94df0fb3dbeb2b2a39e4ef7daa702171680e988ae9c84a0eca4a47e )
User 1 just committed her value, called (commit0, 0x788ee2f89b4c526430ae2a5276c4068aa4ece4685d524c0afd09cb4085b9fe29 )
User 2 just committed her value, called (commit1, 0xd7aab02076da6562186f8c46faacc7649cb3ece9b6c2a109e3e87a1c19c4a575 )
User 1 just revealed her value, called (reveal0, 0xd869cb765a75ea708487cf0ef96b3700b0a87b80dff10542ef10293d3ba21123 )
User 2 just revealed her value, called (reveal1, 0xbe7f5222a3e6c4992437f827b85ca46277edefc8e7b70cd4e03ef42ca9c24358 )
User 0 just decided the winner, called (win, 0x060687d6e60adf3a9cfd2eb9e5e3968cfaccb3645ce22864a04647108b0336e6 )
User 1 just joined the lottery, called (join0, 0x3d22fb4b7323e67de879d1c7892779294be90ec14b0ac8d4c6b2817e3f6c4e8d )
User 2 just joined in the lottery, called (join1, 0xe96773d5f86b433496e75b462a5812a450b6ffed3a31ac1b3250ee62bc9c3d6b )
User 1 just committed her value, called (commit0, 0x6aef9013242a2a2559dcdb457b5c294ea78a5850939f409c20d06e8372796a2b )
User 2 just committed her value, called (commit1, 0xa317e091256d810120e9e1cadbd51224e9aeb85694654e97fbccf121edf4404b )
User 1 just revealed her value, called (reveal0, 0x1af313da0c40e8e25fb3c281c1bb83d6ddb976b47a74f621fc8f85b5a15371e6 )
User 2 just revealed her value, called (reveal1, 0x973672a54fbb6a1e29e1b9524157df60bc173e6e6c10be06a79f7f5eef9ca2e4 )
User 0 just decided the winner, called (win, 0xbedeaf1aee2d4028fb985bdbdcdfdca0aaac5e0237f480a3d50afea217db196a )
User 1 just joined the lottery, called (join0, 0xe870208a8f6a5f62e7f69fd468b5849b1304f4acec45ef2d184d0fea00657705 )
User 2 just joined in the lottery, called (join1, 0xb1a6233456a1a40975b5dc7a1ae6f7b9c0ba9be429e0bd041da9aa58003e4ec7 )
User 1 just committed her value, called (commit0, 0x879cffb93e624e56366b5ff4aeafed3c01d809c07f573d4dc1e4b151d29ade4c )
User 2 just committed her value, called (commit1, 0x8c0771cce40e4a8488383f8c7f672c24b4f15a22e59aef096fd38c420841b966 )
User 1 just revealed her value, called (reveal0, 0x38e768dc5711aa91a326996a32e2d0d36758f7ea601e41ba7d8274f4bddfe91b )
User 2 just revealed her value, called (reveal1, 0x3c023688d0a6cd8c424a71cfee2965d078d663a0359f3b3a01363b0ee2cc06f5 )
User 0 just decided the winner, called (win, 0x1b54e3c8d81e696e85ef4dc293542b0af98b783a06ae1b3da8c7a8a818b7a8c4 )
User 1 just joined the lottery, called (join0, 0xe514d1cdc808ff343a84c03aae8e1c1b45cd008f254178b865592ee1379594ce )
User 2 just joined in the lottery, called (join1, 0x9f210d2e1e59089cded258402931c9def8e3617ec6dfb3c67b3f51319298c1e3 )
User 1 just committed her value, called (commit0, 0x2c2dd4968b282c4fa66d3b4687fd6c130fe9a66d60a8c09c769ca417a24b83e2 )
User 2 just committed her value, called (commit1, 0xafb48383a5d67ae4cd6aba6cf6c58770083b3223c2aedb352bbf37614a5c69aa )
User 1 just revealed her value, called (reveal0, 0x632d83e60aa952fce10474a2e15f78bcaaf28cbe3270767c218cbd778bb53936 )
User 2 just revealed her value, called (reveal1, 0x87dcdbb1a37d57562a93038f5c567d445e4f027dd3a068707c673be6d3996930 )
User 0 just decided the winner, called (win, 0x3851bc4194aa0707b894e06741819313dbebb13a2ad39c90f10f1310e9688e1e )
User 1 just joined the lottery, called (join0, 0x08850a9fa8865115a87fab76805bb3337b2b6295f4e723ca47984cb175872688 )
User 2 just joined in the lottery, called (join1, 0x08d3b6bcde8433ec1389457787e6bdc69cfa5e2ff78c336eed6e32d465914ad7 )
User 1 just committed her value, called (commit0, 0x54dffda30703b57aa417d005f5308c0844a798a8d2748f6a600e96be634d3654 )
User 2 just committed her value, called (commit1, 0x63056caebfff782de12262d8e4eedbdec4f987cda79e4671288154f515d0c918 )
User 1 just revealed her value, called (reveal0, 0x80e27649e0bd3ed76fa66be90dc09929d426bfa441850fe1c9abecbe494531ba )
User 2 just revealed her value, called (reveal1, 0x7ae8c9f1f12d13deb852bcbf79fa95085d73d4cf93290425665bb41d798e60ea )
User 0 just decided the winner, called (win, 0x76afbb9b997b779d6faf03b76110fa29c8fbaa0caf94f4ffec6bbc32ba543efe )
User 1 just joined the lottery, called (join0, 0x77b0777685cbb8473226ffa78722619a7ff535f1f716c76ccaa99f3fccc66bd1 )
User 2 just joined in the lottery, called (join1, 0xc7b9c7c32f5715aa5cf0f844b766b258eb48976f03d823e1f7ce07e488506e2a )
User 1 just committed her value, called (commit0, 0xb8f9a4fb746ebc7ee48b493d9f63612ac38827c80bfc5c42903322b657dfa632 )
User 2 just committed her value, called (commit1, 0xd01ae763dc370d4744094caeb17553de7188700ad1e7f58bb0b9595176734363 )
User 1 just revealed her value, called (reveal0, 0x6547b5d96596754b4d6eefd3498026b6439a7bb1952ba13d8bbd33bb607b8bd6 )
User 2 just revealed her value, called (reveal1, 0x7d6c61be70811e55de95921401bccb1b34fd6946723d0a10e317ddf6042e02fe )
User 0 just decided the winner, called (win, 0xc4e390fdf1b177b14f5fe831f4875a720cf3da88e8159df6bd4f475beb8dc258 )
User 1 just joined the lottery, called (join0, 0x92e07ae64a61b02b59e704ac96a67c1202d4a375d99092adebe553645e8e47d9 )
User 2 just joined in the lottery, called (join1, 0xa31a26697b23af034d885bf905859e18dee3c097705f9ed52add46e152c73cc3 )
User 1 just committed her value, called (commit0, 0x03faded591e3373569a8e8c6b1db0ba763fbe1db878d4d0ffcb5f26a57ca9e91 )
User 2 just committed her value, called (commit1, 0x7a3000320f1048f49ee4c95f9c1f0abefdc9107b9772886c1c9e1795d3ce39fd )
User 1 just revealed her value, called (reveal0, 0x50a3566c70f17a1b5fe3ac4468d636a95e48855384b3a6bcd8d8cd5166dfabf6 )
User 2 just revealed her value, called (reveal1, 0x0f2ab6925563f13a4da51fe7347b8838a9533955c3514c7e6dae828f396b79a8 )
User 0 just decided the winner, called (win, 0xb567cb59540e3cb3d3ac4d7b6a94ecfc597bb4148be1daad923ac40901219e54 )
User 1 just joined the lottery, called (join0, 0x58c9262e7c8c7a6df7450a2fb6a23b0639d3b6963ca9d1d8381768822ef26dce )
User 2 just joined in the lottery, called (join1, 0x6efeca0f9770e069ab6d00b1c01115fe1d3c8cf27a4726a280eb7cf7bf84cd33 )
User 1 just committed her value, called (commit0, 0x3285fbda41fd1143c9a4b738040c275159a21e287bd8e8703bf91ee6bf7a5b6f )
User 2 just committed her value, called (commit1, 0x4aa597bf1c0a0396ce8b427017cccc4c4c9119b13a71cf1d5234918590e6881b )
User 1 just revealed her value, called (reveal0, 0xfe45e2bada32f8b143198133d5162aeb66282745bf9d7f79eb37b1df24777815 )
User 2 just revealed her value, called (reveal1, 0x092b6ac63d19d86b9a225ba10cf83aab9f250a4696ddf9c86d69282d86867b5c )
User 0 just decided the winner, called (win, 0xe3f86c3bc227ee44ca92703b4a68042b190dcb968716ed7b2e0d1f3e3452a519 )
User 1 just joined the lottery, called (join0, 0x627dc24c0f2d54d23af2c2ce28f8f7e01473135d1ac8454de2e6c8e3169fdad6 )
User 2 just joined in the lottery, called (join1, 0xa5f0a99306bf73421e16214b23d877c00cb23be13c175eecb9619d771f30c0a4 )
User 1 just committed her value, called (commit0, 0xc2fc428e0303ca0ffd04de0d992df643b17f199a635af1804ab3628c3e653b50 )
User 2 just committed her value, called (commit1, 0xce59bc9264f8f00b144cfa8e82aaaf4e433e30252579bcb0576d845cdf1f8784 )
User 1 just revealed her value, called (reveal0, 0x1c326ada44cabcbdbe0fd48a0650a942f1dcf3f1845edb327e471abdbfd5464b )
User 2 just revealed her value, called (reveal1, 0x1b21d8f0b60bbce36da3a1489bc7aa037d0719a5a495578b4564fea985901946 )
User 0 just decided the winner, called (win, 0xb1b38f162f1cd741137396dc62cc0cd7360c33a80193051aa2094166519a2d64 )
