User 1 just joined the lottery, called (join0, 0x42a679cbf6e28c96cec2d1a0bde619e3cd82ac1e8ed97ffd31dc76c667c3c7c7 )
User 2 just joined in the lottery, called (join1, 0x9e040a8bea03b99b1cb4f68038f376ba38ba45e17b9774902329b3e430acd502 )
User 1 just committed her value, called (commit0, 0xf1fe68de3819040cac62095b65050795a55191a1330ffa0500f0d68ceb57eb14 )
User 2 just committed her value, called (commit1, 0xeed3bf8ce33b024c186d1987d1a2985b45eac6b677aa7e0eb63cde0a5d5883e1 )
User 1 just revealed her value, called (reveal0, 0xb418d4f2724b27b8c3d520585121c8b3335be1931fb088c617185e126b6d15b3 )
User 2 just revealed her value, called (reveal1, 0xdea1eb04bf1f48f69646d68f8f80d001db9fe08b5b29350cb3f0eb7c9d435f70 )
User 0 just decided the winner, called (win, 0x9a0dd2c2077cc26454f731345d9e48985ff05b97e25c0164fa0486fd2942a590 )
User 1 just joined the lottery, called (join0, 0xdd750ce35d208e83f1034af01c5ce22f6128cb8c61f851871ea2b5d423f368bc )
User 2 just joined in the lottery, called (join1, 0x4b9798ef3c16a7a3c1eef1868342a461ee152bb73ff823ab20221925078ad480 )
User 1 just committed her value, called (commit0, 0xea512ac20056d43488593519b2caddbebcd5aaabc2e192e5037e51df2bceedf0 )
User 2 just committed her value, called (commit1, 0x4bff4d33941f4a287b01d34334c8ad214e7d4a202a15e1f8a9f5e98e4f4394e3 )
User 1 just revealed her value, called (reveal0, 0x29e8db7dd47879013ab07d27c4c17d81d2ce8a907ca02c48f42cec6158c34f88 )
User 2 just revealed her value, called (reveal1, 0x2b6c70f5e5d9af31d0b460f224f3b905a3f915085433a14f942dbfe03ea9f50b )
User 0 just decided the winner, called (win, 0xf414d0573e3452616b519dd354c7645953a9a2fade4a4e8f6017631a2bd28ce4 )
User 1 just joined the lottery, called (join0, 0x22e494b49c13efb799b05b17cb18d450503e21521d23b9b05bf6b25fe605b6d9 )
User 2 just joined in the lottery, called (join1, 0x54a51f79e87151ea189191249aed06cc48bbcfa449a105b34b0ca8709e119fd6 )
User 1 just committed her value, called (commit0, 0xd70b1206aa3920bf40e9048e1377e9c4304b89ad13f5bc6e8ff86a021596c555 )
User 2 just committed her value, called (commit1, 0x46795a44402f9da30c33837dced7d106c72641d43a6e9397887cd7b726096699 )
User 1 just revealed her value, called (reveal0, 0x82244f8b9c8c02e561c83cb108c17f543470d1daa7e8d1dbdb452dd791fae2b4 )
User 2 just revealed her value, called (reveal1, 0x2a336aedc919793d0b6b491cfc7fdff1e13211fce6ab20315b2da34bcca1e458 )
User 0 just decided the winner, called (win, 0x6967756e7d826ae308b63746af8ae71a1e5f66e7795b8e677107c636bab42977 )
User 1 just joined the lottery, called (join0, 0x2a0b84dc0fe329fffb092da66188f3d2475fffc75124b84f0f97889bb751bfe1 )
User 2 just joined in the lottery, called (join1, 0xbbbee4539a0d637387e72fc68b3a0a70c60949c5ea457270a2bf91c35d245da5 )
User 1 just committed her value, called (commit0, 0x0c0df820f109980fd5b2b896809479a33961ee7eef1357f1df2fbc7aafb14cae )
User 2 just committed her value, called (commit1, 0x4737a0191b70cd0e5bf17bc7c47ce6b19aaf09625a3aa64a143c2b5a93b1c3c9 )
User 1 just revealed her value, called (reveal0, 0xa6e8bf47dce1e5806e2589ef5daeb2b6b66cd83c51a9b23c1596366730b0c8d8 )
User 2 just revealed her value, called (reveal1, 0x5580a1b1c903df1936a3aee0eb9c10bdabf62b410375dc60725103034380ab62 )
User 0 just decided the winner, called (win, 0x2f1c124beeef8fd4719a6af422500fca45eacecdcd69641d49e927cbc9147908 )
User 1 just joined the lottery, called (join0, 0xf2a32f6f3992228aaf4b36320c6aac71c979e41335723797d22fce387bbc6047 )
User 2 just joined in the lottery, called (join1, 0x2b1312cc42249b3fa9c8033d521fa5256c61a5c9d8c1a7b99b232ff8d15da3ce )
User 1 just committed her value, called (commit0, 0x5c0573629ef4ea3437d968e2f903a97b4d60bd320f5424a77c237333ba831da9 )
User 2 just committed her value, called (commit1, 0xd63deb9d7f4119175131f443b063f5714f3d55469073b9a99aa51d39844b497d )
User 1 just revealed her value, called (reveal0, 0x985ef0fe397a65c02ff68541d95a85f77d7875d394a325078a3da1dbad025f50 )
User 2 just revealed her value, called (reveal1, 0x63b6d8a895ed52ba44f7650401bcfd0b01a87fbc69bedaae0d6d83c040a0cdb9 )
User 0 just decided the winner, called (win, 0xb785520b3cef67f5910f36a20f66f0c1fad4263be96c0ed8ce727c40d2d6348f )
User 1 just joined the lottery, called (join0, 0xeb1dd8fd7dcf5ecb521f46c00ac1006aadbed908f1812c31786ee4a99793ecdd )
User 2 just joined in the lottery, called (join1, 0x65aad40c631122d158cb3e760ee3fb9541de941f7e74e806000f37e240bb9d2c )
User 1 just committed her value, called (commit0, 0xf8c95618e7ed9c44638a91c70764844a49aa1935e7d5504c5506975a5074cf45 )
User 2 just committed her value, called (commit1, 0x2405f930642674aaba115b6650adb9f31ce4835d7919d71287daa8f61d36d6be )
User 1 just revealed her value, called (reveal0, 0x4de7083bb63ff96b051428006bc398ba4f5200d8237abbc3b1c2e1fe0f984697 )
User 2 just revealed her value, called (reveal1, 0xb585b1fd790265e0be3674a057236ad30e0cddc5076224033946a14735b59391 )
User 0 just decided the winner, called (win, 0xc61bfa8f037f85d77ca4a0ac5ed6a914e99ba18336d6de9daf5cd09d968251cf )
User 1 just joined the lottery, called (join0, 0x46ff438195755b12ed52555c29988e1c06acd66564dddc723aa163fcae705655 )
User 2 just joined in the lottery, called (join1, 0x857ea31e79ab8c3c77996ab56aaf18e30cfc933846fd527c3513e47b5292f793 )
User 1 just committed her value, called (commit0, 0x0b3f4980e0c8ed57f6bf0411c099eb6545fb30d6f2701f0b4128ae6dec6ab728 )
User 2 just committed her value, called (commit1, 0xae07b5609edce905f3737e58795ce012e95749d4c66a66e1f46420a571ec3d0b )
User 1 just revealed her value, called (reveal0, 0xe4aaecc062ce136776d121eca9c4718c29793c31484e98f9fad547c4b287efac )
User 2 just revealed her value, called (reveal1, 0xd113c378dff62d4644054a8065343fc56595319399fad5c2ab9cf0e79cb946b2 )
User 0 just decided the winner, called (win, 0x5a4d6963da7c2790b2c2d33e6c905b04b3c9e5535ac5f4d6fae8900372d58479 )
User 1 just joined the lottery, called (join0, 0xe7f59fd9cb436b9657148af30f2acae2f733c09eb4e65215c227341b826315b8 )
User 2 just joined in the lottery, called (join1, 0xc0a44eb23f3b90afde70364f20c8889b1cd3984f2239be89d67ffe73c6572b31 )
User 1 just committed her value, called (commit0, 0x6fb936899c825a83fad1bfeba98c95c9afa8658903925b2bb2f616105a080955 )
User 2 just committed her value, called (commit1, 0x5124c804ec3741184ada17909d34162572ef28c03ad8dbd40f5307211622778e )
User 1 just revealed her value, called (reveal0, 0xe4f4433af2a1cb0143019c2bc203aaa3fd07f924bcad20a1f14429371363b91b )
User 2 just revealed her value, called (reveal1, 0x2b26baf07d579083f2f2cf15cb0f1e1782b44af2ad1f6f272675ba57700e5903 )
User 0 just decided the winner, called (win, 0x6dcb19ebf64de289bf6a5c2703705c66af25357bfbf1b411ab0a86852bef0b23 )
User 1 just joined the lottery, called (join0, 0x837b680678b1737fb55b07af13f9759263ab4cc91e42fbb42282a848b27665c9 )
User 2 just joined in the lottery, called (join1, 0x2c90e5ac38a9f819e10b72da8c6441e4db8af485dd6e95102a82460a8f6cf835 )
User 1 just committed her value, called (commit0, 0x4e8011b86b679d96cf7008504216c484678de6c653cc26011a544cd843ce6457 )
User 2 just committed her value, called (commit1, 0xbb85c797e74bf9c9282a15e7ba11f100247821e19900ecfc8e6f47bb1757e032 )
User 1 just revealed her value, called (reveal0, 0x7621cffcf8c3e88c646d621992130bff0ade13f4a0466edeb7d6793339b20fdf )
User 2 just revealed her value, called (reveal1, 0x4eca2e616dfa909b8d8e36149903a04033ccb1fddeb2a72512b6bedca81bf8e4 )
User 0 just decided the winner, called (win, 0x117530a3b909b3df7636d36d9e68c24e57939fbe13eed363b5941ca944dd43ed )
User 1 just joined the lottery, called (join0, 0xbf1b8ab248cf48a6d7d7072b9b64574681cc74e8aad399c6737bb5e485915822 )
User 2 just joined in the lottery, called (join1, 0x4ff1813820e7157b56e8996d588d945bd1dc74c5d5e790152ffbf90e305826f9 )
User 1 just committed her value, called (commit0, 0x9602f9992719df476c2b2ec3115b9b3efc97e876b98a56d963d7bcf780355b13 )
User 2 just committed her value, called (commit1, 0x6479f1cf7f4dd93f62527c005f14f3fad71277987b77950daa841646a6b59a72 )
User 1 just revealed her value, called (reveal0, 0xa63b3320c671d8dfc18af6bc7ea470e861084b32487ea5f4cac58c448015d79b )
User 2 just revealed her value, called (reveal1, 0x3e5534b6febeff15cfcfb4349c8a488c60851e1c687844500d88bd114661bc38 )
User 0 just decided the winner, called (win, 0xff0856c3c36cf5cf19758cb8ce61b41bf6435024c9130d32c8538f4a96788115 )
