Using network 'development'.

User 1 just joined the lottery, called (join0, 0x904f1013215ccc2a08d21e5232b9998fbf5b815c6b722a75dd894275d76b67a1 )
User 2 just joined in the lottery, called (join1, 0xd31736ecfaefe188f07561252586ef8d09b2666ee44a0d84d846ef607591669b )
User 1 just committed her value, called (commit0, 0xa0568641cbde0106fc15b939413855870284d8c0c9b8fb773d554ea95346722b )
User 2 just committed her value, called (commit1, 0xbe556fed3075459ad1162776292eff2559e21dc3fe41b716702d3e9712681b82 )
User 1 just revealed her value, called (reveal0, 0xe895b3a55d8367a10b43871321fdf3e85a8cb95f20d0fc68880d82bc0f35b069 )
User 2 just revealed her value, called (reveal1, 0x0d1c22c9289a64c6a35f5fcc0bf0d8229ea99fbafe4c70def17c38ebb3e60b18 )
User 0 just decided the winner, called (win, 0x49ff97cdb142f3ecf7761485c0d62bc55ccf81ffc04a8af280a27fa29f3c00be )
User 1 just joined the lottery, called (join0, 0x50531d22fb15faf198b6660b395090f8227169304c146db9f6bb826d94a37557 )
User 2 just joined in the lottery, called (join1, 0x2bb2cb31f4bd8306847641716cae8f964dc4f190ebbfdba39cd7c9f99b0e2a27 )
User 1 just committed her value, called (commit0, 0xda1001be413ca5e92bbe92ed36c482106339c7062d544be5ba023f7c7ff51d06 )
User 2 just committed her value, called (commit1, 0xb162491085dd95c98914bce394e5c1686535d10d1a5894e0a1ef684c58acaaf1 )
User 1 just revealed her value, called (reveal0, 0x46f7d36efb5940ee207f38d3df38c7a7ef60db88849d403d92e5321f76aadd22 )
User 2 just revealed her value, called (reveal1, 0x0153b437af41b15c5718a16e816c638694e960f2ce5dadb59b94282765941fdb )
User 0 just decided the winner, called (win, 0xd6816dee00101446a05b64cd8b7ce18c696641b30baa19ebb856f70886c82cd9 )
User 1 just joined the lottery, called (join0, 0xa807325265d918ee27488b020d80f4fb4b20f30f2d8c3a5b4c8918fb30f37019 )
User 2 just joined in the lottery, called (join1, 0x2b8dca452c5b9e3d51320870dd410695959fef8279f773ca45a625f9ace17a59 )
User 1 just committed her value, called (commit0, 0x0c8096b5440063506753c82eac2a90476c8134c25620b79f756efb5d8c7a34ed )
User 2 just committed her value, called (commit1, 0x42ee0f0b0bb64063c3b1a1befe173ac43da0ff4db9066a07852069c5206363ce )
User 1 just revealed her value, called (reveal0, 0x8990817ed4597b4667999beaf1029dda76fac0163cb374eb07779c93244bebb2 )
User 2 just revealed her value, called (reveal1, 0xd8cdfb6100aaa67df98c1cb3f091beaaa93b801817b8e47ff9ec0e8c3b88783a )
User 0 just decided the winner, called (win, 0x9d63ed887776b4e5324211a46a622fc18b8437f855bda46bd83f130d6d2389a4 )
User 1 just joined the lottery, called (join0, 0x603248bf01b84a0422662f0a839981e709aac428696ce83b4789077ec5db4e45 )
User 2 just joined in the lottery, called (join1, 0x25cd04a97308693d4f89d12f999dedcc98c6853e79469f51f49ca81cbd934cc1 )
User 1 just committed her value, called (commit0, 0xf3273c4fdc2d1f3f2e1dff72e43004bf1ede0ce447e5072ee937260703e5055c )
User 2 just committed her value, called (commit1, 0x9025e42235024a90b0f3e38613cc1db064969aaeb9da0fb54f7ab58d3da76a24 )
User 1 just revealed her value, called (reveal0, 0x893ba4afdd60d8625631784267dc1456a0af75c0f2625cfd77ca2bf8d27f6431 )
User 2 just revealed her value, called (reveal1, 0x74584106b45e2c2f1a352416cff4ebc9745f3a865c6a4a26ff0ef4ff8f2120bb )
User 0 just decided the winner, called (win, 0xf9be233ae13c18b917deb75504d7ab09ceae705dfe5df92ae051ba96327ded8f )
User 1 just joined the lottery, called (join0, 0x6474b4e0808deee30f7983a6ce6433e8be94655f112e2477d19b2132fd242ab9 )
User 2 just joined in the lottery, called (join1, 0x24d3eb5d8594835eeda86599cc25286211f50ebc59d9ff79ac5a7a755162d1b7 )
User 1 just committed her value, called (commit0, 0x2efd6a052b4e6a35532571f456ea07669c1361246e37eea9b4ece65a570ece7d )
User 2 just committed her value, called (commit1, 0xb2da497773cf79c65ac699c0e708de4bf01b4d1a60404accbc1f05dd89080bbd )
User 1 just revealed her value, called (reveal0, 0xd44705c9925f9643a4bae1106cd516c8c39375f9839dd46e4535d8e5d391e9b4 )
User 2 just revealed her value, called (reveal1, 0xbea2485f299e342021137de7ebfa91d67a4cdced788f06424cae3b86da7986d6 )
User 0 just decided the winner, called (win, 0x6dffb81aa0fb16477845e3caeb0760617c9be4bfe4301ad04d5b4b2e13508491 )
User 1 just joined the lottery, called (join0, 0x7f499a464c916cc64f3a5d7e56cd576294d45fe175bdd4af30d5f1176af7dcf6 )
User 2 just joined in the lottery, called (join1, 0xd6a67c74357ea1e0118db0e814de776f1dfdd9556ddcace2d21f4a49775ecc01 )
User 1 just committed her value, called (commit0, 0x7e3106f6783d03624da21d74aef2b600b23749ac7d713f77cefbf5f3f408910a )
User 2 just committed her value, called (commit1, 0x966144e1307668f833b1f90a0d098b5926f49b1df3d86cfc123e62a5060ccd0f )
User 1 just revealed her value, called (reveal0, 0x766187f952a8ecbb7760b740b3151b5d5e59fc12805097904e52262897d4f799 )
User 2 just revealed her value, called (reveal1, 0xb6a97c59b777faef40801407ccf075a8b1b09596b129c4e919933c9b1d164cfd )
User 0 just decided the winner, called (win, 0x5bf50ed0ee8fe2fbc06690cb2ee7c90c2da613369dbca4f27619ea90fca2bd78 )
User 1 just joined the lottery, called (join0, 0x709d09d8042828a28d5de8361c3d5b1880ecc2490787a1198573512bd01c6747 )
User 2 just joined in the lottery, called (join1, 0xa787edc0222eef769d699a3a272bac91b7a7cca7a7b6ea44026b2bb1f0ad5b9e )
User 1 just committed her value, called (commit0, 0xe3155a946c93106da54c876ab06546c5d4c4c2f6a7b6a79ba79b240374ae4a45 )
User 2 just committed her value, called (commit1, 0xb6d63b641bbc45e75589780713b4660ef9de89e204e0e95ea68ac8bdcdfb6bc8 )
User 1 just revealed her value, called (reveal0, 0x2dffc8e93feee744b1b8a86e7c83ccdde412c6a30ebd2cd3aa1391716e9b4ed8 )
User 2 just revealed her value, called (reveal1, 0x9a6171d8a6877ae40cc889ed93d8ac153d88129efe6bdde6d8c20c1a25e165d9 )
User 0 just decided the winner, called (win, 0x62b7c532293e15afc56ee48fecb8ec3fb2e152e95bbf7e8a054d337d7dfdf52f )
User 1 just joined the lottery, called (join0, 0x78bbb7a40a2f065f90072513b066a29748c55e01e322fea2a8808dcb412e9d5c )
User 2 just joined in the lottery, called (join1, 0x6b7985a67efc0854e31bb81ca1791d2619d76c44d86d8a0a5d098368c69a9fc7 )
User 1 just committed her value, called (commit0, 0x5027c6e0eecb13eef6ba66ff7ddb9d4eb32a953b194e7e3200962cb356021a10 )
User 2 just committed her value, called (commit1, 0xc5468ab00485a3b1fcc908d8144b87d6bd9db1735776b36eb3ceb64650a484f0 )
User 1 just revealed her value, called (reveal0, 0x71d0c2d6fa9ae19bf4c99dc1a5a22e95c7bb466ebbb862f3cfcac3b91e2ce5b6 )
User 2 just revealed her value, called (reveal1, 0xd131df2aa2596b9cc71d727f1c600e43e605c60aa1c2832e6595811c424539c8 )
User 0 just decided the winner, called (win, 0x2363adb3d640e353818aa93c1d20c62945570729417d348480dd13d78437a8fc )
User 1 just joined the lottery, called (join0, 0x1f35d1df844cd43fdb25d5ab36297fc13212eaac547bc124dabc397e15cde185 )
User 2 just joined in the lottery, called (join1, 0x5527aaf2334a374044115410c1d96fdfa3fa52c582dc78456d7d8870b3006953 )
User 1 just committed her value, called (commit0, 0x55053b9dcd8b4be26d3fd0b29f6070d7493ceeda5bac5f262ac1a1f2dd8effe8 )
User 2 just committed her value, called (commit1, 0x1a324a4b8dc6fd8fa36f965a0e413f4382b35c69de91e80bc15a697e62d09c88 )
User 1 just revealed her value, called (reveal0, 0x635c0c481199fc3ba420d8b872e604677281ed4aab4602937820442e3baa628f )
User 2 just revealed her value, called (reveal1, 0x760d9a6b41332498e0f7d8c078a9b88750649acc63b98bf704e3fb54b30a51b7 )
User 0 just decided the winner, called (win, 0x9de66c903136c9332b97149545d79670817fbbdfbf8b9d1995fe95edcce2018f )
User 1 just joined the lottery, called (join0, 0xd65d9762cd5e6c5e822fb4a3d790da2b2daf514d7a044f91da93aab220163dcf )
User 2 just joined in the lottery, called (join1, 0x67d45254485f16f8f33fc0baaa8b342df74c2a0c5e60dc8b51a7d68b7ad670f9 )
User 1 just committed her value, called (commit0, 0x9235a89623fd82de7c4b3b8a927c7206664da59124fc3c4c312838b10b454f7a )
User 2 just committed her value, called (commit1, 0xfb2f9e463385e71dd72cc27ed85a9dc8b7e89f786be86ef2c0fc8320bcbbf16b )
User 1 just revealed her value, called (reveal0, 0x29c893ac9d8482b9dd9a2140f97e9a13a0e6429839202e7e81db1dd4a9512b99 )
User 2 just revealed her value, called (reveal1, 0xb13f2ed1d45c0ff33e3ec750b9c71cf52cef23e8c9de8708ca2d2b788b32ae02 )
User 0 just decided the winner, called (win, 0xda1583cc3f31620e5cf7a196850937c6af633832ef6ca9160d8503a5e3367d97 )
