User 1 just joined the lottery, called (join0, 0x611fb4c916719f8b974b75666057f50e4f8fbcf5c69e4b5b74744e8c2dd05d0e )
User 2 just joined in the lottery, called (join1, 0xd5c3298c2f678850c907e183cd58af481e26cba59530422f50e2bf16c09d9662 )
User 1 just committed her value, called (commit0, 0x0eb047e458bcf47f8204907f6fd0beb250e2e16639a76a99a29133d6286bf16b )
User 2 just committed her value, called (commit1, 0xa923509a267307c50b03d6782c1cdd3cd0e7f11cdb095561c0a62d80e6e103a3 )
User 1 just revealed her value, called (reveal0, 0x3ec8a39e9e55fbbd4749918e634654bcc16b1f50d9fcdb1ad254005a3c3eb2fb )
User 2 just revealed her value, called (reveal1, 0x6d9e7d26a7fad755fe858da1746fe0ac502c6fa5444c3a450e6fd6cd1afea1c1 )
User 0 just decided the winner, called (win, 0x54c55d85125525901d7a525368ad66803a692d9748a71f3c8c53d8fdf35c6f14 )
User 1 just joined the lottery, called (join0, 0xa0193e4f5b4b40e38a74f92a36307b10893ad2cb952dd6e8e060e196efc552fb )
User 2 just joined in the lottery, called (join1, 0x066b05daf4b59652f9b3c27dbef7c649b322c05395b6770e092232f163f7e183 )
User 1 just committed her value, called (commit0, 0xda6a39853b393da44539dd1ae2e3541429a8bb324661d3c12aab326280c6fbe4 )
User 2 just committed her value, called (commit1, 0x9e3426bd64987b206cbfc476ca804bef1c42fec8ad1eef41bb16ffe1aacf388a )
User 1 just revealed her value, called (reveal0, 0x5d8e1bb81ef5663ca1cb85212b15a0acfb2db00daee810d68e19ee8b1eda7ea7 )
User 2 just revealed her value, called (reveal1, 0x9d2c2bf3fcc6ae86483a91e19fb129f5af299804a175153384a6142f1e315426 )
User 0 just decided the winner, called (win, 0xd87bda6e7c980e542fd756710c952b5ef2eec64729d74954f295cb3df907c81f )
User 1 just joined the lottery, called (join0, 0x5e4be01480ee4c40d0b52e3ecf13303fbcb40c96bb17f8f81836f568776d5061 )
User 2 just joined in the lottery, called (join1, 0xeb4a842720ab5b7628bd3416c781ff57fb4a0de693162623e2130eb1c1fed864 )
User 1 just committed her value, called (commit0, 0x0d0f77a4a1d264ef5381ab87bdcb8456877e7eb68223e217d03f9d0daf638ca3 )
User 2 just committed her value, called (commit1, 0xd4b83624426a10b5f1c0f6f542bd9ed6e67e775f930331ca9356d986e78688a5 )
User 1 just revealed her value, called (reveal0, 0xc601686aba3b602481f7706c8c1ad36dc7f8c444d2487b78e754f2ac9b2aa8b3 )
User 2 just revealed her value, called (reveal1, 0xd078efb063e508592c7acf429b2ff4b77cae9424534ef0bb31ccbc7874992ccb )
User 0 just decided the winner, called (win, 0x6fb391917e92ca24c4eb86cb699fa2e748be7dcfab62135bf642277ddbb53d34 )
User 1 just joined the lottery, called (join0, 0x92ae1f97a36cfa991364384e844dcba28c3aa35b8222a605c57ade3f08809654 )
User 2 just joined in the lottery, called (join1, 0xd788e0932acdc88126c61f27a1b5dca9609690336ce18821d51a53df29679619 )
User 1 just committed her value, called (commit0, 0xfd19fc3a105a6af5b91383f4c94fcaf34f55a59d159cb3552ef54a37a6328906 )
User 2 just committed her value, called (commit1, 0x9c5549dbefd417a215f88d91d0fc637da48d6bd62c70aa73f4c20329c30ffaf4 )
User 1 just revealed her value, called (reveal0, 0x4ae449b2248f1e1e642f097ce49f054984dcc497a8be6948ee4a9aebf007b762 )
User 2 just revealed her value, called (reveal1, 0x2eb3486e966e4c3fb7aa8e6e3c3bb76ac6ca5ea512d940c4e0082b21863bb2f9 )
User 0 just decided the winner, called (win, 0x43ec798420a2bc522fd73d5551957d232a79fbeb30f7ed4415dd76315a2bcef0 )
User 1 just joined the lottery, called (join0, 0x084e5c3b4001c203cb199f45d4569532d084d76b550580e1f9f4c271f5c78e2a )
User 2 just joined in the lottery, called (join1, 0x15889428b74beb0e0b7657de4d78a7a7c010ba9907467f0b4ec084e404af4c62 )
User 1 just committed her value, called (commit0, 0xc1e51741751cc5c5472d257a2cbe7db27e034a72b7752a50b94ab864c04a69d6 )
User 2 just committed her value, called (commit1, 0x02bb4a54d6a083893a87f6309d4ef3c14552d0b6589b3959e4e48b5ffc081766 )
User 1 just revealed her value, called (reveal0, 0xff38085f5a35c3757cfa1d643248b2bda5b8ba224bff9885b36ed4a613ef75a9 )
User 2 just revealed her value, called (reveal1, 0x084a42249353a491af089a36611af6e33aabfe455cc22aa7f1d2d891ca7d9e83 )
User 0 just decided the winner, called (win, 0x88bd4779ba8f4b42679686831b8432eed8ebed762610b8afbe52580a6e92e505 )
User 1 just joined the lottery, called (join0, 0x76d7f06abceb85165737334d7487aa291b7db87d2965cb9cf49fcfd806511ffa )
User 2 just joined in the lottery, called (join1, 0x5b74db7669c7a5994fa42a9e5892704f7d9249156ceceba37b4a3e35e050d3c5 )
User 1 just committed her value, called (commit0, 0xba007a89573b68799c44e03922811dd29dcec1695619b454b244f60564f3ad19 )
User 2 just committed her value, called (commit1, 0x829abe8e9db632d28e5a8a3f40d16d17aa323dc0d7def9b8e01a5c81b2db49f3 )
User 1 just revealed her value, called (reveal0, 0x4d1d0201bb1d582a9af48fabb1ad8812cb9e009822e744f599c0a032a50afeca )
User 2 just revealed her value, called (reveal1, 0x9752444aca8e1e5294528bc41df82e9c497a7b71042314b5f30ddd3dbc250d1e )
User 0 just decided the winner, called (win, 0xb2a1377f7a670c865c99f0f2d9e0471fa7765743f713971067b742f30671afab )
User 1 just joined the lottery, called (join0, 0x53af3c448294024d74d59c8b86685779d1eb44cd61357cc3b0febb6199814db8 )
User 2 just joined in the lottery, called (join1, 0x559f3517779507d07e90be3c92a65de9771ab7187b7970a15eefe0c89f40831f )
User 1 just committed her value, called (commit0, 0x11bf87fdb8d156ecf986bf5c1213fb16f3cef410dac569ddfe1777f91f019206 )
User 2 just committed her value, called (commit1, 0x4836c9f3d5ffa0782799ea830d74c8f9278024b9c41ebfc00f2b7f66e33c039b )
User 1 just revealed her value, called (reveal0, 0x0fbd1ffc06818cc858c13ee2d6b2f1fe70b71b59cdeb90045756dfcc2a6183af )
User 2 just revealed her value, called (reveal1, 0xfdaa89e044a4b6fe2e5d1bf62e9bd53c91cb87ce8624d664dc533cf3cd5f10c4 )
User 0 just decided the winner, called (win, 0x932b1c29a64f0eea2eb4af46bad0f5e53845758104860d7c4726139fe1a33e28 )
User 1 just joined the lottery, called (join0, 0x811d48d6fa31c4e0d4878fc551ce561eeb6604e4b07cd5385014c523b87ca8d0 )
User 2 just joined in the lottery, called (join1, 0xe9c4af5f66bf2607da01134987f742618906b7475f1dcdbdf3658bd616d3ba54 )
User 1 just committed her value, called (commit0, 0x6e21c0a8d6a117888ad049ce610f0c168e04897cda0ad758f1cd31114e8df009 )
User 2 just committed her value, called (commit1, 0xf7e22d0611165842c743fdfafa4e5b13840d48924054a3be0f95cd111f98ef4c )
User 1 just revealed her value, called (reveal0, 0xe985be231d0624272245cc1d896dbef77be5c715a2e4c8af322939f27ebda01a )
User 2 just revealed her value, called (reveal1, 0x46ccddb278b72ebc62cc053133ca14961beea2b0240576680cb7275f4b5fc9e7 )
User 0 just decided the winner, called (win, 0x112faf12aff8908bbfb1cffd7f57817a94ff70e46d42b03db962ca9b5384cffa )
User 1 just joined the lottery, called (join0, 0xfb13c84bb8bf37733c018b1b6cee957fa1afc54cde7a98e59155f9c0248b061c )
User 2 just joined in the lottery, called (join1, 0x4d6e5d481ae2e8b0e2162dad7d20483ed9fc6aae5b5eb1b466f2c090167d4f5a )
User 1 just committed her value, called (commit0, 0x061d1163fba981525807ab2cc801cb0e6bdcfcf3b8bb8712ca16f2729766e3ea )
User 2 just committed her value, called (commit1, 0x74793efc16fcbf4a3f3cac2e405aad91e3ffcecb383224546e289f933f959f84 )
User 1 just revealed her value, called (reveal0, 0x4be64fe673b2e1ca325ceb1a07774d964bf31c4268e6af948ed55835b9ebfdc9 )
User 2 just revealed her value, called (reveal1, 0x484ac3f7362247111ed05c8816383b09a27bfb9b1ec588c9ac90e71c6259cc9e )
User 0 just decided the winner, called (win, 0xfd8bb7398d54e7766caf4f8746eb86b8f74c41b98b40cd7df01aff9debcdb6d4 )
User 1 just joined the lottery, called (join0, 0xc583dab17347786e6195424defed070788d4244f48299684f56cb40a783c49fc )
User 2 just joined in the lottery, called (join1, 0x087954f6b26dcb39c91f66ea0552152951125a19d3ef29706adfdd8531de2ddc )
User 1 just committed her value, called (commit0, 0x9b1ce86d8cf664c01ba578d6067efc3625476b755c1b645243edf41c6887e987 )
User 2 just committed her value, called (commit1, 0x958d586eaab403eb573ae6fd74b388be54c7b59314866acf0e9e6e3823d91fe7 )
User 1 just revealed her value, called (reveal0, 0xe17a2ce9a6366d7891d561096a6cfb67b9705dc88a42f48ff29e5d2d25e1f810 )
User 2 just revealed her value, called (reveal1, 0x51008ae6c569ae09177288b78e7e11a21b55782a1411ea5d58931b93781fcdd8 )
User 0 just decided the winner, called (win, 0xa3fa22678f055890b77ead2c7c7e769d6dc58814e4d7de58cfe10c46ae520618 )
