User 1 just joined the lottery, called (join0, 0x9b626931722c864f5b1371edd56df7c6c6e860a0afdc69bb5ce33e6a2347eb14 )
User 2 just joined in the lottery, called (join1, 0x8f86c2df59bc6ee59ce776a14e3d0a97b4c7cedc7baf59f77981e222d7058e13 )
User 1 just committed her value, called (commit0, 0x06a067a021f3e4e8b6fe6b6f94c4183543cbea1f3349e04b78ce83a162c6b0fd )
User 2 just committed her value, called (commit1, 0xce7e3cd6cf203b4f1c3d9e51b9228db476f4499cabbe259e0c051a4e8bc18966 )
User 1 just revealed her value, called (reveal0, 0x7e8974f1583d06fe14b35d07401ec15cb6d4ecab96841922a2b59f0e49986f54 )
User 2 just revealed her value, called (reveal1, 0x8589d5241d616fc7a599f578f2acaa7b26cf0d5e4e223ada7352ccbabe0f5556 )
User 0 just decided the winner, called (win, 0xb112b1bb7c17ce4566adfea3ce202e2b908bd7c7d2bc060ad2bcc191f5959b5e )
User 1 just joined the lottery, called (join0, 0x17662542ba312adfee6198f86fe69f550861329caf3c6dd366ca388016e69242 )
User 2 just joined in the lottery, called (join1, 0xde39274842ff57471b86a1a5240262c3521442b0e12e687dfecb828a78fc8b54 )
User 1 just committed her value, called (commit0, 0x608330877b71febd73c208afd2099b5dd330009113a5dca694c8e433c6b1ab73 )
User 2 just committed her value, called (commit1, 0xec523c7d7a672b3d48a05e8379d95014891b11decd0a3f955889b0fdb4de70f9 )
User 1 just revealed her value, called (reveal0, 0x40f4c8b718fd6375902aeda3df07221a9f60f2ded9c98310eff23e0fbbad6380 )
User 2 just revealed her value, called (reveal1, 0x5ff730910abc7485248e9a692a757b0559a40539804971fbf95799c03fabecf5 )
User 0 just decided the winner, called (win, 0x65324cb4d0463a75809e5e4c1b674ccbac21306626b50b3eb1d6743c6eb63fe6 )
User 1 just joined the lottery, called (join0, 0x3b03d39e74e24cc9a4fccd637a2f6e663b4361cad1ba65724bdf5971918f51a8 )
User 2 just joined in the lottery, called (join1, 0x6d31a685a770990de5d76e58c3eb5060a2642c323ef1d770b62d2b10a4e7071b )
User 1 just committed her value, called (commit0, 0x7df5932fe648a1e1f936ac295bcaa316aa191923cdf05c499b98b126c6535231 )
User 2 just committed her value, called (commit1, 0xfbf874133d5f773870d4df200b0028f7bde2d09ed8ed2ad493a4c2d86b9fd565 )
User 1 just revealed her value, called (reveal0, 0x7eec8a0d879bce562b6fab6f7788fdbf7ec2d00fb152461fedbb7ffaf17c7459 )
User 2 just revealed her value, called (reveal1, 0x1abfef4a9008e32f5ff403f48bf3173c2622e28ef536d21d0f5b99412b82c057 )
User 0 just decided the winner, called (win, 0x07e6a116cb4f9381735ee3b324bb272d90b1800f948b93ed0d0f3bb160b356c4 )
User 1 just joined the lottery, called (join0, 0x21f3aba9b84fd9e0391817f257263775030bed0cd3aab01901d7de82e7235524 )
User 2 just joined in the lottery, called (join1, 0x3d68a2027f1cc9389355c4fbfee334bfa59bfa8d5f0219a75e0e32e8fa85b0d0 )
User 1 just committed her value, called (commit0, 0x418b1e48dbbade75c4e3f5086699757c4573f6531f6df25373faeae16b112453 )
User 2 just committed her value, called (commit1, 0xd7fab6c644aefbbbd05ec964e07644010f4e9a33832f5bc810fa75d58857c878 )
User 1 just revealed her value, called (reveal0, 0x32782676399fd21496d777a0d52ac03d107094df6a2a1248dc11e4c0ff998794 )
User 2 just revealed her value, called (reveal1, 0x3527f4b1bc9e4e05d14476f9ee3f959ea60c4a2e6edd65f8b6860ec6db537347 )
User 0 just decided the winner, called (win, 0x67276524b2f4a2c4e4ba973e2dc4c446726ec67d1ffa0fd7398754a13dbad5dd )
User 1 just joined the lottery, called (join0, 0x683676ea19cd6b0c46e781bd83786cdbcf1bd273308d5030186ec0acbcab6283 )
User 2 just joined in the lottery, called (join1, 0xe6a02d4563956c5eae25d3668b688c03250a5e3ace8f49bed8be0db234d681fa )
User 1 just committed her value, called (commit0, 0x56e54e85442a524a63e05a35554e5849c8e97ed6b7af227bdf410fba8f5e437c )
User 2 just committed her value, called (commit1, 0x6830f6c7e3a1add7702479c6611bd393ea1b30fc68978e62ab421a83028d52d5 )
User 1 just revealed her value, called (reveal0, 0x983c7d49a23823c7a33747cceab38b9d33009f160f6102d09dcd158dbdaea329 )
User 2 just revealed her value, called (reveal1, 0x01e752154ee5c064e696bdf4964c8779fa862d72045b728a04a37856b4013466 )
User 0 just decided the winner, called (win, 0xb9ba08a29c48d1626a99cdc32d663aa39b3bd0005e6479d4a5b5a6461ba5784c )
User 1 just joined the lottery, called (join0, 0x9492f2aebd1e5081b68cc515d6cb50de8db215ce79171e3ef08d3fc43b5131d9 )
User 2 just joined in the lottery, called (join1, 0xc729e5c48f9a2b62ce74b276065214e8cff28548dfc95806989d7835b93b46c8 )
User 1 just committed her value, called (commit0, 0x326fa0272bf105d6e848006bb17c3c28ce4c62302a922086803fae91556fee14 )
User 2 just committed her value, called (commit1, 0x55c63123dec506ca1c3310f9060cb950d14cd3740cd203f42099645346843111 )
User 1 just revealed her value, called (reveal0, 0xe640905bdc2e74f072607ba87440848d5a1e0ef092d342e0cb7edb2ff63d1ea2 )
User 2 just revealed her value, called (reveal1, 0x9e5f15e2f88390561ed96f8eabb949f29e54583f4ec63e5a890cd996680211f3 )
User 0 just decided the winner, called (win, 0xf91e1960b336aff2424d7596b9cf3448bf95513a2e893f217da660b2b00581ee )
User 1 just joined the lottery, called (join0, 0xd8c175590007920b6092ce8f54cfda799fbdab2fb289df4080ebba48ff46bb79 )
User 2 just joined in the lottery, called (join1, 0x36a901cadd8e4ab79cf5c10ef851370510bedda504e8b42a9365efec5fe70f57 )
User 1 just committed her value, called (commit0, 0x2c33cd38b15399a245a7fb8ca085ae63a4e7655743387dba44ce81338a57fb14 )
User 2 just committed her value, called (commit1, 0xf28ebdb7dd4a522defebf8e508f68dfb43d3fe7c971b2b01aa2a978cfb864b2e )
User 1 just revealed her value, called (reveal0, 0xb84c6cdcf82ee2db4160584c28ae137bf02a8004cbea6f228a7a9c952d9a73d2 )
User 2 just revealed her value, called (reveal1, 0xcf332aeb0dabf8bd7728a9902a4cd3bfbb49f947ec0aa74c6bf0eb0d2e5e4e41 )
User 0 just decided the winner, called (win, 0x65a43c42b45ca8155b236ca40ad06d3d22b89b8d175567263726a80f23c9413d )
User 1 just joined the lottery, called (join0, 0x5209bdf5d2173e5a4c34a86df1803a8cc90165bbcfa15c9d0cce11aebeaddb4c )
User 2 just joined in the lottery, called (join1, 0x91822baeccd2f1738baf4e87ac5010cb9344f3f3b7a18a2279bceca64b639154 )
User 1 just committed her value, called (commit0, 0xa3854f0bdb0e9cb15c02f1bdd4b7399e05a4b654e2a2f6044cb5614121714832 )
User 2 just committed her value, called (commit1, 0x17b33bdc4c0d5e21b4487b7b3e96b0dc672a40addee8c1b2ca59d68cd3c1ab6a )
User 1 just revealed her value, called (reveal0, 0xe8cdcdaec054854f2ff3ddcf9a98054ec66e5a385e81656b4d5079ea23d84423 )
User 2 just revealed her value, called (reveal1, 0x2079a8a3f656b8dd8c6da4b9791426a553aabf145db05530554c6d68b70190db )
User 0 just decided the winner, called (win, 0x8a43daf03af52da8c24aceb5777f4eb20bec5056136c06fa70bf29c9eed0ed78 )
User 1 just joined the lottery, called (join0, 0xe2b72e4afbf3d4162e1534e9428a17624512bdc60044f4c9be78dd2932206162 )
User 2 just joined in the lottery, called (join1, 0xdc66eb52d22b12c3f600f70e490c364bc6f6d53a394bc2e1d3ebcb0830bcf814 )
User 1 just committed her value, called (commit0, 0x3905914d2a3b0f5ecf05f7b3fcbda7c03b799321c87a8bf33b47b0480b7c63b1 )
User 2 just committed her value, called (commit1, 0xaf5d9e898fb74d36172c4f604e0f5b2e9d4728786c658bd8389752b1f45b908c )
User 1 just revealed her value, called (reveal0, 0x091077f1e80cdd2b1ad8bd76c7b1f8a740ba36600d2e21c57a258c10e43bcfd6 )
User 2 just revealed her value, called (reveal1, 0x958c03b87754a2ad1fd98476e4341cc2122f280d99d0cb805825ae373691df5a )
User 0 just decided the winner, called (win, 0x169bcf755fe9bb4ae642418b537e4b626a1f8d80ca4323b558d17c7f73b47506 )
User 1 just joined the lottery, called (join0, 0xb52bd8265878d5b27478e67ec4417413aa283ae786fecacc950c1d151846b2c0 )
User 2 just joined in the lottery, called (join1, 0x4d95b1682039633e134585ca0ebe1097aecf9591f521f2acf14cdcfe8e807b45 )
User 1 just committed her value, called (commit0, 0xce25356966d3fe0140846427957cc1d4a3bebef38ad363e34d4471d77305c3cc )
User 2 just committed her value, called (commit1, 0x9915a06f0b9e7990e5c9a72249409c2ffdf5e8d0ad19e052b281c3a5569df448 )
User 1 just revealed her value, called (reveal0, 0x5adf3cc4eb26c56c36101dee72bb5e95b36f3ea1532ea40ccbc14be47b8fe8ed )
User 2 just revealed her value, called (reveal1, 0xf1614dd2a9272bf4c9cc075de7e2eb38f7f83611ba33b12d38b56c20f4a1c3b5 )
User 0 just decided the winner, called (win, 0x70ab35fe5d3678a88056e6a254b3d9775bed10ac9939ae7a3dc8acd0fb1ffc3b )
