User 1 just joined the lottery, called (join0, 0x80827ca471a74972ed395f98b19161f8643b0f6b09aeef454bc7e5349f2a043a )
User 2 just joined in the lottery, called (join1, 0x6de245cee227ddba3e2a0cafd580c99bf77ccf8a6a564457e511fa085bba7996 )
User 1 just committed her value, called (commit0, 0xd45c9d25e40205b988ccf5d424e6f9103e888915caed060d4619b2087be82e4a )
User 2 just committed her value, called (commit1, 0x6b124fae62436b6450e097787b88b59ccc186d7645d0681ebe101f2fdb91fb09 )
User 1 just revealed her value, called (reveal0, 0xf260a692e123b5751d8a4067eb8afedf7fc7cec1ef5a2368e3a7493a91ae840b )
User 2 just revealed her value, called (reveal1, 0x9a05600c531e7889965fe5386d3baad55a4e1891b1f24f662c095456a52cf3d0 )
User 0 just decided the winner, called (win, 0xf43a3d9a4ae46d26a7c8cfe7922f22d97dadfdf86bc22d78a312e859d759bdae )
User 1 just joined the lottery, called (join0, 0xa7f290b3659460068548c15254d1ff3aa29b2f15aa3fcea4c25cae72bb164ee2 )
User 2 just joined in the lottery, called (join1, 0x0c9da43e2a1fec6f76dd79a0594406d899ea9fb031661c311b0860be559c1141 )
User 1 just committed her value, called (commit0, 0x1ecff4b09bb863dd788e061b86d8b3960517c7f2ee51cbc8854830c8c33eaf94 )
User 2 just committed her value, called (commit1, 0xcb4176437be7e67412df6fe32bfec8dc06755e6625a76b93add56dfbd9137be7 )
User 1 just revealed her value, called (reveal0, 0x41fb43d1487ec046e36ed7df204f93c88b0f2f36c1c2f9fc512b599dff2bcd02 )
User 2 just revealed her value, called (reveal1, 0x9de867a55650bd64dda200ed3cf9388a97b1eaff3593bf0b75c2ab840a34c5ad )
User 0 just decided the winner, called (win, 0x0a5b643870e80b50817facdecd3597af4dc25ad6f8c3f5d64e30df5433bd4a7e )
User 1 just joined the lottery, called (join0, 0xcb3361d239883814dfa5e5b79e2e4507dd7c2980a049654257a797edad4a2499 )
User 2 just joined in the lottery, called (join1, 0x9ee6f96e7bba942ab81af1aa0acdf3ab52f261e3102e01c655e3fa15ddaa2f04 )
User 1 just committed her value, called (commit0, 0x7b9d6eae217ace95adb1918d1258435bb3df1b02c32801f6f15f2e38ac4437b5 )
User 2 just committed her value, called (commit1, 0xf9a57c0212ecc21b80894e28c7510fb96f2b53b9651055b6332b265581f20aa2 )
User 1 just revealed her value, called (reveal0, 0x77e672ac4718e368e0cc3406de82390c3d7f405cb412507c1e6d7800314b40ac )
User 2 just revealed her value, called (reveal1, 0x653f50831e6e80fdfdb393f9b95ff8b0033bf8dd0f2a58daa4273bd6105f5cf8 )
User 0 just decided the winner, called (win, 0x22d27b236329155d9c736aa2a7e19a7234811edd30012451663b3c01b10dfa57 )
User 1 just joined the lottery, called (join0, 0x99bcb1f96253afa02a6c3878145d6e8f2ef88ac60c5c5ed71a6688dfcaaf14c6 )
User 2 just joined in the lottery, called (join1, 0x6b3e9c201c73b436b230ce87661d565acfb9d2b44a912b934ea496c734930857 )
User 1 just committed her value, called (commit0, 0x48a9a26dcb60553ac3dda8430c221b7a774a86dc677da3249bceea896130329e )
User 2 just committed her value, called (commit1, 0xbf60cd70e596bc8206a4d61382e2e4769ee8d17ca7b971466a3fad30984cb972 )
User 1 just revealed her value, called (reveal0, 0xeb30867645e5b8286e70a82f17fc6786d7302ebb88bdf41907674242a7642f60 )
User 2 just revealed her value, called (reveal1, 0xda7ee79f7d2a2cf86ee7fca6ba771efe4443aeee84414a5578f1623943e089b0 )
User 0 just decided the winner, called (win, 0x69614fbcad0c6e94cf95f8638670172e6090da44d6d9f66d53a64d6aca8258ae )
User 1 just joined the lottery, called (join0, 0x4fa1ad783adc22d7c21a8eddc417ecba82554b5bbc3463401b8b9cf66ddac778 )
User 2 just joined in the lottery, called (join1, 0x82a10012bfd7df9d38fa0fdd020c371c1f9325cc912ff3756f77137d70e39d9b )
User 1 just committed her value, called (commit0, 0x70b18790e31f2e1a308ad3c0187ff7579940ce64ec8a3ccd4dfa9862f67fa628 )
User 2 just committed her value, called (commit1, 0xeca2af348f785fc947e854d4bfe5be5d6617b9778e1fc30f03a8de1c48cf08cb )
User 1 just revealed her value, called (reveal0, 0x7de6fdf469c5c9cf63014cc664dc9c32f025f1b4610d25af87bcec68622eb76a )
User 2 just revealed her value, called (reveal1, 0xc3ff191b49c1e4de4fe78c668d03845691782c8cd278bed85f0f6d8121b4c5b6 )
User 0 just decided the winner, called (win, 0x5153d113645c6f5523c73f942b2da8a402ab95af99d21cb96e89033fd39a18bd )
User 1 just joined the lottery, called (join0, 0x9f29d749ea7c5ae1338909938270e83d989e295f276f129f33d92dd72a8acac1 )
User 2 just joined in the lottery, called (join1, 0xc157273f165e5a5e630b73f66618ace383a15a21d5b5696e181e41f3e1dee942 )
User 1 just committed her value, called (commit0, 0x110117a2b83389f42238d8aaa6d01eb8f4eb95316f8805902ec51ee52ed54706 )
User 2 just committed her value, called (commit1, 0xb1465a0f205a5e33553dfa2642b46d63404b047ea27360c77044a816c0536c68 )
User 1 just revealed her value, called (reveal0, 0x2184c4d22d5e797358e8f77d1d64b6c0cf0bdd13e5c1cdf651cc5ecc3652d992 )
User 2 just revealed her value, called (reveal1, 0x0413c31402c344a9959b60ad2bd3efe4d450dc62d3f237ac6dff54839641402e )
User 0 just decided the winner, called (win, 0x331c01bc31f95b969a216e69ecb444191a8ec09b18e7588171b619cdaab3cfdb )
User 1 just joined the lottery, called (join0, 0xfb3a495a92040840221e0dd2532c42375b6b7ef2795996b1b5694ea9990c4777 )
User 2 just joined in the lottery, called (join1, 0x2d0bd74405673653f9aa35d916d6f1d19288dd898d82b914bdd241d83510bc76 )
User 1 just committed her value, called (commit0, 0x9149fe08f3acbdbc7f04e63ccf9cdc1ef960905adcf524aa21b7414c3d2817ba )
User 2 just committed her value, called (commit1, 0xff32c1525fee4906076b253be957fa394ab1b43b0da6b302d2580f16d1fec489 )
User 1 just revealed her value, called (reveal0, 0xda7e154e3400d238b22231901189677a75485c0b56df7a8f83c6667bf55d83ad )
User 2 just revealed her value, called (reveal1, 0xb7501f2f4a3c323b254e66ffe19db16cc0f50c846a12f2343aa6e8c7ec1fbeee )
User 0 just decided the winner, called (win, 0x08646de27fcc9a1e864ca270a374169c70ec35f8df07df627b9efca8af5b304d )
User 1 just joined the lottery, called (join0, 0x6c46f3c4ddca4008e085c252c442d07bcd945177df1abe0911d2fdbf3281ffa9 )
User 2 just joined in the lottery, called (join1, 0x517b3d710a7aa960a963d62eed67886073b6b1ee27d6554856339a3b503208e3 )
User 1 just committed her value, called (commit0, 0x3aea538ff94cb84f619e2319e18b1dec7e13979108435c199e1520691921e78f )
User 2 just committed her value, called (commit1, 0xdac37aa664b43d5c12cec31b265951b9a9e793ba2f9625bedf0ff560f08ac074 )
User 1 just revealed her value, called (reveal0, 0x00db7ee3ac77bb0ef05f07db982fa0efd3455ce5469b1d6faa5ce98abf641ede )
User 2 just revealed her value, called (reveal1, 0x4deef7eeedd42b1be355ef742be42998a52363ba696ebcc8d9754586ac9db803 )
User 0 just decided the winner, called (win, 0x088e4c22f5037d6d39df6afbd6a4d1c20c7bb94efb80174a0cedaf33b4ced141 )
User 1 just joined the lottery, called (join0, 0x99e3c096fb77fd64f7bf315f512be44ed65ff2d4f832f37733905fbc4ea19ec9 )
User 2 just joined in the lottery, called (join1, 0xc00e2c55d8874eea8b30f9c5186c7ded89a7ca872cad3e50b615104f2aa9202e )
User 1 just committed her value, called (commit0, 0x1ae4907f69cf6e965789e77bf228e12aa55b4f06b41c06afb94a88c357af4144 )
User 2 just committed her value, called (commit1, 0x2d75cb88379b45f3dc02bf174d4746552d2c850acecfaa5902f4baa6a45ff404 )
User 1 just revealed her value, called (reveal0, 0x49abf5eea1711a222c9a4317f8d69c518e9ca4338488eb4e12e3b7bd8f9083c9 )
User 2 just revealed her value, called (reveal1, 0xe856a898d567b589bbbd8aa071e9889928d401f7adbf827d837942454420a2c3 )
User 0 just decided the winner, called (win, 0xf2bbb4ff21e6a6bd6cfeee496c7722d1605dc19e9fe6a50a90c4d3c086ce4a6a )
User 1 just joined the lottery, called (join0, 0xe1002b8f9871234072faedf97788b05f2c94a27faa2c498f2b18d912ef4c7c58 )
User 2 just joined in the lottery, called (join1, 0x66e53cb56e915314cda10eaf63d7525a8ff9c51fe23b35ab920c877061b911ed )
User 1 just committed her value, called (commit0, 0x680920c0bd347516efb6b2b1fcb21c05ded54332b8367224819108f65d42762c )
User 2 just committed her value, called (commit1, 0x585de9b80f8e54b19a072761e17e1b311b78aef69675334e3e97b967b89d9e1e )
User 1 just revealed her value, called (reveal0, 0xfab312e0d0980c9823e920d4e9ed65af54b43710b9d610fc1c8b492181d9ef94 )
User 2 just revealed her value, called (reveal1, 0x600be1d81d8d56bf2ed46523acbb0df07fb1087910debcc2345a4d59dbf4c32a )
User 0 just decided the winner, called (win, 0xf910485344c2fcaaf9b7e622661fafe55fdde7fbe78e2b8aeb4f3f93b252863f )
