User 1 just joined the lottery, called (join0, 0x8b110852af9d0b6aa2665896a11113d82ebcaa2039e0153a34cdf4db1e1cfb6b )
User 2 just joined in the lottery, called (join1, 0x2064af8196227fa54f5ec03590027d5b4c6286a92165e0edd0b999335831ee67 )
User 1 just committed her value, called (commit0, 0xf2efe83d55fa8319053533d91d2424b860201ed51ccbea393d4b94a345453630 )
User 2 just committed her value, called (commit1, 0xdb62a9e2c2721637e69fc9ed7eb04acf504a5aefc3671058e910005093294752 )
User 1 just revealed her value, called (reveal0, 0x6719e1ee75f8949cb9197effa2cac68ffaaa9b246101b91f300e796e1dd15e2b )
User 2 just revealed her value, called (reveal1, 0xb8ebfd639e30b8ce335f932f536720bb70f2085ae6128ed5a8d558d20b943cd0 )
User 0 just decided the winner, called (win, 0xf7e6bf4f695a37e6ca8cf2f0c548239f5dce9552e7980bb9ecf48e92addc6535 )
User 1 just joined the lottery, called (join0, 0x1a8bc84db9d4ee3d2dfae31ca8b2e564061cc712077680be052530287c942673 )
User 2 just joined in the lottery, called (join1, 0x0e33f795781feafd362054e02349be32ebe1976232d2cedf81ea999b81bea5c5 )
User 1 just committed her value, called (commit0, 0x5263b011d059d05f1c1a6185efee69174a430f5f33f2776835845b4b0ab35583 )
User 2 just committed her value, called (commit1, 0xc025989f54e7a448ead80003b47d9092837ba6f2b109e93a0dd9cdde725496f2 )
User 1 just revealed her value, called (reveal0, 0x52414029bf64ccc296945b5b88e2d88c3de2cbbe9388c4b419da6ac6d621056e )
User 2 just revealed her value, called (reveal1, 0x4f3e12ceb44ee752a3a2e3de71be519e5b45ce3258b3d4eb59bf58961ee273cb )
User 0 just decided the winner, called (win, 0x359f72ebc8b1f40df8dac9380db85511f2692740a7c8ed9ca9b286f7a50c2ad9 )
User 1 just joined the lottery, called (join0, 0xfaceb5221150750077c86945c097aeb2ce97fdafc73a2eb3c0394fe843096ea5 )
User 2 just joined in the lottery, called (join1, 0x6fbb108fc994e5f193fd7a754610c99ffb1efa02362dac40feb43c057401ed06 )
User 1 just committed her value, called (commit0, 0x9a719bc3685bd4ab8dd1457e8c51522eda6a7e5b2b53e78df7d97eb740a97d0c )
User 2 just committed her value, called (commit1, 0xfc579c56a135cd2be827a9ec1b63452880c54ae95d56b65b548e4df455dc8ac7 )
User 1 just revealed her value, called (reveal0, 0x5aae4a24f79e2e9391fe8a63343178cc623fde52640298ad7659fa75df13efbf )
User 2 just revealed her value, called (reveal1, 0x5a3ba03ffab457493e221998396b486dbe39ee2ac18ec1ac19b7155a5ea5b866 )
User 0 just decided the winner, called (win, 0xcde745df83fc4dbff4ce9dcfcbe4fecba9336e2d1b1bdb20562e94138957857c )
User 1 just joined the lottery, called (join0, 0x9d56bea0d5b0445224e0edd165f56d940c9d25686d3ea6a7944f08da2139f4c5 )
User 2 just joined in the lottery, called (join1, 0xbd48f8ba2654224d34d16b5d8f949ee039cc0f2702ced5bf58064084fc066e65 )
User 1 just committed her value, called (commit0, 0x3ab814adcefa58c1d1bb78488d1827638bf9c7504066494a5eb5cd16719be94a )
User 2 just committed her value, called (commit1, 0x17a49c075b8216492cf926d7cb73fdcba0fa0f225e9c02ef0b005e9f87fe8a99 )
User 1 just revealed her value, called (reveal0, 0x3ad39000ced3cca1d4a1969b4b7c335d6056c83e1a4760e53a50ef96db058a62 )
User 2 just revealed her value, called (reveal1, 0x36e9fd6421a2c1dbc4f1c19f43b5ac0dd82efc89d06636c8379649c063d1720c )
User 0 just decided the winner, called (win, 0x3748af8683244038ca03d33469b96b27a5bb0a45abb1c446812805ae46e6c299 )
User 1 just joined the lottery, called (join0, 0xf0fbf9b1b560e4518a129573c2288e8c228b58af52c15c9b5c498916179117bf )
User 2 just joined in the lottery, called (join1, 0xca9655190d24fe2fb4e8757a900a7123968be667104c8abfc067e05094f2a08a )
User 1 just committed her value, called (commit0, 0x9bfce5742a44d755a98477b21320d87935d01d40fda24f8426c98111ac955781 )
User 2 just committed her value, called (commit1, 0xe22fc66cffed0f7705423952b35776df2f460f6fb48d202fb5aae04a00e78fe6 )
User 1 just revealed her value, called (reveal0, 0xe99059575005fc9ffb70c2ab6949b7942b320d2efad417634e78d8cde974dc3c )
User 2 just revealed her value, called (reveal1, 0x283e6492914516e59657badd9296659443727d576cefd9b8c4371313e077c3c4 )
User 0 just decided the winner, called (win, 0xf64245c409acc0ad40a98390dd93c5528ede052b58825837529580983937087b )
User 1 just joined the lottery, called (join0, 0x96093a92c8ed974129965e2805e7b9c9128cc510db9a9ee056b16f29325d8751 )
User 2 just joined in the lottery, called (join1, 0xa22004462051f711f8e5f118705b0cb1675d8887bb3f06f149ef6e2e079e980d )
User 1 just committed her value, called (commit0, 0xcea5af8f0382b961ab0a58cb3d45f632b3ed5860f0708b39b26b7cb4f7d42813 )
User 2 just committed her value, called (commit1, 0x5f3ed0ad9aea56c551c532e103bb930e1b0adafea6053152909c5d0f588b4f96 )
User 1 just revealed her value, called (reveal0, 0xef2d3a40dbdd9523557153bc24daae411d9e3c7e673c82c3de297209dcc277be )
User 2 just revealed her value, called (reveal1, 0xb0f1035458cc657b10df7ed883c573db3b8cd0738f60ed85690f9de10bec73b8 )
User 0 just decided the winner, called (win, 0x274805af67f98f1de4e4be87321e2844e79e6c1487872cd78f09dce807c25a36 )
User 1 just joined the lottery, called (join0, 0xdd4e0b5e352feca25b4f4ee8375a2ca86c3f849617160402050e155fe8c6413c )
User 2 just joined in the lottery, called (join1, 0x269361e3f2fce15edb82295cfbcce3ec0561a892d0a9e6fbac7e7ffce22d5653 )
User 1 just committed her value, called (commit0, 0xc7265e01f783aedcfd152c51e6a9e1798eb2db0f5ce96cb0ba8c41be4baf3900 )
User 2 just committed her value, called (commit1, 0x092b16f31e9ae5438f3e03d2934de38bf6808745be3fd5df871ca7bece9df28a )
User 1 just revealed her value, called (reveal0, 0xee81d340418c5a1bbf083f6bf84723793f4b821f6a6bd0f155b72f9ac7e5b188 )
User 2 just revealed her value, called (reveal1, 0x605055e38b1e571671a772919f7670141140431c4fea4f7783afc8552191c6e1 )
User 0 just decided the winner, called (win, 0x5a6c523cbbbf7beba8b5b3aaae0590facb6bbf91c0b8d2a22931684bec297806 )
User 1 just joined the lottery, called (join0, 0x278b74f46902471e4c266d066df7b3b9a937e910388a22bb8ff6e61af19d73fe )
User 2 just joined in the lottery, called (join1, 0x88407d6169d02a9bdcc549e006e987bef5145478584f8ef9d4e8761de5d205a7 )
User 1 just committed her value, called (commit0, 0x1e46a76f76a3aa5dc658e04c05ae72fea98c25329cef512c77773e895731e2e8 )
User 2 just committed her value, called (commit1, 0x4ac2b89963960ce74c8d526c4df44956b5efefe9d91552147b3e90c9e422d8ad )
User 1 just revealed her value, called (reveal0, 0x91c586e18165467e36164f85795b06796a6df6fdd38f0b2e143c6aa680bd3bb9 )
User 2 just revealed her value, called (reveal1, 0xf5dc6db61f90f198571f1eab5cf243369d9b513e086889640454613265257191 )
User 0 just decided the winner, called (win, 0x4e13a16fe46b87eaf7db040034008524604a26f65c710cfc6bf6d5aea88bb38d )
User 1 just joined the lottery, called (join0, 0xfaf65fc4603dff490a8ea3f88f8cbcca09bc8f5c30c6d6fa6f2fb771b9d969f7 )
User 2 just joined in the lottery, called (join1, 0x4e41b9af355b3846831af969ed849cb62415c273689e3908efa2d64adbf88688 )
User 1 just committed her value, called (commit0, 0x6fcfee170e1cbbf10900d335a58efde1dc8c112a915ac4ec264bd85878ae660e )
User 2 just committed her value, called (commit1, 0x732f67726bd6bf6b1e81fb9f8a9c8793a07e9ec7f8ef27533ab7c11d60ae1655 )
User 1 just revealed her value, called (reveal0, 0xc5327473e60d8ab5472ebc017ecf2cc894dcf758ca3ce86961216c6439e26b99 )
User 2 just revealed her value, called (reveal1, 0x263276439da147d88b10bb75726dfe7d7c4f61c31a2c4cf1ec14a4ec4944ceb3 )
User 0 just decided the winner, called (win, 0x332e2917ce03ad2b2d5c3195a70b277a54f4bc9bb51aa4e077a9d813318edaa9 )
User 1 just joined the lottery, called (join0, 0x09f589c65a1082f093cd25ecbf10053fe3173dec2031d6552c696e5d0556a2a3 )
User 2 just joined in the lottery, called (join1, 0xc91df00f1ca73bfd6048d0d79b799aee6f346746c5a8434291a0d36528ac8390 )
User 1 just committed her value, called (commit0, 0xe1852df359203e4f94011ad6f0b6ebcfb4d8b748c54c88aa098f113a4d38ae9e )
User 2 just committed her value, called (commit1, 0x3bf0036fe5a02dd68b116ae3ab799513bd5fe7bbe6e8c73c14e60ee5dc5369f3 )
User 1 just revealed her value, called (reveal0, 0x990688a105622a4907960c2cd92de781a380e26635aa8931f05270b2c4f2b5d3 )
User 2 just revealed her value, called (reveal1, 0x1cb372458a3b202b63100d57caf49e48b1800efc478ba0915048ead482c65018 )
User 0 just decided the winner, called (win, 0xb187a78bb211713e22e50cd3daccdda09f9d2a2b0e13fa26b1277870d6c4141d )
