User 1 just joined the lottery, called (join0, 0x33c8a1725556bdb63cc4a216f48df91c4f4682fbfa8dad42cb46c3fc579d79d5 )
User 2 just joined in the lottery, called (join1, 0x86ad1b2ef596921fdaac37828b346d1998ca376d08980b97555e34c167037f3e )
User 1 just committed her value, called (commit0, 0xa9748ad8da7b6f24ffd49fe9a281764868d38b13518220f70bc1700160914c1c )
User 2 just committed her value, called (commit1, 0x3877ccab865a42741563506b7698a3e534698c597d60bcf6298c568bf6b2282c )
User 1 just revealed her value, called (reveal0, 0x2743d38b97680d443873c8829540dc84a18171a895f95dfc17e154f80c5848b9 )
User 2 just revealed her value, called (reveal1, 0xa0e426ba3492992509c3147c04a00256eb88f4dd9950ad92b0a6d72c9afd0b1f )
User 0 just decided the winner, called (win, 0xb5734f7b78d2c587eeb6eb7d9e2515f91c5c352e9b58c98210a6b4b7b032a008 )
User 1 just joined the lottery, called (join0, 0xa75b95671597702b23b02db1131d0e941035f61a0cfd594ef66193fbace415a4 )
User 2 just joined in the lottery, called (join1, 0xfe9771a727678447d6b392ba35df6fdd2d8fe52f5f5aaa72d7753b48a37c0229 )
User 1 just committed her value, called (commit0, 0x4a08de09901800cd5f27f7c5fb3e904f68460065c0097e893011a754367b4550 )
User 2 just committed her value, called (commit1, 0x41eea14e7c7be6fd65e358dca85e9fbae17cdf5ca47d16c6b7d2bca43ff97d29 )
User 1 just revealed her value, called (reveal0, 0x4b598d496425cbbbbf2ea0eebe4a27806c7559a6b5c2dff3e09bd5ba7ead9913 )
User 2 just revealed her value, called (reveal1, 0xda1d252cbd2ff3fe3c3a69be189b93f1c9503573ef2d279b33e5a67b694afe18 )
User 0 just decided the winner, called (win, 0x71783ba7d702eec904e95d0a46fe90d49bc48e4fdeff43d5638bb2d25a73a464 )
User 1 just joined the lottery, called (join0, 0xd0374c1877d51e0b6529cb33e5938b264fc4c59501683ee07dd58708fbb380c9 )
User 2 just joined in the lottery, called (join1, 0xe3ecb321e9a8b104e6be4f2696f229a143f6dcfdbc6c90ebc7346b6afa908845 )
User 1 just committed her value, called (commit0, 0x4a846a5556c71cc2e7abaedb1a32645504e25a275be06eae70e8e660b320f591 )
User 2 just committed her value, called (commit1, 0x8fdc6e3d7be88cab7d89a9df445f704484af46ca8cf19f78d0e28754eb94c5f0 )
User 1 just revealed her value, called (reveal0, 0xee8af9a9b218f34d6db4abefda9f565f10029d2dc58185921f3b8be396ef1e28 )
User 2 just revealed her value, called (reveal1, 0x8a802748e4c5b32d237f62bb55d4c09d6f03e99cf4ea24deb474a523094c7fe0 )
User 0 just decided the winner, called (win, 0x301e5f5e1cfb26e4f7fe20eefe3969cb9a2a69be5ebaa3331caba61d9a653cfd )
User 1 just joined the lottery, called (join0, 0xc8e749180195f220c4df633ec20cb486a39112df15df38122b439ad726fd5d7f )
User 2 just joined in the lottery, called (join1, 0x921c73a367383fcd656cab767e8d9a996366c38cab8f1e396ce811c8ef60b377 )
User 1 just committed her value, called (commit0, 0xba94509e16b67897c4bde053e90744c395ebaa3b78d4a9207aeb7dd783083c6f )
User 2 just committed her value, called (commit1, 0xba73b5a70afc8004295a9fe1be34b2d34d3e63030b1251eccda2064a4987142c )
User 1 just revealed her value, called (reveal0, 0x653870bb0c8a1bac26fa8ecd48359b6293dc753f37c78269efe7df672a27abd6 )
User 2 just revealed her value, called (reveal1, 0xa5c6b3b139b4f29da2bd3ce91af24c6afc9b7e85ccae03aa80f12cdacd00e241 )
User 0 just decided the winner, called (win, 0x1c10915e763012cba603fe684997a6501f5fbba320643a463b7842f90787f4c6 )
User 1 just joined the lottery, called (join0, 0xb449a505fee89043daa913ff9b8e784ecfdccecbb41040d45307d83fe1539346 )
User 2 just joined in the lottery, called (join1, 0xc354529913d798a3a58f05c750a3c5bd16c309ca6ac5a41a0064a80086516ac2 )
User 1 just committed her value, called (commit0, 0x5b2d1819717cfddbd11954ebe8fb4edb65840e5dd111f9721e27ffd41e4fb274 )
User 2 just committed her value, called (commit1, 0xced3831ff127539bfb9daab69aeef64abc582df4103802a541bb7e070842349d )
User 1 just revealed her value, called (reveal0, 0x4ac340b978fe5a78d6346c7884bd620f5003f6b22e052b24a4f58f84672d4d79 )
User 2 just revealed her value, called (reveal1, 0xa6dd39547aac9c4504b260931b6b68d8b3180f79ee9a80a0e28f70daef8d5769 )
User 0 just decided the winner, called (win, 0x847cac3daa44fc2c8bc049337c39983d71c475a68f7fd92483b5b4b95fb5d0c3 )
User 1 just joined the lottery, called (join0, 0x8f281b6a089aad16b8bb6c1ca599f52a00c8a79e610649bed55aa9cc01e6d70a )
User 2 just joined in the lottery, called (join1, 0x078666a47bff95450d7fb4de7c6dd4d5a2fde62dd5443429f738722af90ff92b )
User 1 just committed her value, called (commit0, 0xe04650543dc7fa2a1f14e7934dd8ca788c45bf88bc5dfc6f51ead8d46ecf6db1 )
User 2 just committed her value, called (commit1, 0x1dc42b5e33d474a14ce95e70e7b4b686b66f46ccd6ade88fc20a7339ffccbd61 )
User 1 just revealed her value, called (reveal0, 0xed2143727f7f54a28b8df8efc563d3eb6d34cb328bb184684c164f57d1a2ea97 )
User 2 just revealed her value, called (reveal1, 0x71217b4b143a9363007fbd07f0411572f298401e4d1a5826414de0151cd1e95f )
User 0 just decided the winner, called (win, 0xd634aa823519d57013312392b30f554b07aa2cb08897c69bbfa3de8257990041 )
User 1 just joined the lottery, called (join0, 0x3f403b3ed9f377040e81a0871aae23c7b7fbd9a7553be1bc8f7e51c2ef5ce064 )
User 2 just joined in the lottery, called (join1, 0xfbcfc3bc5aa90959305369be55fc65b5fe1b88f46d6c9aa8bf11207d03eab0c8 )
User 1 just committed her value, called (commit0, 0xc92196ffc76223061726c6c8d5b8c6180fd69397fbcedcc84073102955e90637 )
User 2 just committed her value, called (commit1, 0xc6ef3cceb60507f8ddf8f7b1accc20b18865dfbabaa3090a2b07b276721646e8 )
User 1 just revealed her value, called (reveal0, 0xfe449ff745bc7fc6771290dab7a4b7568ec5b4a40f7a1b8d59175428861ed797 )
User 2 just revealed her value, called (reveal1, 0x06ecc79012a17c292dedd9f79d91ef8d256bb1ed96f66d2b6eb71b5351c3b2ca )
User 0 just decided the winner, called (win, 0x0c845a1a226bb4f009c875bff0cf53580cd0cf0585e6779c3a682716c1e9e092 )
User 1 just joined the lottery, called (join0, 0x30652825c6126607543e3a9c56138c72ea51ba4b07ed4069fe418665725a4e2a )
User 2 just joined in the lottery, called (join1, 0x4b03b9aad2e37c2346f058297c3e5fdd83362d8946eb3a6f7b9ce34d19df9821 )
User 1 just committed her value, called (commit0, 0x95a8cdfc83f869e8bb269bca3f8dfd104acdb04834c1f1d3a5892f42371e56d7 )
User 2 just committed her value, called (commit1, 0x37329bce27abd564faafc0a58f9f7c4641ff81e26f7b2815049e9206b255f175 )
User 1 just revealed her value, called (reveal0, 0xeee04b09000119adec0ec75694aad0977b0b8b164c1dcd13634e3e253136bd7a )
User 2 just revealed her value, called (reveal1, 0x5c0cb9e91292e28a5ba42097eebb861778a73d2291f615a0d3407b7d45ae06f5 )
User 0 just decided the winner, called (win, 0x40c738bbf016a6b8d124ad329988e5300cf1c976f169614ff816a3f8f75f39b3 )
User 1 just joined the lottery, called (join0, 0x7ed1b6843cb2d93828df354a4d84d8ffe28b0a0349b4e0a765ea6209ee91f5c1 )
User 2 just joined in the lottery, called (join1, 0xfd8b3cd4103537097d816f1d8b45e36b916a32dece2db018c00cd7331df02af6 )
User 1 just committed her value, called (commit0, 0xf7664530dd5ec813e3059db218bb17198242a4599b89a11f27885c519f61bd8a )
User 2 just committed her value, called (commit1, 0xae8a1dc29653447350221fd9248fb570165182d18ab18309623d313f3066c82b )
User 1 just revealed her value, called (reveal0, 0xf2069314066bad5e8838318cf588fed622894dff215d85b9c2588eb054f80b50 )
User 2 just revealed her value, called (reveal1, 0x72e8bc4b6221ca4f20628ce8830c018a1a95e5072e3496b88a0f3806a773f17a )
User 0 just decided the winner, called (win, 0xe2ba7deb6f188ff0ac1ec879b93856e09a5987570fd94df15adc285c340be204 )
User 1 just joined the lottery, called (join0, 0xcbfa1a259c282bfacb88acb1ea5ae4d7c913cd8b41738f192b4c1103769a3051 )
User 2 just joined in the lottery, called (join1, 0x8519c3d8573e0dfce5c2b7f54966ac0c982eb40600dc618dcaf13f0174d5e938 )
User 1 just committed her value, called (commit0, 0x7caca80f08de39756583e5710d9ebaf94446f0029cfdbde8616b78f8783f25d8 )
User 2 just committed her value, called (commit1, 0xc1ce87be40fc7558a8a794dd56b21a9d761b80196ea74f928941b7bcf553def5 )
User 1 just revealed her value, called (reveal0, 0x407547f8f6e7ec6cb9ab88f61fb97ef11b2de282946d7a13a078d2ebab353c8c )
User 2 just revealed her value, called (reveal1, 0x2e7651420032491512f798093a0c546010614f94af1e8d7ef96c081dabe33a60 )
User 0 just decided the winner, called (win, 0xddff5374f7b96e37cbcb0a7d6d456651ff99bf6e660ffe6ccb8cead3e7225d39 )
