User 1 just joined the lottery, called (join0, 0x9a97fbac25a4f7baf6fdff508264ffc6859e09476c03db81133f9524854a82f5 )
User 2 just joined in the lottery, called (join1, 0x447961fc18df480176a80dc4fe468fa4ac0596ad276b446e7225da564d3d5b35 )
User 1 just committed her value, called (commit0, 0x0f7db4a22df6b55d0b10b8360025b51d1f35e453e0bf35cfeb8d606d6eceb3e1 )
User 2 just committed her value, called (commit1, 0xc6b3734b5da1c1ae96f544564186d815930b0e8b56a5ab8efd3a39b103fb2ca9 )
User 1 just revealed her value, called (reveal0, 0x9062ddf471e4525f48b45190bad6244ae34c102930f30c4cccb6e9eb29a3747a )
User 2 just revealed her value, called (reveal1, 0x2cb8a8b6c0d88f0a9fef7e1b1de89b21b2bf8cd6fc688b98644ae4b916195c16 )
User 0 just decided the winner, called (win, 0x76756fc4854f9f60db93b9e7dadd8555b39a2b7ba8e217b22be5f6edf19de9fb )
User 1 just joined the lottery, called (join0, 0x74c28380016bcd95cbed7ab2eab1adf931ec89ae44820b8583a37c61c2258e08 )
User 2 just joined in the lottery, called (join1, 0xbf5c52e360a38bd9d52e5aa02bdf1f5fe92f437247adddb8e6c7a8103df42ec6 )
User 1 just committed her value, called (commit0, 0xdc697b105a079d0f1a9c2a6f6ad0730c43517f91f0abf4925b619d9891ba1adc )
User 2 just committed her value, called (commit1, 0x4b7772463c6d8f6ff2a34a67a7dbbd27172005af84a049609807e32309f7e1eb )
User 1 just revealed her value, called (reveal0, 0x0811543f15cec33b33e3f1ee0189396a113271e643a1c063cc58dc4915d2eac9 )
User 2 just revealed her value, called (reveal1, 0x17530a01becdd9a4b29c551072c8c1a1794fa79b67f5098b1057da739a8cb0d5 )
User 0 just decided the winner, called (win, 0x0b47c8f727f855ec7ba6dfc6c2e6ebcde63b86ce7943e593b0a47632255bffde )
User 1 just joined the lottery, called (join0, 0x70f9d3b42a68ff5288b35acd663c574904e7b02b004b2462b9907462d05bacc7 )
User 2 just joined in the lottery, called (join1, 0x7b6f455ca179e351f5420f5a479da6eb053bda92e4a87937f06623e5be6477fa )
User 1 just committed her value, called (commit0, 0xb0c640298181360b18530164d1fff4d022a8e8c4c272490ec1769d2198c7b215 )
User 2 just committed her value, called (commit1, 0x12ef960065b9eac84ae932bedee25991ecbc06c7ea7bee8f20e5327985afa17c )
User 1 just revealed her value, called (reveal0, 0x4e38ac03238c5e405fe44d69d515f1251f883099709f4d45a917ba3a66c6fa60 )
User 2 just revealed her value, called (reveal1, 0x574171188116e9219020a25adc1773510671734bbb3f77f37e973f4aa0beaecc )
User 0 just decided the winner, called (win, 0xc4b5da1de3aed6063df351d25602ff4f6d967e3caf5ad8fb9c717b72da87645e )
User 1 just joined the lottery, called (join0, 0x5fe2d8e311696ee94368d6077ba02f16b279122891413fe9e873791edf313e09 )
User 2 just joined in the lottery, called (join1, 0xcb0e9bfa0cd04359a4464ec5f6ef4ebf7d9260d6d49c943be08e8e2cfb2c3214 )
User 1 just committed her value, called (commit0, 0x8a7a6c06396a34973324e01389d03f56b682a69f4bfc7124d5312813b6a3c293 )
User 2 just committed her value, called (commit1, 0xae7625c29770553094cdcec2dcd9519da96fe66b18609abbe61b8f49229be1de )
User 1 just revealed her value, called (reveal0, 0xaeb31ff97e8745a2c8fbbe3fcbebb0824b4d81d8b8d60503b4949586e8333f9d )
User 2 just revealed her value, called (reveal1, 0xf44a27027d98ca102cddc5817e9acc0517bba97fb55ea63d2cf4a6b6353a6c00 )
User 0 just decided the winner, called (win, 0x815f8acf2e57fe26ea0575665a12010705befeae3ea52ab41cc229a6e45aa602 )
User 1 just joined the lottery, called (join0, 0x0aa4aab71f7c84acfe73350c7ea7b7dedd1d1da5df5a888af4ffeb48486cafd5 )
User 2 just joined in the lottery, called (join1, 0xc2eb9c35af1ddebb5f5ce917491628c7729e8e0342a9766c12b191a52ef1167d )
User 1 just committed her value, called (commit0, 0xda81192ae96ee896b5f3b112583236fda8bc88512072afd8d006b8ae13aef287 )
User 2 just committed her value, called (commit1, 0xa600d39902eb8dd7a7b3de4dab3488b5b386b49d427e5f08a4782cd074dadb37 )
User 1 just revealed her value, called (reveal0, 0x78cea83bedaa8859a3a4cb8720fc738148224d441ad86fccc7d66f9877ab170e )
User 2 just revealed her value, called (reveal1, 0x6bc8934786e1f013e86a7b2995a3c0935cf749d5a929e96120303889a08b73a6 )
User 0 just decided the winner, called (win, 0xb6f8a5a968332f13254a059596f178bd883f16d59502c8fcf80445c1abeb295e )
User 1 just joined the lottery, called (join0, 0x838f944032f15a0f96ae8d93484881dae1c03e096b46ac941bf4ff7b5b6d7d3a )
User 2 just joined in the lottery, called (join1, 0xa697074f09dd435388768a87efc3aa2de408457e7a42cfaaa2a3713dfb11d754 )
User 1 just committed her value, called (commit0, 0xc9408a3eb1dc3f0210f2b27ed1f455165bba9998440b4fc2265dc8d66a926dd4 )
User 2 just committed her value, called (commit1, 0xff4ad6fb9057176ba40998332b112f4f44ca7b525d2704e5571910e3e978cfdc )
User 1 just revealed her value, called (reveal0, 0x10db44232eeb09c902ded2e66b51a4d90b789f79085145b84ec1ddc29dc3789b )
User 2 just revealed her value, called (reveal1, 0x25ec3f332e06ed749e6639e97c23c65d2675a3c9f15fdca605736498ffe81e52 )
User 0 just decided the winner, called (win, 0x4224913f5e9ca8d3f45b3ed101bd6d5d07911f6fe629f99cd5f54d0ec821ecb2 )
User 1 just joined the lottery, called (join0, 0xf9f4046be1c41668701adc038151929c6c02fc538efaf8009644873b500ff1dc )
User 2 just joined in the lottery, called (join1, 0x763109eec4ca13b7e817732db7ffde455b1766ed86d4cb026f4281185952c774 )
User 1 just committed her value, called (commit0, 0x46394d2e7a7a437b6dd825d5b3da81b8d41a833b510ea6c31852c2fd5c9628e2 )
User 2 just committed her value, called (commit1, 0x181056ccbee4f8e39aaf4967ef715b0a501f800c20866de8cb976fd6c212cca9 )
User 1 just revealed her value, called (reveal0, 0x0d00213f8ca42892b7a32db3beac5dc21057b8e3aee0f5a992b871ee3eebae34 )
User 2 just revealed her value, called (reveal1, 0x819286915277b534e1d8f09e4587f941dfc29e13bb4b280dd192ad3e1ff7024e )
User 0 just decided the winner, called (win, 0xfbdb1362f103e02052b570f483a1184845765285f34d6e23cc07c144edc9f834 )
User 1 just joined the lottery, called (join0, 0x6274b2648482788c259f86cf96144f173da4ac0b379679f0875c1b79c8081881 )
User 2 just joined in the lottery, called (join1, 0x8d64c31c691fa2233e1d5bed3325199c1b2eaec8ce022a429e93b2c425510659 )
User 1 just committed her value, called (commit0, 0x045a9fc1dd65d69713e6d4314a308dfb943f1589adb7535040872da3a2a97426 )
User 2 just committed her value, called (commit1, 0x112a69d67976c9b9de7d8e08b7822f7a29ebbebcea8b8959e06b30dd758bfcdc )
User 1 just revealed her value, called (reveal0, 0xd564b9d0ae21c27e217746619213b8a4d0d0afba12e7b70dea2a2b7cecd09710 )
User 2 just revealed her value, called (reveal1, 0x21ba9eabad1b6e59b15a917f7ea9be19fa9c2812a2b51f04f54d245350d4b7bd )
User 0 just decided the winner, called (win, 0x2a14c4eeeae6f020221a1ebeb4a2e029758b052464a061a90c27d3f16defa5ce )
User 1 just joined the lottery, called (join0, 0x17d7632e918189e0b8c38947862ad3c56400162dba57033ac7a266e3d6766fa6 )
User 2 just joined in the lottery, called (join1, 0xa683d6c542b320840aba029c9e27009213c6f06a58a2835df4bb07a72f019063 )
User 1 just committed her value, called (commit0, 0x5fa46ea2f6d7e79faf8bea255df6aa686e7055f72e33422084412a742b0809f7 )
User 2 just committed her value, called (commit1, 0xc3591e5e40e3c1115c79329b4461519fa4c3ddcd3471e97c5933e9fa142634ef )
User 1 just revealed her value, called (reveal0, 0x9d319a86ba18130e68b4f27f11ec63129d818ce53a344f55fa1fe9fb88e84489 )
User 2 just revealed her value, called (reveal1, 0x5b79a2a2006b6a31f4b79d868c24e5d77e6d2c84b377eda30c716befc748d2d6 )
User 0 just decided the winner, called (win, 0x2573900d636776f7d3d89b2379b41a2468f2d4d26b918631219ad9232d125014 )
User 1 just joined the lottery, called (join0, 0x68b3bf87ced1ca91d9ff92e1aec8c5c00bd5bf95c8c1d5bd5e035a95a461cae0 )
User 2 just joined in the lottery, called (join1, 0x8d9b366f67aaf67cc2236210611d03537f857a2255a23e743e20b14c46f9c889 )
User 1 just committed her value, called (commit0, 0x2a0821a372f07805acaae1375caf1959296c46cb24e929f014134c3fa82c5bc8 )
User 2 just committed her value, called (commit1, 0xaa43d58321cbaa2636e00c4a50bce523f64a6933d5957e56dcadfa728b17a130 )
User 1 just revealed her value, called (reveal0, 0xc1c6f127344a029b023bf5ffde17f756232abe7e017d2f6c8ff5a1e1f238f9d9 )
User 2 just revealed her value, called (reveal1, 0xafe4df3331a34675adf09f2e567106974d4aea005057025407ad2f9a25acd840 )
User 0 just decided the winner, called (win, 0x50b884ca3c010907785ae91d25c22ea6a044e5a72531cd0ea5817423b485bb70 )
